abcdef
abcdeg
abcdeh
abcdei
abcdej
abcdek
abcdel
abcdem
abcden
abcdfg
abcdfh
abcdfi
abcdfj
abcdfk
abcdfl
abcdfm
abcdfn
abcdgh
abcdgi
abcdgj
abcdgk
abcdgl
abcdgm
abcdgn
abcdhi
abcdhj
abcdhk
abcdhl
abcdhm
abcdhn
abcdij
abcdik
abcdil
abcdim
abcdin
abcdjk
abcdjl
abcdjm
abcdjn
abcdkl
abcdkm
abcdkn
abcdlm
abcdln
abcdmn
abcefg
abcefh
abcefi
abcefj
abcefk
abcefl
abcefm
abcefn
abcegh
abcegi
abcegj
abcegk
abcegl
abcegm
abcegn
abcehi
abcehj
abcehk
abcehl
abcehm
abcehn
abceij
abceik
abceil
abceim
abcein
abcejk
abcejl
abcejm
abcejn
abcekl
abcekm
abcekn
abcelm
abceln
abcemn
abcfgh
abcfgi
abcfgj
abcfgk
abcfgl
abcfgm
abcfgn
abcfhi
abcfhj
abcfhk
abcfhl
abcfhm
abcfhn
abcfij
abcfik
abcfil
abcfim
abcfin
abcfjk
abcfjl
abcfjm
abcfjn
abcfkl
abcfkm
abcfkn
abcflm
abcfln
abcfmn
abcghi
abcghj
abcghk
abcghl
abcghm
abcghn
abcgij
abcgik
abcgil
abcgim
abcgin
abcgjk
abcgjl
abcgjm
abcgjn
abcgkl
abcgkm
abcgkn
abcglm
abcgln
abcgmn
abchij
abchik
abchil
abchim
abchin
abchjk
abchjl
abchjm
abchjn
abchkl
abchkm
abchkn
abchlm
abchln
abchmn
abcijk
abcijl
abcijm
abcijn
abcikl
abcikm
abcikn
abcilm
abciln
abcimn
abcjkl
abcjkm
abcjkn
abcjlm
abcjln
abcjmn
abcklm
abckln
abckmn
abclmn
abdefg
abdefh
abdefi
abdefj
abdefk
abdefl
abdefm
abdefn
abdegh
abdegi
abdegj
abdegk
abdegl
abdegm
abdegn
abdehi
abdehj
abdehk
abdehl
abdehm
abdehn
abdeij
abdeik
abdeil
abdeim
abdein
abdejk
abdejl
abdejm
abdejn
abdekl
abdekm
abdekn
abdelm
abdeln
abdemn
abdfgh
abdfgi
abdfgj
abdfgk
abdfgl
abdfgm
abdfgn
abdfhi
abdfhj
abdfhk
abdfhl
abdfhm
abdfhn
abdfij
abdfik
abdfil
abdfim
abdfin
abdfjk
abdfjl
abdfjm
abdfjn
abdfkl
abdfkm
abdfkn
abdflm
abdfln
abdfmn
abdghi
abdghj
abdghk
abdghl
abdghm
abdghn
abdgij
abdgik
abdgil
abdgim
abdgin
abdgjk
abdgjl
abdgjm
abdgjn
abdgkl
abdgkm
abdgkn
abdglm
abdgln
abdgmn
abdhij
abdhik
abdhil
abdhim
abdhin
abdhjk
abdhjl
abdhjm
abdhjn
abdhkl
abdhkm
abdhkn
abdhlm
abdhln
abdhmn
abdijk
abdijl
abdijm
abdijn
abdikl
abdikm
abdikn
abdilm
abdiln
abdimn
abdjkl
abdjkm
abdjkn
abdjlm
abdjln
abdjmn
abdklm
abdkln
abdkmn
abdlmn
abefgh
abefgi
abefgj
abefgk
abefgl
abefgm
abefgn
abefhi
abefhj
abefhk
abefhl
abefhm
abefhn
abefij
abefik
abefil
abefim
abefin
abefjk
abefjl
abefjm
abefjn
abefkl
abefkm
abefkn
abeflm
abefln
abefmn
abeghi
abeghj
abeghk
abeghl
abeghm
abeghn
abegij
abegik
abegil
abegim
abegin
abegjk
abegjl
abegjm
abegjn
abegkl
abegkm
abegkn
abeglm
abegln
abegmn
abehij
abehik
abehil
abehim
abehin
abehjk
abehjl
abehjm
abehjn
abehkl
abehkm
abehkn
abehlm
abehln
abehmn
abeijk
abeijl
abeijm
abeijn
abeikl
abeikm
abeikn
abeilm
abeiln
abeimn
abejkl
abejkm
abejkn
abejlm
abejln
abejmn
abeklm
abekln
abekmn
abelmn
abfghi
abfghj
abfghk
abfghl
abfghm
abfghn
abfgij
abfgik
abfgil
abfgim
abfgin
abfgjk
abfgjl
abfgjm
abfgjn
abfgkl
abfgkm
abfgkn
abfglm
abfgln
abfgmn
abfhij
abfhik
abfhil
abfhim
abfhin
abfhjk
abfhjl
abfhjm
abfhjn
abfhkl
abfhkm
abfhkn
abfhlm
abfhln
abfhmn
abfijk
abfijl
abfijm
abfijn
abfikl
abfikm
abfikn
abfilm
abfiln
abfimn
abfjkl
abfjkm
abfjkn
abfjlm
abfjln
abfjmn
abfklm
abfkln
abfkmn
abflmn
abghij
abghik
abghil
abghim
abghin
abghjk
abghjl
abghjm
abghjn
abghkl
abghkm
abghkn
abghlm
abghln
abghmn
abgijk
abgijl
abgijm
abgijn
abgikl
abgikm
abgikn
abgilm
abgiln
abgimn
abgjkl
abgjkm
abgjkn
abgjlm
abgjln
abgjmn
abgklm
abgkln
abgkmn
abglmn
abhijk
abhijl
abhijm
abhijn
abhikl
abhikm
abhikn
abhilm
abhiln
abhimn
abhjkl
abhjkm
abhjkn
abhjlm
abhjln
abhjmn
abhklm
abhkln
abhkmn
abhlmn
abijkl
abijkm
abijkn
abijlm
abijln
abijmn
abiklm
abikln
abikmn
abilmn
abjklm
abjkln
abjkmn
abjlmn
abklmn
acdefg
acdefh
acdefi
acdefj
acdefk
acdefl
acdefm
acdefn
acdegh
acdegi
acdegj
acdegk
acdegl
acdegm
acdegn
acdehi
acdehj
acdehk
acdehl
acdehm
acdehn
acdeij
acdeik
acdeil
acdeim
acdein
acdejk
acdejl
acdejm
acdejn
acdekl
acdekm
acdekn
acdelm
acdeln
acdemn
acdfgh
acdfgi
acdfgj
acdfgk
acdfgl
acdfgm
acdfgn
acdfhi
acdfhj
acdfhk
acdfhl
acdfhm
acdfhn
acdfij
acdfik
acdfil
acdfim
acdfin
acdfjk
acdfjl
acdfjm
acdfjn
acdfkl
acdfkm
acdfkn
acdflm
acdfln
acdfmn
acdghi
acdghj
acdghk
acdghl
acdghm
acdghn
acdgij
acdgik
acdgil
acdgim
acdgin
acdgjk
acdgjl
acdgjm
acdgjn
acdgkl
acdgkm
acdgkn
acdglm
acdgln
acdgmn
acdhij
acdhik
acdhil
acdhim
acdhin
acdhjk
acdhjl
acdhjm
acdhjn
acdhkl
acdhkm
acdhkn
acdhlm
acdhln
acdhmn
acdijk
acdijl
acdijm
acdijn
acdikl
acdikm
acdikn
acdilm
acdiln
acdimn
acdjkl
acdjkm
acdjkn
acdjlm
acdjln
acdjmn
acdklm
acdkln
acdkmn
acdlmn
acefgh
acefgi
acefgj
acefgk
acefgl
acefgm
acefgn
acefhi
acefhj
acefhk
acefhl
acefhm
acefhn
acefij
acefik
acefil
acefim
acefin
acefjk
acefjl
acefjm
acefjn
acefkl
acefkm
acefkn
aceflm
acefln
acefmn
aceghi
aceghj
aceghk
aceghl
aceghm
aceghn
acegij
acegik
acegil
acegim
acegin
acegjk
acegjl
acegjm
acegjn
acegkl
acegkm
acegkn
aceglm
acegln
acegmn
acehij
acehik
acehil
acehim
acehin
acehjk
acehjl
acehjm
acehjn
acehkl
acehkm
acehkn
acehlm
acehln
acehmn
aceijk
aceijl
aceijm
aceijn
aceikl
aceikm
aceikn
aceilm
aceiln
aceimn
acejkl
acejkm
acejkn
acejlm
acejln
acejmn
aceklm
acekln
acekmn
acelmn
acfghi
acfghj
acfghk
acfghl
acfghm
acfghn
acfgij
acfgik
acfgil
acfgim
acfgin
acfgjk
acfgjl
acfgjm
acfgjn
acfgkl
acfgkm
acfgkn
acfglm
acfgln
acfgmn
acfhij
acfhik
acfhil
acfhim
acfhin
acfhjk
acfhjl
acfhjm
acfhjn
acfhkl
acfhkm
acfhkn
acfhlm
acfhln
acfhmn
acfijk
acfijl
acfijm
acfijn
acfikl
acfikm
acfikn
acfilm
acfiln
acfimn
acfjkl
acfjkm
acfjkn
acfjlm
acfjln
acfjmn
acfklm
acfkln
acfkmn
acflmn
acghij
acghik
acghil
acghim
acghin
acghjk
acghjl
acghjm
acghjn
acghkl
acghkm
acghkn
acghlm
acghln
acghmn
acgijk
acgijl
acgijm
acgijn
acgikl
acgikm
acgikn
acgilm
acgiln
acgimn
acgjkl
acgjkm
acgjkn
acgjlm
acgjln
acgjmn
acgklm
acgkln
acgkmn
acglmn
achijk
achijl
achijm
achijn
achikl
achikm
achikn
achilm
achiln
achimn
achjkl
achjkm
achjkn
achjlm
achjln
achjmn
achklm
achkln
achkmn
achlmn
acijkl
acijkm
acijkn
acijlm
acijln
acijmn
aciklm
acikln
acikmn
acilmn
acjklm
acjkln
acjkmn
acjlmn
acklmn
adefgh
adefgi
adefgj
adefgk
adefgl
adefgm
adefgn
adefhi
adefhj
adefhk
adefhl
adefhm
adefhn
adefij
adefik
adefil
adefim
adefin
adefjk
adefjl
adefjm
adefjn
adefkl
adefkm
adefkn
adeflm
adefln
adefmn
adeghi
adeghj
adeghk
adeghl
adeghm
adeghn
adegij
adegik
adegil
adegim
adegin
adegjk
adegjl
adegjm
adegjn
adegkl
adegkm
adegkn
adeglm
adegln
adegmn
adehij
adehik
adehil
adehim
adehin
adehjk
adehjl
adehjm
adehjn
adehkl
adehkm
adehkn
adehlm
adehln
adehmn
adeijk
adeijl
adeijm
adeijn
adeikl
adeikm
adeikn
adeilm
adeiln
adeimn
adejkl
adejkm
adejkn
adejlm
adejln
adejmn
adeklm
adekln
adekmn
adelmn
adfghi
adfghj
adfghk
adfghl
adfghm
adfghn
adfgij
adfgik
adfgil
adfgim
adfgin
adfgjk
adfgjl
adfgjm
adfgjn
adfgkl
adfgkm
adfgkn
adfglm
adfgln
adfgmn
adfhij
adfhik
adfhil
adfhim
adfhin
adfhjk
adfhjl
adfhjm
adfhjn
adfhkl
adfhkm
adfhkn
adfhlm
adfhln
adfhmn
adfijk
adfijl
adfijm
adfijn
adfikl
adfikm
adfikn
adfilm
adfiln
adfimn
adfjkl
adfjkm
adfjkn
adfjlm
adfjln
adfjmn
adfklm
adfkln
adfkmn
adflmn
adghij
adghik
adghil
adghim
adghin
adghjk
adghjl
adghjm
adghjn
adghkl
adghkm
adghkn
adghlm
adghln
adghmn
adgijk
adgijl
adgijm
adgijn
adgikl
adgikm
adgikn
adgilm
adgiln
adgimn
adgjkl
adgjkm
adgjkn
adgjlm
adgjln
adgjmn
adgklm
adgkln
adgkmn
adglmn
adhijk
adhijl
adhijm
adhijn
adhikl
adhikm
adhikn
adhilm
adhiln
adhimn
adhjkl
adhjkm
adhjkn
adhjlm
adhjln
adhjmn
adhklm
adhkln
adhkmn
adhlmn
adijkl
adijkm
adijkn
adijlm
adijln
adijmn
adiklm
adikln
adikmn
adilmn
adjklm
adjkln
adjkmn
adjlmn
adklmn
aefghi
aefghj
aefghk
aefghl
aefghm
aefghn
aefgij
aefgik
aefgil
aefgim
aefgin
aefgjk
aefgjl
aefgjm
aefgjn
aefgkl
aefgkm
aefgkn
aefglm
aefgln
aefgmn
aefhij
aefhik
aefhil
aefhim
aefhin
aefhjk
aefhjl
aefhjm
aefhjn
aefhkl
aefhkm
aefhkn
aefhlm
aefhln
aefhmn
aefijk
aefijl
aefijm
aefijn
aefikl
aefikm
aefikn
aefilm
aefiln
aefimn
aefjkl
aefjkm
aefjkn
aefjlm
aefjln
aefjmn
aefklm
aefkln
aefkmn
aeflmn
aeghij
aeghik
aeghil
aeghim
aeghin
aeghjk
aeghjl
aeghjm
aeghjn
aeghkl
aeghkm
aeghkn
aeghlm
aeghln
aeghmn
aegijk
aegijl
aegijm
aegijn
aegikl
aegikm
aegikn
aegilm
aegiln
aegimn
aegjkl
aegjkm
aegjkn
aegjlm
aegjln
aegjmn
aegklm
aegkln
aegkmn
aeglmn
aehijk
aehijl
aehijm
aehijn
aehikl
aehikm
aehikn
aehilm
aehiln
aehimn
aehjkl
aehjkm
aehjkn
aehjlm
aehjln
aehjmn
aehklm
aehkln
aehkmn
aehlmn
aeijkl
aeijkm
aeijkn
aeijlm
aeijln
aeijmn
aeiklm
aeikln
aeikmn
aeilmn
aejklm
aejkln
aejkmn
aejlmn
aeklmn
afghij
afghik
afghil
afghim
afghin
afghjk
afghjl
afghjm
afghjn
afghkl
afghkm
afghkn
afghlm
afghln
afghmn
afgijk
afgijl
afgijm
afgijn
afgikl
afgikm
afgikn
afgilm
afgiln
afgimn
afgjkl
afgjkm
afgjkn
afgjlm
afgjln
afgjmn
afgklm
afgkln
afgkmn
afglmn
afhijk
afhijl
afhijm
afhijn
afhikl
afhikm
afhikn
afhilm
afhiln
afhimn
afhjkl
afhjkm
afhjkn
afhjlm
afhjln
afhjmn
afhklm
afhkln
afhkmn
afhlmn
afijkl
afijkm
afijkn
afijlm
afijln
afijmn
afiklm
afikln
afikmn
afilmn
afjklm
afjkln
afjkmn
afjlmn
afklmn
aghijk
aghijl
aghijm
aghijn
aghikl
aghikm
aghikn
aghilm
aghiln
aghimn
aghjkl
aghjkm
aghjkn
aghjlm
aghjln
aghjmn
aghklm
aghkln
aghkmn
aghlmn
agijkl
agijkm
agijkn
agijlm
agijln
agijmn
agiklm
agikln
agikmn
agilmn
agjklm
agjkln
agjkmn
agjlmn
agklmn
ahijkl
ahijkm
ahijkn
ahijlm
ahijln
ahijmn
ahiklm
ahikln
ahikmn
ahilmn
ahjklm
ahjkln
ahjkmn
ahjlmn
ahklmn
aijklm
aijkln
aijkmn
aijlmn
aiklmn
ajklmn
bcdefg
bcdefh
bcdefi
bcdefj
bcdefk
bcdefl
bcdefm
bcdefn
bcdegh
bcdegi
bcdegj
bcdegk
bcdegl
bcdegm
bcdegn
bcdehi
bcdehj
bcdehk
bcdehl
bcdehm
bcdehn
bcdeij
bcdeik
bcdeil
bcdeim
bcdein
bcdejk
bcdejl
bcdejm
bcdejn
bcdekl
bcdekm
bcdekn
bcdelm
bcdeln
bcdemn
bcdfgh
bcdfgi
bcdfgj
bcdfgk
bcdfgl
bcdfgm
bcdfgn
bcdfhi
bcdfhj
bcdfhk
bcdfhl
bcdfhm
bcdfhn
bcdfij
bcdfik
bcdfil
bcdfim
bcdfin
bcdfjk
bcdfjl
bcdfjm
bcdfjn
bcdfkl
bcdfkm
bcdfkn
bcdflm
bcdfln
bcdfmn
bcdghi
bcdghj
bcdghk
bcdghl
bcdghm
bcdghn
bcdgij
bcdgik
bcdgil
bcdgim
bcdgin
bcdgjk
bcdgjl
bcdgjm
bcdgjn
bcdgkl
bcdgkm
bcdgkn
bcdglm
bcdgln
bcdgmn
bcdhij
bcdhik
bcdhil
bcdhim
bcdhin
bcdhjk
bcdhjl
bcdhjm
bcdhjn
bcdhkl
bcdhkm
bcdhkn
bcdhlm
bcdhln
bcdhmn
bcdijk
bcdijl
bcdijm
bcdijn
bcdikl
bcdikm
bcdikn
bcdilm
bcdiln
bcdimn
bcdjkl
bcdjkm
bcdjkn
bcdjlm
bcdjln
bcdjmn
bcdklm
bcdkln
bcdkmn
bcdlmn
bcefgh
bcefgi
bcefgj
bcefgk
bcefgl
bcefgm
bcefgn
bcefhi
bcefhj
bcefhk
bcefhl
bcefhm
bcefhn
bcefij
bcefik
bcefil
bcefim
bcefin
bcefjk
bcefjl
bcefjm
bcefjn
bcefkl
bcefkm
bcefkn
bceflm
bcefln
bcefmn
bceghi
bceghj
bceghk
bceghl
bceghm
bceghn
bcegij
bcegik
bcegil
bcegim
bcegin
bcegjk
bcegjl
bcegjm
bcegjn
bcegkl
bcegkm
bcegkn
bceglm
bcegln
bcegmn
bcehij
bcehik
bcehil
bcehim
bcehin
bcehjk
bcehjl
bcehjm
bcehjn
bcehkl
bcehkm
bcehkn
bcehlm
bcehln
bcehmn
bceijk
bceijl
bceijm
bceijn
bceikl
bceikm
bceikn
bceilm
bceiln
bceimn
bcejkl
bcejkm
bcejkn
bcejlm
bcejln
bcejmn
bceklm
bcekln
bcekmn
bcelmn
bcfghi
bcfghj
bcfghk
bcfghl
bcfghm
bcfghn
bcfgij
bcfgik
bcfgil
bcfgim
bcfgin
bcfgjk
bcfgjl
bcfgjm
bcfgjn
bcfgkl
bcfgkm
bcfgkn
bcfglm
bcfgln
bcfgmn
bcfhij
bcfhik
bcfhil
bcfhim
bcfhin
bcfhjk
bcfhjl
bcfhjm
bcfhjn
bcfhkl
bcfhkm
bcfhkn
bcfhlm
bcfhln
bcfhmn
bcfijk
bcfijl
bcfijm
bcfijn
bcfikl
bcfikm
bcfikn
bcfilm
bcfiln
bcfimn
bcfjkl
bcfjkm
bcfjkn
bcfjlm
bcfjln
bcfjmn
bcfklm
bcfkln
bcfkmn
bcflmn
bcghij
bcghik
bcghil
bcghim
bcghin
bcghjk
bcghjl
bcghjm
bcghjn
bcghkl
bcghkm
bcghkn
bcghlm
bcghln
bcghmn
bcgijk
bcgijl
bcgijm
bcgijn
bcgikl
bcgikm
bcgikn
bcgilm
bcgiln
bcgimn
bcgjkl
bcgjkm
bcgjkn
bcgjlm
bcgjln
bcgjmn
bcgklm
bcgkln
bcgkmn
bcglmn
bchijk
bchijl
bchijm
bchijn
bchikl
bchikm
bchikn
bchilm
bchiln
bchimn
bchjkl
bchjkm
bchjkn
bchjlm
bchjln
bchjmn
bchklm
bchkln
bchkmn
bchlmn
bcijkl
bcijkm
bcijkn
bcijlm
bcijln
bcijmn
bciklm
bcikln
bcikmn
bcilmn
bcjklm
bcjkln
bcjkmn
bcjlmn
bcklmn
bdefgh
bdefgi
bdefgj
bdefgk
bdefgl
bdefgm
bdefgn
bdefhi
bdefhj
bdefhk
bdefhl
bdefhm
bdefhn
bdefij
bdefik
bdefil
bdefim
bdefin
bdefjk
bdefjl
bdefjm
bdefjn
bdefkl
bdefkm
bdefkn
bdeflm
bdefln
bdefmn
bdeghi
bdeghj
bdeghk
bdeghl
bdeghm
bdeghn
bdegij
bdegik
bdegil
bdegim
bdegin
bdegjk
bdegjl
bdegjm
bdegjn
bdegkl
bdegkm
bdegkn
bdeglm
bdegln
bdegmn
bdehij
bdehik
bdehil
bdehim
bdehin
bdehjk
bdehjl
bdehjm
bdehjn
bdehkl
bdehkm
bdehkn
bdehlm
bdehln
bdehmn
bdeijk
bdeijl
bdeijm
bdeijn
bdeikl
bdeikm
bdeikn
bdeilm
bdeiln
bdeimn
bdejkl
bdejkm
bdejkn
bdejlm
bdejln
bdejmn
bdeklm
bdekln
bdekmn
bdelmn
bdfghi
bdfghj
bdfghk
bdfghl
bdfghm
bdfghn
bdfgij
bdfgik
bdfgil
bdfgim
bdfgin
bdfgjk
bdfgjl
bdfgjm
bdfgjn
bdfgkl
bdfgkm
bdfgkn
bdfglm
bdfgln
bdfgmn
bdfhij
bdfhik
bdfhil
bdfhim
bdfhin
bdfhjk
bdfhjl
bdfhjm
bdfhjn
bdfhkl
bdfhkm
bdfhkn
bdfhlm
bdfhln
bdfhmn
bdfijk
bdfijl
bdfijm
bdfijn
bdfikl
bdfikm
bdfikn
bdfilm
bdfiln
bdfimn
bdfjkl
bdfjkm
bdfjkn
bdfjlm
bdfjln
bdfjmn
bdfklm
bdfkln
bdfkmn
bdflmn
bdghij
bdghik
bdghil
bdghim
bdghin
bdghjk
bdghjl
bdghjm
bdghjn
bdghkl
bdghkm
bdghkn
bdghlm
bdghln
bdghmn
bdgijk
bdgijl
bdgijm
bdgijn
bdgikl
bdgikm
bdgikn
bdgilm
bdgiln
bdgimn
bdgjkl
bdgjkm
bdgjkn
bdgjlm
bdgjln
bdgjmn
bdgklm
bdgkln
bdgkmn
bdglmn
bdhijk
bdhijl
bdhijm
bdhijn
bdhikl
bdhikm
bdhikn
bdhilm
bdhiln
bdhimn
bdhjkl
bdhjkm
bdhjkn
bdhjlm
bdhjln
bdhjmn
bdhklm
bdhkln
bdhkmn
bdhlmn
bdijkl
bdijkm
bdijkn
bdijlm
bdijln
bdijmn
bdiklm
bdikln
bdikmn
bdilmn
bdjklm
bdjkln
bdjkmn
bdjlmn
bdklmn
befghi
befghj
befghk
befghl
befghm
befghn
befgij
befgik
befgil
befgim
befgin
befgjk
befgjl
befgjm
befgjn
befgkl
befgkm
befgkn
befglm
befgln
befgmn
befhij
befhik
befhil
befhim
befhin
befhjk
befhjl
befhjm
befhjn
befhkl
befhkm
befhkn
befhlm
befhln
befhmn
befijk
befijl
befijm
befijn
befikl
befikm
befikn
befilm
befiln
befimn
befjkl
befjkm
befjkn
befjlm
befjln
befjmn
befklm
befkln
befkmn
beflmn
beghij
beghik
beghil
beghim
beghin
beghjk
beghjl
beghjm
beghjn
beghkl
beghkm
beghkn
beghlm
beghln
beghmn
begijk
begijl
begijm
begijn
begikl
begikm
begikn
begilm
begiln
begimn
begjkl
begjkm
begjkn
begjlm
begjln
begjmn
begklm
begkln
begkmn
beglmn
behijk
behijl
behijm
behijn
behikl
behikm
behikn
behilm
behiln
behimn
behjkl
behjkm
behjkn
behjlm
behjln
behjmn
behklm
behkln
behkmn
behlmn
beijkl
beijkm
beijkn
beijlm
beijln
beijmn
beiklm
beikln
beikmn
beilmn
bejklm
bejkln
bejkmn
bejlmn
beklmn
bfghij
bfghik
bfghil
bfghim
bfghin
bfghjk
bfghjl
bfghjm
bfghjn
bfghkl
bfghkm
bfghkn
bfghlm
bfghln
bfghmn
bfgijk
bfgijl
bfgijm
bfgijn
bfgikl
bfgikm
bfgikn
bfgilm
bfgiln
bfgimn
bfgjkl
bfgjkm
bfgjkn
bfgjlm
bfgjln
bfgjmn
bfgklm
bfgkln
bfgkmn
bfglmn
bfhijk
bfhijl
bfhijm
bfhijn
bfhikl
bfhikm
bfhikn
bfhilm
bfhiln
bfhimn
bfhjkl
bfhjkm
bfhjkn
bfhjlm
bfhjln
bfhjmn
bfhklm
bfhkln
bfhkmn
bfhlmn
bfijkl
bfijkm
bfijkn
bfijlm
bfijln
bfijmn
bfiklm
bfikln
bfikmn
bfilmn
bfjklm
bfjkln
bfjkmn
bfjlmn
bfklmn
bghijk
bghijl
bghijm
bghijn
bghikl
bghikm
bghikn
bghilm
bghiln
bghimn
bghjkl
bghjkm
bghjkn
bghjlm
bghjln
bghjmn
bghklm
bghkln
bghkmn
bghlmn
bgijkl
bgijkm
bgijkn
bgijlm
bgijln
bgijmn
bgiklm
bgikln
bgikmn
bgilmn
bgjklm
bgjkln
bgjkmn
bgjlmn
bgklmn
bhijkl
bhijkm
bhijkn
bhijlm
bhijln
bhijmn
bhiklm
bhikln
bhikmn
bhilmn
bhjklm
bhjkln
bhjkmn
bhjlmn
bhklmn
bijklm
bijkln
bijkmn
bijlmn
biklmn
bjklmn
cdefgh
cdefgi
cdefgj
cdefgk
cdefgl
cdefgm
cdefgn
cdefhi
cdefhj
cdefhk
cdefhl
cdefhm
cdefhn
cdefij
cdefik
cdefil
cdefim
cdefin
cdefjk
cdefjl
cdefjm
cdefjn
cdefkl
cdefkm
cdefkn
cdeflm
cdefln
cdefmn
cdeghi
cdeghj
cdeghk
cdeghl
cdeghm
cdeghn
cdegij
cdegik
cdegil
cdegim
cdegin
cdegjk
cdegjl
cdegjm
cdegjn
cdegkl
cdegkm
cdegkn
cdeglm
cdegln
cdegmn
cdehij
cdehik
cdehil
cdehim
cdehin
cdehjk
cdehjl
cdehjm
cdehjn
cdehkl
cdehkm
cdehkn
cdehlm
cdehln
cdehmn
cdeijk
cdeijl
cdeijm
cdeijn
cdeikl
cdeikm
cdeikn
cdeilm
cdeiln
cdeimn
cdejkl
cdejkm
cdejkn
cdejlm
cdejln
cdejmn
cdeklm
cdekln
cdekmn
cdelmn
cdfghi
cdfghj
cdfghk
cdfghl
cdfghm
cdfghn
cdfgij
cdfgik
cdfgil
cdfgim
cdfgin
cdfgjk
cdfgjl
cdfgjm
cdfgjn
cdfgkl
cdfgkm
cdfgkn
cdfglm
cdfgln
cdfgmn
cdfhij
cdfhik
cdfhil
cdfhim
cdfhin
cdfhjk
cdfhjl
cdfhjm
cdfhjn
cdfhkl
cdfhkm
cdfhkn
cdfhlm
cdfhln
cdfhmn
cdfijk
cdfijl
cdfijm
cdfijn
cdfikl
cdfikm
cdfikn
cdfilm
cdfiln
cdfimn
cdfjkl
cdfjkm
cdfjkn
cdfjlm
cdfjln
cdfjmn
cdfklm
cdfkln
cdfkmn
cdflmn
cdghij
cdghik
cdghil
cdghim
cdghin
cdghjk
cdghjl
cdghjm
cdghjn
cdghkl
cdghkm
cdghkn
cdghlm
cdghln
cdghmn
cdgijk
cdgijl
cdgijm
cdgijn
cdgikl
cdgikm
cdgikn
cdgilm
cdgiln
cdgimn
cdgjkl
cdgjkm
cdgjkn
cdgjlm
cdgjln
cdgjmn
cdgklm
cdgkln
cdgkmn
cdglmn
cdhijk
cdhijl
cdhijm
cdhijn
cdhikl
cdhikm
cdhikn
cdhilm
cdhiln
cdhimn
cdhjkl
cdhjkm
cdhjkn
cdhjlm
cdhjln
cdhjmn
cdhklm
cdhkln
cdhkmn
cdhlmn
cdijkl
cdijkm
cdijkn
cdijlm
cdijln
cdijmn
cdiklm
cdikln
cdikmn
cdilmn
cdjklm
cdjkln
cdjkmn
cdjlmn
cdklmn
cefghi
cefghj
cefghk
cefghl
cefghm
cefghn
cefgij
cefgik
cefgil
cefgim
cefgin
cefgjk
cefgjl
cefgjm
cefgjn
cefgkl
cefgkm
cefgkn
cefglm
cefgln
cefgmn
cefhij
cefhik
cefhil
cefhim
cefhin
cefhjk
cefhjl
cefhjm
cefhjn
cefhkl
cefhkm
cefhkn
cefhlm
cefhln
cefhmn
cefijk
cefijl
cefijm
cefijn
cefikl
cefikm
cefikn
cefilm
cefiln
cefimn
cefjkl
cefjkm
cefjkn
cefjlm
cefjln
cefjmn
cefklm
cefkln
cefkmn
ceflmn
ceghij
ceghik
ceghil
ceghim
ceghin
ceghjk
ceghjl
ceghjm
ceghjn
ceghkl
ceghkm
ceghkn
ceghlm
ceghln
ceghmn
cegijk
cegijl
cegijm
cegijn
cegikl
cegikm
cegikn
cegilm
cegiln
cegimn
cegjkl
cegjkm
cegjkn
cegjlm
cegjln
cegjmn
cegklm
cegkln
cegkmn
ceglmn
cehijk
cehijl
cehijm
cehijn
cehikl
cehikm
cehikn
cehilm
cehiln
cehimn
cehjkl
cehjkm
cehjkn
cehjlm
cehjln
cehjmn
cehklm
cehkln
cehkmn
cehlmn
ceijkl
ceijkm
ceijkn
ceijlm
ceijln
ceijmn
ceiklm
ceikln
ceikmn
ceilmn
cejklm
cejkln
cejkmn
cejlmn
ceklmn
cfghij
cfghik
cfghil
cfghim
cfghin
cfghjk
cfghjl
cfghjm
cfghjn
cfghkl
cfghkm
cfghkn
cfghlm
cfghln
cfghmn
cfgijk
cfgijl
cfgijm
cfgijn
cfgikl
cfgikm
cfgikn
cfgilm
cfgiln
cfgimn
cfgjkl
cfgjkm
cfgjkn
cfgjlm
cfgjln
cfgjmn
cfgklm
cfgkln
cfgkmn
cfglmn
cfhijk
cfhijl
cfhijm
cfhijn
cfhikl
cfhikm
cfhikn
cfhilm
cfhiln
cfhimn
cfhjkl
cfhjkm
cfhjkn
cfhjlm
cfhjln
cfhjmn
cfhklm
cfhkln
cfhkmn
cfhlmn
cfijkl
cfijkm
cfijkn
cfijlm
cfijln
cfijmn
cfiklm
cfikln
cfikmn
cfilmn
cfjklm
cfjkln
cfjkmn
cfjlmn
cfklmn
cghijk
cghijl
cghijm
cghijn
cghikl
cghikm
cghikn
cghilm
cghiln
cghimn
cghjkl
cghjkm
cghjkn
cghjlm
cghjln
cghjmn
cghklm
cghkln
cghkmn
cghlmn
cgijkl
cgijkm
cgijkn
cgijlm
cgijln
cgijmn
cgiklm
cgikln
cgikmn
cgilmn
cgjklm
cgjkln
cgjkmn
cgjlmn
cgklmn
chijkl
chijkm
chijkn
chijlm
chijln
chijmn
chiklm
chikln
chikmn
chilmn
chjklm
chjkln
chjkmn
chjlmn
chklmn
cijklm
cijkln
cijkmn
cijlmn
ciklmn
cjklmn
defghi
defghj
defghk
defghl
defghm
defghn
defgij
defgik
defgil
defgim
defgin
defgjk
defgjl
defgjm
defgjn
defgkl
defgkm
defgkn
defglm
defgln
defgmn
defhij
defhik
defhil
defhim
defhin
defhjk
defhjl
defhjm
defhjn
defhkl
defhkm
defhkn
defhlm
defhln
defhmn
defijk
defijl
defijm
defijn
defikl
defikm
defikn
defilm
defiln
defimn
defjkl
defjkm
defjkn
defjlm
defjln
defjmn
defklm
defkln
defkmn
deflmn
deghij
deghik
deghil
deghim
deghin
deghjk
deghjl
deghjm
deghjn
deghkl
deghkm
deghkn
deghlm
deghln
deghmn
degijk
degijl
degijm
degijn
degikl
degikm
degikn
degilm
degiln
degimn
degjkl
degjkm
degjkn
degjlm
degjln
degjmn
degklm
degkln
degkmn
deglmn
dehijk
dehijl
dehijm
dehijn
dehikl
dehikm
dehikn
dehilm
dehiln
dehimn
dehjkl
dehjkm
dehjkn
dehjlm
dehjln
dehjmn
dehklm
dehkln
dehkmn
dehlmn
deijkl
deijkm
deijkn
deijlm
deijln
deijmn
deiklm
deikln
deikmn
deilmn
dejklm
dejkln
dejkmn
dejlmn
deklmn
dfghij
dfghik
dfghil
dfghim
dfghin
dfghjk
dfghjl
dfghjm
dfghjn
dfghkl
dfghkm
dfghkn
dfghlm
dfghln
dfghmn
dfgijk
dfgijl
dfgijm
dfgijn
dfgikl
dfgikm
dfgikn
dfgilm
dfgiln
dfgimn
dfgjkl
dfgjkm
dfgjkn
dfgjlm
dfgjln
dfgjmn
dfgklm
dfgkln
dfgkmn
dfglmn
dfhijk
dfhijl
dfhijm
dfhijn
dfhikl
dfhikm
dfhikn
dfhilm
dfhiln
dfhimn
dfhjkl
dfhjkm
dfhjkn
dfhjlm
dfhjln
dfhjmn
dfhklm
dfhkln
dfhkmn
dfhlmn
dfijkl
dfijkm
dfijkn
dfijlm
dfijln
dfijmn
dfiklm
dfikln
dfikmn
dfilmn
dfjklm
dfjkln
dfjkmn
dfjlmn
dfklmn
dghijk
dghijl
dghijm
dghijn
dghikl
dghikm
dghikn
dghilm
dghiln
dghimn
dghjkl
dghjkm
dghjkn
dghjlm
dghjln
dghjmn
dghklm
dghkln
dghkmn
dghlmn
dgijkl
dgijkm
dgijkn
dgijlm
dgijln
dgijmn
dgiklm
dgikln
dgikmn
dgilmn
dgjklm
dgjkln
dgjkmn
dgjlmn
dgklmn
dhijkl
dhijkm
dhijkn
dhijlm
dhijln
dhijmn
dhiklm
dhikln
dhikmn
dhilmn
dhjklm
dhjkln
dhjkmn
dhjlmn
dhklmn
dijklm
dijkln
dijkmn
dijlmn
diklmn
djklmn
efghij
efghik
efghil
efghim
efghin
efghjk
efghjl
efghjm
efghjn
efghkl
efghkm
efghkn
efghlm
efghln
efghmn
efgijk
efgijl
efgijm
efgijn
efgikl
efgikm
efgikn
efgilm
efgiln
efgimn
efgjkl
efgjkm
efgjkn
efgjlm
efgjln
efgjmn
efgklm
efgkln
efgkmn
efglmn
efhijk
efhijl
efhijm
efhijn
efhikl
efhikm
efhikn
efhilm
efhiln
efhimn
efhjkl
efhjkm
efhjkn
efhjlm
efhjln
efhjmn
efhklm
efhkln
efhkmn
efhlmn
efijkl
efijkm
efijkn
efijlm
efijln
efijmn
efiklm
efikln
efikmn
efilmn
efjklm
efjkln
efjkmn
efjlmn
efklmn
eghijk
eghijl
eghijm
eghijn
eghikl
eghikm
eghikn
eghilm
eghiln
eghimn
eghjkl
eghjkm
eghjkn
eghjlm
eghjln
eghjmn
eghklm
eghkln
eghkmn
eghlmn
egijkl
egijkm
egijkn
egijlm
egijln
egijmn
egiklm
egikln
egikmn
egilmn
egjklm
egjkln
egjkmn
egjlmn
egklmn
ehijkl
ehijkm
ehijkn
ehijlm
ehijln
ehijmn
ehiklm
ehikln
ehikmn
ehilmn
ehjklm
ehjkln
ehjkmn
ehjlmn
ehklmn
eijklm
eijkln
eijkmn
eijlmn
eiklmn
ejklmn
fghijk
fghijl
fghijm
fghijn
fghikl
fghikm
fghikn
fghilm
fghiln
fghimn
fghjkl
fghjkm
fghjkn
fghjlm
fghjln
fghjmn
fghklm
fghkln
fghkmn
fghlmn
fgijkl
fgijkm
fgijkn
fgijlm
fgijln
fgijmn
fgiklm
fgikln
fgikmn
fgilmn
fgjklm
fgjkln
fgjkmn
fgjlmn
fgklmn
fhijkl
fhijkm
fhijkn
fhijlm
fhijln
fhijmn
fhiklm
fhikln
fhikmn
fhilmn
fhjklm
fhjkln
fhjkmn
fhjlmn
fhklmn
fijklm
fijkln
fijkmn
fijlmn
fiklmn
fjklmn
ghijkl
ghijkm
ghijkn
ghijlm
ghijln
ghijmn
ghiklm
ghikln
ghikmn
ghilmn
ghjklm
ghjkln
ghjkmn
ghjlmn
ghklmn
gijklm
gijkln
gijkmn
gijlmn
giklmn
gjklmn
hijklm
hijkln
hijkmn
hijlmn
hiklmn
hjklmn
ijklmn
