abcdef
abcdeg
abcdeh
abcdei
abcdej
abcdek
abcdel
abcdem
abcden
abcdeo
abcdfg
abcdfh
abcdfi
abcdfj
abcdfk
abcdfl
abcdfm
abcdfn
abcdfo
abcdgh
abcdgi
abcdgj
abcdgk
abcdgl
abcdgm
abcdgn
abcdgo
abcdhi
abcdhj
abcdhk
abcdhl
abcdhm
abcdhn
abcdho
abcdij
abcdik
abcdil
abcdim
abcdin
abcdio
abcdjk
abcdjl
abcdjm
abcdjn
abcdjo
abcdkl
abcdkm
abcdkn
abcdko
abcdlm
abcdln
abcdlo
abcdmn
abcdmo
abcdno
abcefg
abcefh
abcefi
abcefj
abcefk
abcefl
abcefm
abcefn
abcefo
abcegh
abcegi
abcegj
abcegk
abcegl
abcegm
abcegn
abcego
abcehi
abcehj
abcehk
abcehl
abcehm
abcehn
abceho
abceij
abceik
abceil
abceim
abcein
abceio
abcejk
abcejl
abcejm
abcejn
abcejo
abcekl
abcekm
abcekn
abceko
abcelm
abceln
abcelo
abcemn
abcemo
abceno
abcfgh
abcfgi
abcfgj
abcfgk
abcfgl
abcfgm
abcfgn
abcfgo
abcfhi
abcfhj
abcfhk
abcfhl
abcfhm
abcfhn
abcfho
abcfij
abcfik
abcfil
abcfim
abcfin
abcfio
abcfjk
abcfjl
abcfjm
abcfjn
abcfjo
abcfkl
abcfkm
abcfkn
abcfko
abcflm
abcfln
abcflo
abcfmn
abcfmo
abcfno
abcghi
abcghj
abcghk
abcghl
abcghm
abcghn
abcgho
abcgij
abcgik
abcgil
abcgim
abcgin
abcgio
abcgjk
abcgjl
abcgjm
abcgjn
abcgjo
abcgkl
abcgkm
abcgkn
abcgko
abcglm
abcgln
abcglo
abcgmn
abcgmo
abcgno
abchij
abchik
abchil
abchim
abchin
abchio
abchjk
abchjl
abchjm
abchjn
abchjo
abchkl
abchkm
abchkn
abchko
abchlm
abchln
abchlo
abchmn
abchmo
abchno
abcijk
abcijl
abcijm
abcijn
abcijo
abcikl
abcikm
abcikn
abciko
abcilm
abciln
abcilo
abcimn
abcimo
abcino
abcjkl
abcjkm
abcjkn
abcjko
abcjlm
abcjln
abcjlo
abcjmn
abcjmo
abcjno
abcklm
abckln
abcklo
abckmn
abckmo
abckno
abclmn
abclmo
abclno
abcmno
abdefg
abdefh
abdefi
abdefj
abdefk
abdefl
abdefm
abdefn
abdefo
abdegh
abdegi
abdegj
abdegk
abdegl
abdegm
abdegn
abdego
abdehi
abdehj
abdehk
abdehl
abdehm
abdehn
abdeho
abdeij
abdeik
abdeil
abdeim
abdein
abdeio
abdejk
abdejl
abdejm
abdejn
abdejo
abdekl
abdekm
abdekn
abdeko
abdelm
abdeln
abdelo
abdemn
abdemo
abdeno
abdfgh
abdfgi
abdfgj
abdfgk
abdfgl
abdfgm
abdfgn
abdfgo
abdfhi
abdfhj
abdfhk
abdfhl
abdfhm
abdfhn
abdfho
abdfij
abdfik
abdfil
abdfim
abdfin
abdfio
abdfjk
abdfjl
abdfjm
abdfjn
abdfjo
abdfkl
abdfkm
abdfkn
abdfko
abdflm
abdfln
abdflo
abdfmn
abdfmo
abdfno
abdghi
abdghj
abdghk
abdghl
abdghm
abdghn
abdgho
abdgij
abdgik
abdgil
abdgim
abdgin
abdgio
abdgjk
abdgjl
abdgjm
abdgjn
abdgjo
abdgkl
abdgkm
abdgkn
abdgko
abdglm
abdgln
abdglo
abdgmn
abdgmo
abdgno
abdhij
abdhik
abdhil
abdhim
abdhin
abdhio
abdhjk
abdhjl
abdhjm
abdhjn
abdhjo
abdhkl
abdhkm
abdhkn
abdhko
abdhlm
abdhln
abdhlo
abdhmn
abdhmo
abdhno
abdijk
abdijl
abdijm
abdijn
abdijo
abdikl
abdikm
abdikn
abdiko
abdilm
abdiln
abdilo
abdimn
abdimo
abdino
abdjkl
abdjkm
abdjkn
abdjko
abdjlm
abdjln
abdjlo
abdjmn
abdjmo
abdjno
abdklm
abdkln
abdklo
abdkmn
abdkmo
abdkno
abdlmn
abdlmo
abdlno
abdmno
abefgh
abefgi
abefgj
abefgk
abefgl
abefgm
abefgn
abefgo
abefhi
abefhj
abefhk
abefhl
abefhm
abefhn
abefho
abefij
abefik
abefil
abefim
abefin
abefio
abefjk
abefjl
abefjm
abefjn
abefjo
abefkl
abefkm
abefkn
abefko
abeflm
abefln
abeflo
abefmn
abefmo
abefno
abeghi
abeghj
abeghk
abeghl
abeghm
abeghn
abegho
abegij
abegik
abegil
abegim
abegin
abegio
abegjk
abegjl
abegjm
abegjn
abegjo
abegkl
abegkm
abegkn
abegko
abeglm
abegln
abeglo
abegmn
abegmo
abegno
abehij
abehik
abehil
abehim
abehin
abehio
abehjk
abehjl
abehjm
abehjn
abehjo
abehkl
abehkm
abehkn
abehko
abehlm
abehln
abehlo
abehmn
abehmo
abehno
abeijk
abeijl
abeijm
abeijn
abeijo
abeikl
abeikm
abeikn
abeiko
abeilm
abeiln
abeilo
abeimn
abeimo
abeino
abejkl
abejkm
abejkn
abejko
abejlm
abejln
abejlo
abejmn
abejmo
abejno
abeklm
abekln
abeklo
abekmn
abekmo
abekno
abelmn
abelmo
abelno
abemno
abfghi
abfghj
abfghk
abfghl
abfghm
abfghn
abfgho
abfgij
abfgik
abfgil
abfgim
abfgin
abfgio
abfgjk
abfgjl
abfgjm
abfgjn
abfgjo
abfgkl
abfgkm
abfgkn
abfgko
abfglm
abfgln
abfglo
abfgmn
abfgmo
abfgno
abfhij
abfhik
abfhil
abfhim
abfhin
abfhio
abfhjk
abfhjl
abfhjm
abfhjn
abfhjo
abfhkl
abfhkm
abfhkn
abfhko
abfhlm
abfhln
abfhlo
abfhmn
abfhmo
abfhno
abfijk
abfijl
abfijm
abfijn
abfijo
abfikl
abfikm
abfikn
abfiko
abfilm
abfiln
abfilo
abfimn
abfimo
abfino
abfjkl
abfjkm
abfjkn
abfjko
abfjlm
abfjln
abfjlo
abfjmn
abfjmo
abfjno
abfklm
abfkln
abfklo
abfkmn
abfkmo
abfkno
abflmn
abflmo
abflno
abfmno
abghij
abghik
abghil
abghim
abghin
abghio
abghjk
abghjl
abghjm
abghjn
abghjo
abghkl
abghkm
abghkn
abghko
abghlm
abghln
abghlo
abghmn
abghmo
abghno
abgijk
abgijl
abgijm
abgijn
abgijo
abgikl
abgikm
abgikn
abgiko
abgilm
abgiln
abgilo
abgimn
abgimo
abgino
abgjkl
abgjkm
abgjkn
abgjko
abgjlm
abgjln
abgjlo
abgjmn
abgjmo
abgjno
abgklm
abgkln
abgklo
abgkmn
abgkmo
abgkno
abglmn
abglmo
abglno
abgmno
abhijk
abhijl
abhijm
abhijn
abhijo
abhikl
abhikm
abhikn
abhiko
abhilm
abhiln
abhilo
abhimn
abhimo
abhino
abhjkl
abhjkm
abhjkn
abhjko
abhjlm
abhjln
abhjlo
abhjmn
abhjmo
abhjno
abhklm
abhkln
abhklo
abhkmn
abhkmo
abhkno
abhlmn
abhlmo
abhlno
abhmno
abijkl
abijkm
abijkn
abijko
abijlm
abijln
abijlo
abijmn
abijmo
abijno
abiklm
abikln
abiklo
abikmn
abikmo
abikno
abilmn
abilmo
abilno
abimno
abjklm
abjkln
abjklo
abjkmn
abjkmo
abjkno
abjlmn
abjlmo
abjlno
abjmno
abklmn
abklmo
abklno
abkmno
ablmno
acdefg
acdefh
acdefi
acdefj
acdefk
acdefl
acdefm
acdefn
acdefo
acdegh
acdegi
acdegj
acdegk
acdegl
acdegm
acdegn
acdego
acdehi
acdehj
acdehk
acdehl
acdehm
acdehn
acdeho
acdeij
acdeik
acdeil
acdeim
acdein
acdeio
acdejk
acdejl
acdejm
acdejn
acdejo
acdekl
acdekm
acdekn
acdeko
acdelm
acdeln
acdelo
acdemn
acdemo
acdeno
acdfgh
acdfgi
acdfgj
acdfgk
acdfgl
acdfgm
acdfgn
acdfgo
acdfhi
acdfhj
acdfhk
acdfhl
acdfhm
acdfhn
acdfho
acdfij
acdfik
acdfil
acdfim
acdfin
acdfio
acdfjk
acdfjl
acdfjm
acdfjn
acdfjo
acdfkl
acdfkm
acdfkn
acdfko
acdflm
acdfln
acdflo
acdfmn
acdfmo
acdfno
acdghi
acdghj
acdghk
acdghl
acdghm
acdghn
acdgho
acdgij
acdgik
acdgil
acdgim
acdgin
acdgio
acdgjk
acdgjl
acdgjm
acdgjn
acdgjo
acdgkl
acdgkm
acdgkn
acdgko
acdglm
acdgln
acdglo
acdgmn
acdgmo
acdgno
acdhij
acdhik
acdhil
acdhim
acdhin
acdhio
acdhjk
acdhjl
acdhjm
acdhjn
acdhjo
acdhkl
acdhkm
acdhkn
acdhko
acdhlm
acdhln
acdhlo
acdhmn
acdhmo
acdhno
acdijk
acdijl
acdijm
acdijn
acdijo
acdikl
acdikm
acdikn
acdiko
acdilm
acdiln
acdilo
acdimn
acdimo
acdino
acdjkl
acdjkm
acdjkn
acdjko
acdjlm
acdjln
acdjlo
acdjmn
acdjmo
acdjno
acdklm
acdkln
acdklo
acdkmn
acdkmo
acdkno
acdlmn
acdlmo
acdlno
acdmno
acefgh
acefgi
acefgj
acefgk
acefgl
acefgm
acefgn
acefgo
acefhi
acefhj
acefhk
acefhl
acefhm
acefhn
acefho
acefij
acefik
acefil
acefim
acefin
acefio
acefjk
acefjl
acefjm
acefjn
acefjo
acefkl
acefkm
acefkn
acefko
aceflm
acefln
aceflo
acefmn
acefmo
acefno
aceghi
aceghj
aceghk
aceghl
aceghm
aceghn
acegho
acegij
acegik
acegil
acegim
acegin
acegio
acegjk
acegjl
acegjm
acegjn
acegjo
acegkl
acegkm
acegkn
acegko
aceglm
acegln
aceglo
acegmn
acegmo
acegno
acehij
acehik
acehil
acehim
acehin
acehio
acehjk
acehjl
acehjm
acehjn
acehjo
acehkl
acehkm
acehkn
acehko
acehlm
acehln
acehlo
acehmn
acehmo
acehno
aceijk
aceijl
aceijm
aceijn
aceijo
aceikl
aceikm
aceikn
aceiko
aceilm
aceiln
aceilo
aceimn
aceimo
aceino
acejkl
acejkm
acejkn
acejko
acejlm
acejln
acejlo
acejmn
acejmo
acejno
aceklm
acekln
aceklo
acekmn
acekmo
acekno
acelmn
acelmo
acelno
acemno
acfghi
acfghj
acfghk
acfghl
acfghm
acfghn
acfgho
acfgij
acfgik
acfgil
acfgim
acfgin
acfgio
acfgjk
acfgjl
acfgjm
acfgjn
acfgjo
acfgkl
acfgkm
acfgkn
acfgko
acfglm
acfgln
acfglo
acfgmn
acfgmo
acfgno
acfhij
acfhik
acfhil
acfhim
acfhin
acfhio
acfhjk
acfhjl
acfhjm
acfhjn
acfhjo
acfhkl
acfhkm
acfhkn
acfhko
acfhlm
acfhln
acfhlo
acfhmn
acfhmo
acfhno
acfijk
acfijl
acfijm
acfijn
acfijo
acfikl
acfikm
acfikn
acfiko
acfilm
acfiln
acfilo
acfimn
acfimo
acfino
acfjkl
acfjkm
acfjkn
acfjko
acfjlm
acfjln
acfjlo
acfjmn
acfjmo
acfjno
acfklm
acfkln
acfklo
acfkmn
acfkmo
acfkno
acflmn
acflmo
acflno
acfmno
acghij
acghik
acghil
acghim
acghin
acghio
acghjk
acghjl
acghjm
acghjn
acghjo
acghkl
acghkm
acghkn
acghko
acghlm
acghln
acghlo
acghmn
acghmo
acghno
acgijk
acgijl
acgijm
acgijn
acgijo
acgikl
acgikm
acgikn
acgiko
acgilm
acgiln
acgilo
acgimn
acgimo
acgino
acgjkl
acgjkm
acgjkn
acgjko
acgjlm
acgjln
acgjlo
acgjmn
acgjmo
acgjno
acgklm
acgkln
acgklo
acgkmn
acgkmo
acgkno
acglmn
acglmo
acglno
acgmno
achijk
achijl
achijm
achijn
achijo
achikl
achikm
achikn
achiko
achilm
achiln
achilo
achimn
achimo
achino
achjkl
achjkm
achjkn
achjko
achjlm
achjln
achjlo
achjmn
achjmo
achjno
achklm
achkln
achklo
achkmn
achkmo
achkno
achlmn
achlmo
achlno
achmno
acijkl
acijkm
acijkn
acijko
acijlm
acijln
acijlo
acijmn
acijmo
acijno
aciklm
acikln
aciklo
acikmn
acikmo
acikno
acilmn
acilmo
acilno
acimno
acjklm
acjkln
acjklo
acjkmn
acjkmo
acjkno
acjlmn
acjlmo
acjlno
acjmno
acklmn
acklmo
acklno
ackmno
aclmno
adefgh
adefgi
adefgj
adefgk
adefgl
adefgm
adefgn
adefgo
adefhi
adefhj
adefhk
adefhl
adefhm
adefhn
adefho
adefij
adefik
adefil
adefim
adefin
adefio
adefjk
adefjl
adefjm
adefjn
adefjo
adefkl
adefkm
adefkn
adefko
adeflm
adefln
adeflo
adefmn
adefmo
adefno
adeghi
adeghj
adeghk
adeghl
adeghm
adeghn
adegho
adegij
adegik
adegil
adegim
adegin
adegio
adegjk
adegjl
adegjm
adegjn
adegjo
adegkl
adegkm
adegkn
adegko
adeglm
adegln
adeglo
adegmn
adegmo
adegno
adehij
adehik
adehil
adehim
adehin
adehio
adehjk
adehjl
adehjm
adehjn
adehjo
adehkl
adehkm
adehkn
adehko
adehlm
adehln
adehlo
adehmn
adehmo
adehno
adeijk
adeijl
adeijm
adeijn
adeijo
adeikl
adeikm
adeikn
adeiko
adeilm
adeiln
adeilo
adeimn
adeimo
adeino
adejkl
adejkm
adejkn
adejko
adejlm
adejln
adejlo
adejmn
adejmo
adejno
adeklm
adekln
adeklo
adekmn
adekmo
adekno
adelmn
adelmo
adelno
ademno
adfghi
adfghj
adfghk
adfghl
adfghm
adfghn
adfgho
adfgij
adfgik
adfgil
adfgim
adfgin
adfgio
adfgjk
adfgjl
adfgjm
adfgjn
adfgjo
adfgkl
adfgkm
adfgkn
adfgko
adfglm
adfgln
adfglo
adfgmn
adfgmo
adfgno
adfhij
adfhik
adfhil
adfhim
adfhin
adfhio
adfhjk
adfhjl
adfhjm
adfhjn
adfhjo
adfhkl
adfhkm
adfhkn
adfhko
adfhlm
adfhln
adfhlo
adfhmn
adfhmo
adfhno
adfijk
adfijl
adfijm
adfijn
adfijo
adfikl
adfikm
adfikn
adfiko
adfilm
adfiln
adfilo
adfimn
adfimo
adfino
adfjkl
adfjkm
adfjkn
adfjko
adfjlm
adfjln
adfjlo
adfjmn
adfjmo
adfjno
adfklm
adfkln
adfklo
adfkmn
adfkmo
adfkno
adflmn
adflmo
adflno
adfmno
adghij
adghik
adghil
adghim
adghin
adghio
adghjk
adghjl
adghjm
adghjn
adghjo
adghkl
adghkm
adghkn
adghko
adghlm
adghln
adghlo
adghmn
adghmo
adghno
adgijk
adgijl
adgijm
adgijn
adgijo
adgikl
adgikm
adgikn
adgiko
adgilm
adgiln
adgilo
adgimn
adgimo
adgino
adgjkl
adgjkm
adgjkn
adgjko
adgjlm
adgjln
adgjlo
adgjmn
adgjmo
adgjno
adgklm
adgkln
adgklo
adgkmn
adgkmo
adgkno
adglmn
adglmo
adglno
adgmno
adhijk
adhijl
adhijm
adhijn
adhijo
adhikl
adhikm
adhikn
adhiko
adhilm
adhiln
adhilo
adhimn
adhimo
adhino
adhjkl
adhjkm
adhjkn
adhjko
adhjlm
adhjln
adhjlo
adhjmn
adhjmo
adhjno
adhklm
adhkln
adhklo
adhkmn
adhkmo
adhkno
adhlmn
adhlmo
adhlno
adhmno
adijkl
adijkm
adijkn
adijko
adijlm
adijln
adijlo
adijmn
adijmo
adijno
adiklm
adikln
adiklo
adikmn
adikmo
adikno
adilmn
adilmo
adilno
adimno
adjklm
adjkln
adjklo
adjkmn
adjkmo
adjkno
adjlmn
adjlmo
adjlno
adjmno
adklmn
adklmo
adklno
adkmno
adlmno
aefghi
aefghj
aefghk
aefghl
aefghm
aefghn
aefgho
aefgij
aefgik
aefgil
aefgim
aefgin
aefgio
aefgjk
aefgjl
aefgjm
aefgjn
aefgjo
aefgkl
aefgkm
aefgkn
aefgko
aefglm
aefgln
aefglo
aefgmn
aefgmo
aefgno
aefhij
aefhik
aefhil
aefhim
aefhin
aefhio
aefhjk
aefhjl
aefhjm
aefhjn
aefhjo
aefhkl
aefhkm
aefhkn
aefhko
aefhlm
aefhln
aefhlo
aefhmn
aefhmo
aefhno
aefijk
aefijl
aefijm
aefijn
aefijo
aefikl
aefikm
aefikn
aefiko
aefilm
aefiln
aefilo
aefimn
aefimo
aefino
aefjkl
aefjkm
aefjkn
aefjko
aefjlm
aefjln
aefjlo
aefjmn
aefjmo
aefjno
aefklm
aefkln
aefklo
aefkmn
aefkmo
aefkno
aeflmn
aeflmo
aeflno
aefmno
aeghij
aeghik
aeghil
aeghim
aeghin
aeghio
aeghjk
aeghjl
aeghjm
aeghjn
aeghjo
aeghkl
aeghkm
aeghkn
aeghko
aeghlm
aeghln
aeghlo
aeghmn
aeghmo
aeghno
aegijk
aegijl
aegijm
aegijn
aegijo
aegikl
aegikm
aegikn
aegiko
aegilm
aegiln
aegilo
aegimn
aegimo
aegino
aegjkl
aegjkm
aegjkn
aegjko
aegjlm
aegjln
aegjlo
aegjmn
aegjmo
aegjno
aegklm
aegkln
aegklo
aegkmn
aegkmo
aegkno
aeglmn
aeglmo
aeglno
aegmno
aehijk
aehijl
aehijm
aehijn
aehijo
aehikl
aehikm
aehikn
aehiko
aehilm
aehiln
aehilo
aehimn
aehimo
aehino
aehjkl
aehjkm
aehjkn
aehjko
aehjlm
aehjln
aehjlo
aehjmn
aehjmo
aehjno
aehklm
aehkln
aehklo
aehkmn
aehkmo
aehkno
aehlmn
aehlmo
aehlno
aehmno
aeijkl
aeijkm
aeijkn
aeijko
aeijlm
aeijln
aeijlo
aeijmn
aeijmo
aeijno
aeiklm
aeikln
aeiklo
aeikmn
aeikmo
aeikno
aeilmn
aeilmo
aeilno
aeimno
aejklm
aejkln
aejklo
aejkmn
aejkmo
aejkno
aejlmn
aejlmo
aejlno
aejmno
aeklmn
aeklmo
aeklno
aekmno
aelmno
afghij
afghik
afghil
afghim
afghin
afghio
afghjk
afghjl
afghjm
afghjn
afghjo
afghkl
afghkm
afghkn
afghko
afghlm
afghln
afghlo
afghmn
afghmo
afghno
afgijk
afgijl
afgijm
afgijn
afgijo
afgikl
afgikm
afgikn
afgiko
afgilm
afgiln
afgilo
afgimn
afgimo
afgino
afgjkl
afgjkm
afgjkn
afgjko
afgjlm
afgjln
afgjlo
afgjmn
afgjmo
afgjno
afgklm
afgkln
afgklo
afgkmn
afgkmo
afgkno
afglmn
afglmo
afglno
afgmno
afhijk
afhijl
afhijm
afhijn
afhijo
afhikl
afhikm
afhikn
afhiko
afhilm
afhiln
afhilo
afhimn
afhimo
afhino
afhjkl
afhjkm
afhjkn
afhjko
afhjlm
afhjln
afhjlo
afhjmn
afhjmo
afhjno
afhklm
afhkln
afhklo
afhkmn
afhkmo
afhkno
afhlmn
afhlmo
afhlno
afhmno
afijkl
afijkm
afijkn
afijko
afijlm
afijln
afijlo
afijmn
afijmo
afijno
afiklm
afikln
afiklo
afikmn
afikmo
afikno
afilmn
afilmo
afilno
afimno
afjklm
afjkln
afjklo
afjkmn
afjkmo
afjkno
afjlmn
afjlmo
afjlno
afjmno
afklmn
afklmo
afklno
afkmno
aflmno
aghijk
aghijl
aghijm
aghijn
aghijo
aghikl
aghikm
aghikn
aghiko
aghilm
aghiln
aghilo
aghimn
aghimo
aghino
aghjkl
aghjkm
aghjkn
aghjko
aghjlm
aghjln
aghjlo
aghjmn
aghjmo
aghjno
aghklm
aghkln
aghklo
aghkmn
aghkmo
aghkno
aghlmn
aghlmo
aghlno
aghmno
agijkl
agijkm
agijkn
agijko
agijlm
agijln
agijlo
agijmn
agijmo
agijno
agiklm
agikln
agiklo
agikmn
agikmo
agikno
agilmn
agilmo
agilno
agimno
agjklm
agjkln
agjklo
agjkmn
agjkmo
agjkno
agjlmn
agjlmo
agjlno
agjmno
agklmn
agklmo
agklno
agkmno
aglmno
ahijkl
ahijkm
ahijkn
ahijko
ahijlm
ahijln
ahijlo
ahijmn
ahijmo
ahijno
ahiklm
ahikln
ahiklo
ahikmn
ahikmo
ahikno
ahilmn
ahilmo
ahilno
ahimno
ahjklm
ahjkln
ahjklo
ahjkmn
ahjkmo
ahjkno
ahjlmn
ahjlmo
ahjlno
ahjmno
ahklmn
ahklmo
ahklno
ahkmno
ahlmno
aijklm
aijkln
aijklo
aijkmn
aijkmo
aijkno
aijlmn
aijlmo
aijlno
aijmno
aiklmn
aiklmo
aiklno
aikmno
ailmno
ajklmn
ajklmo
ajklno
ajkmno
ajlmno
aklmno
bcdefg
bcdefh
bcdefi
bcdefj
bcdefk
bcdefl
bcdefm
bcdefn
bcdefo
bcdegh
bcdegi
bcdegj
bcdegk
bcdegl
bcdegm
bcdegn
bcdego
bcdehi
bcdehj
bcdehk
bcdehl
bcdehm
bcdehn
bcdeho
bcdeij
bcdeik
bcdeil
bcdeim
bcdein
bcdeio
bcdejk
bcdejl
bcdejm
bcdejn
bcdejo
bcdekl
bcdekm
bcdekn
bcdeko
bcdelm
bcdeln
bcdelo
bcdemn
bcdemo
bcdeno
bcdfgh
bcdfgi
bcdfgj
bcdfgk
bcdfgl
bcdfgm
bcdfgn
bcdfgo
bcdfhi
bcdfhj
bcdfhk
bcdfhl
bcdfhm
bcdfhn
bcdfho
bcdfij
bcdfik
bcdfil
bcdfim
bcdfin
bcdfio
bcdfjk
bcdfjl
bcdfjm
bcdfjn
bcdfjo
bcdfkl
bcdfkm
bcdfkn
bcdfko
bcdflm
bcdfln
bcdflo
bcdfmn
bcdfmo
bcdfno
bcdghi
bcdghj
bcdghk
bcdghl
bcdghm
bcdghn
bcdgho
bcdgij
bcdgik
bcdgil
bcdgim
bcdgin
bcdgio
bcdgjk
bcdgjl
bcdgjm
bcdgjn
bcdgjo
bcdgkl
bcdgkm
bcdgkn
bcdgko
bcdglm
bcdgln
bcdglo
bcdgmn
bcdgmo
bcdgno
bcdhij
bcdhik
bcdhil
bcdhim
bcdhin
bcdhio
bcdhjk
bcdhjl
bcdhjm
bcdhjn
bcdhjo
bcdhkl
bcdhkm
bcdhkn
bcdhko
bcdhlm
bcdhln
bcdhlo
bcdhmn
bcdhmo
bcdhno
bcdijk
bcdijl
bcdijm
bcdijn
bcdijo
bcdikl
bcdikm
bcdikn
bcdiko
bcdilm
bcdiln
bcdilo
bcdimn
bcdimo
bcdino
bcdjkl
bcdjkm
bcdjkn
bcdjko
bcdjlm
bcdjln
bcdjlo
bcdjmn
bcdjmo
bcdjno
bcdklm
bcdkln
bcdklo
bcdkmn
bcdkmo
bcdkno
bcdlmn
bcdlmo
bcdlno
bcdmno
bcefgh
bcefgi
bcefgj
bcefgk
bcefgl
bcefgm
bcefgn
bcefgo
bcefhi
bcefhj
bcefhk
bcefhl
bcefhm
bcefhn
bcefho
bcefij
bcefik
bcefil
bcefim
bcefin
bcefio
bcefjk
bcefjl
bcefjm
bcefjn
bcefjo
bcefkl
bcefkm
bcefkn
bcefko
bceflm
bcefln
bceflo
bcefmn
bcefmo
bcefno
bceghi
bceghj
bceghk
bceghl
bceghm
bceghn
bcegho
bcegij
bcegik
bcegil
bcegim
bcegin
bcegio
bcegjk
bcegjl
bcegjm
bcegjn
bcegjo
bcegkl
bcegkm
bcegkn
bcegko
bceglm
bcegln
bceglo
bcegmn
bcegmo
bcegno
bcehij
bcehik
bcehil
bcehim
bcehin
bcehio
bcehjk
bcehjl
bcehjm
bcehjn
bcehjo
bcehkl
bcehkm
bcehkn
bcehko
bcehlm
bcehln
bcehlo
bcehmn
bcehmo
bcehno
bceijk
bceijl
bceijm
bceijn
bceijo
bceikl
bceikm
bceikn
bceiko
bceilm
bceiln
bceilo
bceimn
bceimo
bceino
bcejkl
bcejkm
bcejkn
bcejko
bcejlm
bcejln
bcejlo
bcejmn
bcejmo
bcejno
bceklm
bcekln
bceklo
bcekmn
bcekmo
bcekno
bcelmn
bcelmo
bcelno
bcemno
bcfghi
bcfghj
bcfghk
bcfghl
bcfghm
bcfghn
bcfgho
bcfgij
bcfgik
bcfgil
bcfgim
bcfgin
bcfgio
bcfgjk
bcfgjl
bcfgjm
bcfgjn
bcfgjo
bcfgkl
bcfgkm
bcfgkn
bcfgko
bcfglm
bcfgln
bcfglo
bcfgmn
bcfgmo
bcfgno
bcfhij
bcfhik
bcfhil
bcfhim
bcfhin
bcfhio
bcfhjk
bcfhjl
bcfhjm
bcfhjn
bcfhjo
bcfhkl
bcfhkm
bcfhkn
bcfhko
bcfhlm
bcfhln
bcfhlo
bcfhmn
bcfhmo
bcfhno
bcfijk
bcfijl
bcfijm
bcfijn
bcfijo
bcfikl
bcfikm
bcfikn
bcfiko
bcfilm
bcfiln
bcfilo
bcfimn
bcfimo
bcfino
bcfjkl
bcfjkm
bcfjkn
bcfjko
bcfjlm
bcfjln
bcfjlo
bcfjmn
bcfjmo
bcfjno
bcfklm
bcfkln
bcfklo
bcfkmn
bcfkmo
bcfkno
bcflmn
bcflmo
bcflno
bcfmno
bcghij
bcghik
bcghil
bcghim
bcghin
bcghio
bcghjk
bcghjl
bcghjm
bcghjn
bcghjo
bcghkl
bcghkm
bcghkn
bcghko
bcghlm
bcghln
bcghlo
bcghmn
bcghmo
bcghno
bcgijk
bcgijl
bcgijm
bcgijn
bcgijo
bcgikl
bcgikm
bcgikn
bcgiko
bcgilm
bcgiln
bcgilo
bcgimn
bcgimo
bcgino
bcgjkl
bcgjkm
bcgjkn
bcgjko
bcgjlm
bcgjln
bcgjlo
bcgjmn
bcgjmo
bcgjno
bcgklm
bcgkln
bcgklo
bcgkmn
bcgkmo
bcgkno
bcglmn
bcglmo
bcglno
bcgmno
bchijk
bchijl
bchijm
bchijn
bchijo
bchikl
bchikm
bchikn
bchiko
bchilm
bchiln
bchilo
bchimn
bchimo
bchino
bchjkl
bchjkm
bchjkn
bchjko
bchjlm
bchjln
bchjlo
bchjmn
bchjmo
bchjno
bchklm
bchkln
bchklo
bchkmn
bchkmo
bchkno
bchlmn
bchlmo
bchlno
bchmno
bcijkl
bcijkm
bcijkn
bcijko
bcijlm
bcijln
bcijlo
bcijmn
bcijmo
bcijno
bciklm
bcikln
bciklo
bcikmn
bcikmo
bcikno
bcilmn
bcilmo
bcilno
bcimno
bcjklm
bcjkln
bcjklo
bcjkmn
bcjkmo
bcjkno
bcjlmn
bcjlmo
bcjlno
bcjmno
bcklmn
bcklmo
bcklno
bckmno
bclmno
bdefgh
bdefgi
bdefgj
bdefgk
bdefgl
bdefgm
bdefgn
bdefgo
bdefhi
bdefhj
bdefhk
bdefhl
bdefhm
bdefhn
bdefho
bdefij
bdefik
bdefil
bdefim
bdefin
bdefio
bdefjk
bdefjl
bdefjm
bdefjn
bdefjo
bdefkl
bdefkm
bdefkn
bdefko
bdeflm
bdefln
bdeflo
bdefmn
bdefmo
bdefno
bdeghi
bdeghj
bdeghk
bdeghl
bdeghm
bdeghn
bdegho
bdegij
bdegik
bdegil
bdegim
bdegin
bdegio
bdegjk
bdegjl
bdegjm
bdegjn
bdegjo
bdegkl
bdegkm
bdegkn
bdegko
bdeglm
bdegln
bdeglo
bdegmn
bdegmo
bdegno
bdehij
bdehik
bdehil
bdehim
bdehin
bdehio
bdehjk
bdehjl
bdehjm
bdehjn
bdehjo
bdehkl
bdehkm
bdehkn
bdehko
bdehlm
bdehln
bdehlo
bdehmn
bdehmo
bdehno
bdeijk
bdeijl
bdeijm
bdeijn
bdeijo
bdeikl
bdeikm
bdeikn
bdeiko
bdeilm
bdeiln
bdeilo
bdeimn
bdeimo
bdeino
bdejkl
bdejkm
bdejkn
bdejko
bdejlm
bdejln
bdejlo
bdejmn
bdejmo
bdejno
bdeklm
bdekln
bdeklo
bdekmn
bdekmo
bdekno
bdelmn
bdelmo
bdelno
bdemno
bdfghi
bdfghj
bdfghk
bdfghl
bdfghm
bdfghn
bdfgho
bdfgij
bdfgik
bdfgil
bdfgim
bdfgin
bdfgio
bdfgjk
bdfgjl
bdfgjm
bdfgjn
bdfgjo
bdfgkl
bdfgkm
bdfgkn
bdfgko
bdfglm
bdfgln
bdfglo
bdfgmn
bdfgmo
bdfgno
bdfhij
bdfhik
bdfhil
bdfhim
bdfhin
bdfhio
bdfhjk
bdfhjl
bdfhjm
bdfhjn
bdfhjo
bdfhkl
bdfhkm
bdfhkn
bdfhko
bdfhlm
bdfhln
bdfhlo
bdfhmn
bdfhmo
bdfhno
bdfijk
bdfijl
bdfijm
bdfijn
bdfijo
bdfikl
bdfikm
bdfikn
bdfiko
bdfilm
bdfiln
bdfilo
bdfimn
bdfimo
bdfino
bdfjkl
bdfjkm
bdfjkn
bdfjko
bdfjlm
bdfjln
bdfjlo
bdfjmn
bdfjmo
bdfjno
bdfklm
bdfkln
bdfklo
bdfkmn
bdfkmo
bdfkno
bdflmn
bdflmo
bdflno
bdfmno
bdghij
bdghik
bdghil
bdghim
bdghin
bdghio
bdghjk
bdghjl
bdghjm
bdghjn
bdghjo
bdghkl
bdghkm
bdghkn
bdghko
bdghlm
bdghln
bdghlo
bdghmn
bdghmo
bdghno
bdgijk
bdgijl
bdgijm
bdgijn
bdgijo
bdgikl
bdgikm
bdgikn
bdgiko
bdgilm
bdgiln
bdgilo
bdgimn
bdgimo
bdgino
bdgjkl
bdgjkm
bdgjkn
bdgjko
bdgjlm
bdgjln
bdgjlo
bdgjmn
bdgjmo
bdgjno
bdgklm
bdgkln
bdgklo
bdgkmn
bdgkmo
bdgkno
bdglmn
bdglmo
bdglno
bdgmno
bdhijk
bdhijl
bdhijm
bdhijn
bdhijo
bdhikl
bdhikm
bdhikn
bdhiko
bdhilm
bdhiln
bdhilo
bdhimn
bdhimo
bdhino
bdhjkl
bdhjkm
bdhjkn
bdhjko
bdhjlm
bdhjln
bdhjlo
bdhjmn
bdhjmo
bdhjno
bdhklm
bdhkln
bdhklo
bdhkmn
bdhkmo
bdhkno
bdhlmn
bdhlmo
bdhlno
bdhmno
bdijkl
bdijkm
bdijkn
bdijko
bdijlm
bdijln
bdijlo
bdijmn
bdijmo
bdijno
bdiklm
bdikln
bdiklo
bdikmn
bdikmo
bdikno
bdilmn
bdilmo
bdilno
bdimno
bdjklm
bdjkln
bdjklo
bdjkmn
bdjkmo
bdjkno
bdjlmn
bdjlmo
bdjlno
bdjmno
bdklmn
bdklmo
bdklno
bdkmno
bdlmno
befghi
befghj
befghk
befghl
befghm
befghn
befgho
befgij
befgik
befgil
befgim
befgin
befgio
befgjk
befgjl
befgjm
befgjn
befgjo
befgkl
befgkm
befgkn
befgko
befglm
befgln
befglo
befgmn
befgmo
befgno
befhij
befhik
befhil
befhim
befhin
befhio
befhjk
befhjl
befhjm
befhjn
befhjo
befhkl
befhkm
befhkn
befhko
befhlm
befhln
befhlo
befhmn
befhmo
befhno
befijk
befijl
befijm
befijn
befijo
befikl
befikm
befikn
befiko
befilm
befiln
befilo
befimn
befimo
befino
befjkl
befjkm
befjkn
befjko
befjlm
befjln
befjlo
befjmn
befjmo
befjno
befklm
befkln
befklo
befkmn
befkmo
befkno
beflmn
beflmo
beflno
befmno
beghij
beghik
beghil
beghim
beghin
beghio
beghjk
beghjl
beghjm
beghjn
beghjo
beghkl
beghkm
beghkn
beghko
beghlm
beghln
beghlo
beghmn
beghmo
beghno
begijk
begijl
begijm
begijn
begijo
begikl
begikm
begikn
begiko
begilm
begiln
begilo
begimn
begimo
begino
begjkl
begjkm
begjkn
begjko
begjlm
begjln
begjlo
begjmn
begjmo
begjno
begklm
begkln
begklo
begkmn
begkmo
begkno
beglmn
beglmo
beglno
begmno
behijk
behijl
behijm
behijn
behijo
behikl
behikm
behikn
behiko
behilm
behiln
behilo
behimn
behimo
behino
behjkl
behjkm
behjkn
behjko
behjlm
behjln
behjlo
behjmn
behjmo
behjno
behklm
behkln
behklo
behkmn
behkmo
behkno
behlmn
behlmo
behlno
behmno
beijkl
beijkm
beijkn
beijko
beijlm
beijln
beijlo
beijmn
beijmo
beijno
beiklm
beikln
beiklo
beikmn
beikmo
beikno
beilmn
beilmo
beilno
beimno
bejklm
bejkln
bejklo
bejkmn
bejkmo
bejkno
bejlmn
bejlmo
bejlno
bejmno
beklmn
beklmo
beklno
bekmno
belmno
bfghij
bfghik
bfghil
bfghim
bfghin
bfghio
bfghjk
bfghjl
bfghjm
bfghjn
bfghjo
bfghkl
bfghkm
bfghkn
bfghko
bfghlm
bfghln
bfghlo
bfghmn
bfghmo
bfghno
bfgijk
bfgijl
bfgijm
bfgijn
bfgijo
bfgikl
bfgikm
bfgikn
bfgiko
bfgilm
bfgiln
bfgilo
bfgimn
bfgimo
bfgino
bfgjkl
bfgjkm
bfgjkn
bfgjko
bfgjlm
bfgjln
bfgjlo
bfgjmn
bfgjmo
bfgjno
bfgklm
bfgkln
bfgklo
bfgkmn
bfgkmo
bfgkno
bfglmn
bfglmo
bfglno
bfgmno
bfhijk
bfhijl
bfhijm
bfhijn
bfhijo
bfhikl
bfhikm
bfhikn
bfhiko
bfhilm
bfhiln
bfhilo
bfhimn
bfhimo
bfhino
bfhjkl
bfhjkm
bfhjkn
bfhjko
bfhjlm
bfhjln
bfhjlo
bfhjmn
bfhjmo
bfhjno
bfhklm
bfhkln
bfhklo
bfhkmn
bfhkmo
bfhkno
bfhlmn
bfhlmo
bfhlno
bfhmno
bfijkl
bfijkm
bfijkn
bfijko
bfijlm
bfijln
bfijlo
bfijmn
bfijmo
bfijno
bfiklm
bfikln
bfiklo
bfikmn
bfikmo
bfikno
bfilmn
bfilmo
bfilno
bfimno
bfjklm
bfjkln
bfjklo
bfjkmn
bfjkmo
bfjkno
bfjlmn
bfjlmo
bfjlno
bfjmno
bfklmn
bfklmo
bfklno
bfkmno
bflmno
bghijk
bghijl
bghijm
bghijn
bghijo
bghikl
bghikm
bghikn
bghiko
bghilm
bghiln
bghilo
bghimn
bghimo
bghino
bghjkl
bghjkm
bghjkn
bghjko
bghjlm
bghjln
bghjlo
bghjmn
bghjmo
bghjno
bghklm
bghkln
bghklo
bghkmn
bghkmo
bghkno
bghlmn
bghlmo
bghlno
bghmno
bgijkl
bgijkm
bgijkn
bgijko
bgijlm
bgijln
bgijlo
bgijmn
bgijmo
bgijno
bgiklm
bgikln
bgiklo
bgikmn
bgikmo
bgikno
bgilmn
bgilmo
bgilno
bgimno
bgjklm
bgjkln
bgjklo
bgjkmn
bgjkmo
bgjkno
bgjlmn
bgjlmo
bgjlno
bgjmno
bgklmn
bgklmo
bgklno
bgkmno
bglmno
bhijkl
bhijkm
bhijkn
bhijko
bhijlm
bhijln
bhijlo
bhijmn
bhijmo
bhijno
bhiklm
bhikln
bhiklo
bhikmn
bhikmo
bhikno
bhilmn
bhilmo
bhilno
bhimno
bhjklm
bhjkln
bhjklo
bhjkmn
bhjkmo
bhjkno
bhjlmn
bhjlmo
bhjlno
bhjmno
bhklmn
bhklmo
bhklno
bhkmno
bhlmno
bijklm
bijkln
bijklo
bijkmn
bijkmo
bijkno
bijlmn
bijlmo
bijlno
bijmno
biklmn
biklmo
biklno
bikmno
bilmno
bjklmn
bjklmo
bjklno
bjkmno
bjlmno
bklmno
cdefgh
cdefgi
cdefgj
cdefgk
cdefgl
cdefgm
cdefgn
cdefgo
cdefhi
cdefhj
cdefhk
cdefhl
cdefhm
cdefhn
cdefho
cdefij
cdefik
cdefil
cdefim
cdefin
cdefio
cdefjk
cdefjl
cdefjm
cdefjn
cdefjo
cdefkl
cdefkm
cdefkn
cdefko
cdeflm
cdefln
cdeflo
cdefmn
cdefmo
cdefno
cdeghi
cdeghj
cdeghk
cdeghl
cdeghm
cdeghn
cdegho
cdegij
cdegik
cdegil
cdegim
cdegin
cdegio
cdegjk
cdegjl
cdegjm
cdegjn
cdegjo
cdegkl
cdegkm
cdegkn
cdegko
cdeglm
cdegln
cdeglo
cdegmn
cdegmo
cdegno
cdehij
cdehik
cdehil
cdehim
cdehin
cdehio
cdehjk
cdehjl
cdehjm
cdehjn
cdehjo
cdehkl
cdehkm
cdehkn
cdehko
cdehlm
cdehln
cdehlo
cdehmn
cdehmo
cdehno
cdeijk
cdeijl
cdeijm
cdeijn
cdeijo
cdeikl
cdeikm
cdeikn
cdeiko
cdeilm
cdeiln
cdeilo
cdeimn
cdeimo
cdeino
cdejkl
cdejkm
cdejkn
cdejko
cdejlm
cdejln
cdejlo
cdejmn
cdejmo
cdejno
cdeklm
cdekln
cdeklo
cdekmn
cdekmo
cdekno
cdelmn
cdelmo
cdelno
cdemno
cdfghi
cdfghj
cdfghk
cdfghl
cdfghm
cdfghn
cdfgho
cdfgij
cdfgik
cdfgil
cdfgim
cdfgin
cdfgio
cdfgjk
cdfgjl
cdfgjm
cdfgjn
cdfgjo
cdfgkl
cdfgkm
cdfgkn
cdfgko
cdfglm
cdfgln
cdfglo
cdfgmn
cdfgmo
cdfgno
cdfhij
cdfhik
cdfhil
cdfhim
cdfhin
cdfhio
cdfhjk
cdfhjl
cdfhjm
cdfhjn
cdfhjo
cdfhkl
cdfhkm
cdfhkn
cdfhko
cdfhlm
cdfhln
cdfhlo
cdfhmn
cdfhmo
cdfhno
cdfijk
cdfijl
cdfijm
cdfijn
cdfijo
cdfikl
cdfikm
cdfikn
cdfiko
cdfilm
cdfiln
cdfilo
cdfimn
cdfimo
cdfino
cdfjkl
cdfjkm
cdfjkn
cdfjko
cdfjlm
cdfjln
cdfjlo
cdfjmn
cdfjmo
cdfjno
cdfklm
cdfkln
cdfklo
cdfkmn
cdfkmo
cdfkno
cdflmn
cdflmo
cdflno
cdfmno
cdghij
cdghik
cdghil
cdghim
cdghin
cdghio
cdghjk
cdghjl
cdghjm
cdghjn
cdghjo
cdghkl
cdghkm
cdghkn
cdghko
cdghlm
cdghln
cdghlo
cdghmn
cdghmo
cdghno
cdgijk
cdgijl
cdgijm
cdgijn
cdgijo
cdgikl
cdgikm
cdgikn
cdgiko
cdgilm
cdgiln
cdgilo
cdgimn
cdgimo
cdgino
cdgjkl
cdgjkm
cdgjkn
cdgjko
cdgjlm
cdgjln
cdgjlo
cdgjmn
cdgjmo
cdgjno
cdgklm
cdgkln
cdgklo
cdgkmn
cdgkmo
cdgkno
cdglmn
cdglmo
cdglno
cdgmno
cdhijk
cdhijl
cdhijm
cdhijn
cdhijo
cdhikl
cdhikm
cdhikn
cdhiko
cdhilm
cdhiln
cdhilo
cdhimn
cdhimo
cdhino
cdhjkl
cdhjkm
cdhjkn
cdhjko
cdhjlm
cdhjln
cdhjlo
cdhjmn
cdhjmo
cdhjno
cdhklm
cdhkln
cdhklo
cdhkmn
cdhkmo
cdhkno
cdhlmn
cdhlmo
cdhlno
cdhmno
cdijkl
cdijkm
cdijkn
cdijko
cdijlm
cdijln
cdijlo
cdijmn
cdijmo
cdijno
cdiklm
cdikln
cdiklo
cdikmn
cdikmo
cdikno
cdilmn
cdilmo
cdilno
cdimno
cdjklm
cdjkln
cdjklo
cdjkmn
cdjkmo
cdjkno
cdjlmn
cdjlmo
cdjlno
cdjmno
cdklmn
cdklmo
cdklno
cdkmno
cdlmno
cefghi
cefghj
cefghk
cefghl
cefghm
cefghn
cefgho
cefgij
cefgik
cefgil
cefgim
cefgin
cefgio
cefgjk
cefgjl
cefgjm
cefgjn
cefgjo
cefgkl
cefgkm
cefgkn
cefgko
cefglm
cefgln
cefglo
cefgmn
cefgmo
cefgno
cefhij
cefhik
cefhil
cefhim
cefhin
cefhio
cefhjk
cefhjl
cefhjm
cefhjn
cefhjo
cefhkl
cefhkm
cefhkn
cefhko
cefhlm
cefhln
cefhlo
cefhmn
cefhmo
cefhno
cefijk
cefijl
cefijm
cefijn
cefijo
cefikl
cefikm
cefikn
cefiko
cefilm
cefiln
cefilo
cefimn
cefimo
cefino
cefjkl
cefjkm
cefjkn
cefjko
cefjlm
cefjln
cefjlo
cefjmn
cefjmo
cefjno
cefklm
cefkln
cefklo
cefkmn
cefkmo
cefkno
ceflmn
ceflmo
ceflno
cefmno
ceghij
ceghik
ceghil
ceghim
ceghin
ceghio
ceghjk
ceghjl
ceghjm
ceghjn
ceghjo
ceghkl
ceghkm
ceghkn
ceghko
ceghlm
ceghln
ceghlo
ceghmn
ceghmo
ceghno
cegijk
cegijl
cegijm
cegijn
cegijo
cegikl
cegikm
cegikn
cegiko
cegilm
cegiln
cegilo
cegimn
cegimo
cegino
cegjkl
cegjkm
cegjkn
cegjko
cegjlm
cegjln
cegjlo
cegjmn
cegjmo
cegjno
cegklm
cegkln
cegklo
cegkmn
cegkmo
cegkno
ceglmn
ceglmo
ceglno
cegmno
cehijk
cehijl
cehijm
cehijn
cehijo
cehikl
cehikm
cehikn
cehiko
cehilm
cehiln
cehilo
cehimn
cehimo
cehino
cehjkl
cehjkm
cehjkn
cehjko
cehjlm
cehjln
cehjlo
cehjmn
cehjmo
cehjno
cehklm
cehkln
cehklo
cehkmn
cehkmo
cehkno
cehlmn
cehlmo
cehlno
cehmno
ceijkl
ceijkm
ceijkn
ceijko
ceijlm
ceijln
ceijlo
ceijmn
ceijmo
ceijno
ceiklm
ceikln
ceiklo
ceikmn
ceikmo
ceikno
ceilmn
ceilmo
ceilno
ceimno
cejklm
cejkln
cejklo
cejkmn
cejkmo
cejkno
cejlmn
cejlmo
cejlno
cejmno
ceklmn
ceklmo
ceklno
cekmno
celmno
cfghij
cfghik
cfghil
cfghim
cfghin
cfghio
cfghjk
cfghjl
cfghjm
cfghjn
cfghjo
cfghkl
cfghkm
cfghkn
cfghko
cfghlm
cfghln
cfghlo
cfghmn
cfghmo
cfghno
cfgijk
cfgijl
cfgijm
cfgijn
cfgijo
cfgikl
cfgikm
cfgikn
cfgiko
cfgilm
cfgiln
cfgilo
cfgimn
cfgimo
cfgino
cfgjkl
cfgjkm
cfgjkn
cfgjko
cfgjlm
cfgjln
cfgjlo
cfgjmn
cfgjmo
cfgjno
cfgklm
cfgkln
cfgklo
cfgkmn
cfgkmo
cfgkno
cfglmn
cfglmo
cfglno
cfgmno
cfhijk
cfhijl
cfhijm
cfhijn
cfhijo
cfhikl
cfhikm
cfhikn
cfhiko
cfhilm
cfhiln
cfhilo
cfhimn
cfhimo
cfhino
cfhjkl
cfhjkm
cfhjkn
cfhjko
cfhjlm
cfhjln
cfhjlo
cfhjmn
cfhjmo
cfhjno
cfhklm
cfhkln
cfhklo
cfhkmn
cfhkmo
cfhkno
cfhlmn
cfhlmo
cfhlno
cfhmno
cfijkl
cfijkm
cfijkn
cfijko
cfijlm
cfijln
cfijlo
cfijmn
cfijmo
cfijno
cfiklm
cfikln
cfiklo
cfikmn
cfikmo
cfikno
cfilmn
cfilmo
cfilno
cfimno
cfjklm
cfjkln
cfjklo
cfjkmn
cfjkmo
cfjkno
cfjlmn
cfjlmo
cfjlno
cfjmno
cfklmn
cfklmo
cfklno
cfkmno
cflmno
cghijk
cghijl
cghijm
cghijn
cghijo
cghikl
cghikm
cghikn
cghiko
cghilm
cghiln
cghilo
cghimn
cghimo
cghino
cghjkl
cghjkm
cghjkn
cghjko
cghjlm
cghjln
cghjlo
cghjmn
cghjmo
cghjno
cghklm
cghkln
cghklo
cghkmn
cghkmo
cghkno
cghlmn
cghlmo
cghlno
cghmno
cgijkl
cgijkm
cgijkn
cgijko
cgijlm
cgijln
cgijlo
cgijmn
cgijmo
cgijno
cgiklm
cgikln
cgiklo
cgikmn
cgikmo
cgikno
cgilmn
cgilmo
cgilno
cgimno
cgjklm
cgjkln
cgjklo
cgjkmn
cgjkmo
cgjkno
cgjlmn
cgjlmo
cgjlno
cgjmno
cgklmn
cgklmo
cgklno
cgkmno
cglmno
chijkl
chijkm
chijkn
chijko
chijlm
chijln
chijlo
chijmn
chijmo
chijno
chiklm
chikln
chiklo
chikmn
chikmo
chikno
chilmn
chilmo
chilno
chimno
chjklm
chjkln
chjklo
chjkmn
chjkmo
chjkno
chjlmn
chjlmo
chjlno
chjmno
chklmn
chklmo
chklno
chkmno
chlmno
cijklm
cijkln
cijklo
cijkmn
cijkmo
cijkno
cijlmn
cijlmo
cijlno
cijmno
ciklmn
ciklmo
ciklno
cikmno
cilmno
cjklmn
cjklmo
cjklno
cjkmno
cjlmno
cklmno
defghi
defghj
defghk
defghl
defghm
defghn
defgho
defgij
defgik
defgil
defgim
defgin
defgio
defgjk
defgjl
defgjm
defgjn
defgjo
defgkl
defgkm
defgkn
defgko
defglm
defgln
defglo
defgmn
defgmo
defgno
defhij
defhik
defhil
defhim
defhin
defhio
defhjk
defhjl
defhjm
defhjn
defhjo
defhkl
defhkm
defhkn
defhko
defhlm
defhln
defhlo
defhmn
defhmo
defhno
defijk
defijl
defijm
defijn
defijo
defikl
defikm
defikn
defiko
defilm
defiln
defilo
defimn
defimo
defino
defjkl
defjkm
defjkn
defjko
defjlm
defjln
defjlo
defjmn
defjmo
defjno
defklm
defkln
defklo
defkmn
defkmo
defkno
deflmn
deflmo
deflno
defmno
deghij
deghik
deghil
deghim
deghin
deghio
deghjk
deghjl
deghjm
deghjn
deghjo
deghkl
deghkm
deghkn
deghko
deghlm
deghln
deghlo
deghmn
deghmo
deghno
degijk
degijl
degijm
degijn
degijo
degikl
degikm
degikn
degiko
degilm
degiln
degilo
degimn
degimo
degino
degjkl
degjkm
degjkn
degjko
degjlm
degjln
degjlo
degjmn
degjmo
degjno
degklm
degkln
degklo
degkmn
degkmo
degkno
deglmn
deglmo
deglno
degmno
dehijk
dehijl
dehijm
dehijn
dehijo
dehikl
dehikm
dehikn
dehiko
dehilm
dehiln
dehilo
dehimn
dehimo
dehino
dehjkl
dehjkm
dehjkn
dehjko
dehjlm
dehjln
dehjlo
dehjmn
dehjmo
dehjno
dehklm
dehkln
dehklo
dehkmn
dehkmo
dehkno
dehlmn
dehlmo
dehlno
dehmno
deijkl
deijkm
deijkn
deijko
deijlm
deijln
deijlo
deijmn
deijmo
deijno
deiklm
deikln
deiklo
deikmn
deikmo
deikno
deilmn
deilmo
deilno
deimno
dejklm
dejkln
dejklo
dejkmn
dejkmo
dejkno
dejlmn
dejlmo
dejlno
dejmno
deklmn
deklmo
deklno
dekmno
delmno
dfghij
dfghik
dfghil
dfghim
dfghin
dfghio
dfghjk
dfghjl
dfghjm
dfghjn
dfghjo
dfghkl
dfghkm
dfghkn
dfghko
dfghlm
dfghln
dfghlo
dfghmn
dfghmo
dfghno
dfgijk
dfgijl
dfgijm
dfgijn
dfgijo
dfgikl
dfgikm
dfgikn
dfgiko
dfgilm
dfgiln
dfgilo
dfgimn
dfgimo
dfgino
dfgjkl
dfgjkm
dfgjkn
dfgjko
dfgjlm
dfgjln
dfgjlo
dfgjmn
dfgjmo
dfgjno
dfgklm
dfgkln
dfgklo
dfgkmn
dfgkmo
dfgkno
dfglmn
dfglmo
dfglno
dfgmno
dfhijk
dfhijl
dfhijm
dfhijn
dfhijo
dfhikl
dfhikm
dfhikn
dfhiko
dfhilm
dfhiln
dfhilo
dfhimn
dfhimo
dfhino
dfhjkl
dfhjkm
dfhjkn
dfhjko
dfhjlm
dfhjln
dfhjlo
dfhjmn
dfhjmo
dfhjno
dfhklm
dfhkln
dfhklo
dfhkmn
dfhkmo
dfhkno
dfhlmn
dfhlmo
dfhlno
dfhmno
dfijkl
dfijkm
dfijkn
dfijko
dfijlm
dfijln
dfijlo
dfijmn
dfijmo
dfijno
dfiklm
dfikln
dfiklo
dfikmn
dfikmo
dfikno
dfilmn
dfilmo
dfilno
dfimno
dfjklm
dfjkln
dfjklo
dfjkmn
dfjkmo
dfjkno
dfjlmn
dfjlmo
dfjlno
dfjmno
dfklmn
dfklmo
dfklno
dfkmno
dflmno
dghijk
dghijl
dghijm
dghijn
dghijo
dghikl
dghikm
dghikn
dghiko
dghilm
dghiln
dghilo
dghimn
dghimo
dghino
dghjkl
dghjkm
dghjkn
dghjko
dghjlm
dghjln
dghjlo
dghjmn
dghjmo
dghjno
dghklm
dghkln
dghklo
dghkmn
dghkmo
dghkno
dghlmn
dghlmo
dghlno
dghmno
dgijkl
dgijkm
dgijkn
dgijko
dgijlm
dgijln
dgijlo
dgijmn
dgijmo
dgijno
dgiklm
dgikln
dgiklo
dgikmn
dgikmo
dgikno
dgilmn
dgilmo
dgilno
dgimno
dgjklm
dgjkln
dgjklo
dgjkmn
dgjkmo
dgjkno
dgjlmn
dgjlmo
dgjlno
dgjmno
dgklmn
dgklmo
dgklno
dgkmno
dglmno
dhijkl
dhijkm
dhijkn
dhijko
dhijlm
dhijln
dhijlo
dhijmn
dhijmo
dhijno
dhiklm
dhikln
dhiklo
dhikmn
dhikmo
dhikno
dhilmn
dhilmo
dhilno
dhimno
dhjklm
dhjkln
dhjklo
dhjkmn
dhjkmo
dhjkno
dhjlmn
dhjlmo
dhjlno
dhjmno
dhklmn
dhklmo
dhklno
dhkmno
dhlmno
dijklm
dijkln
dijklo
dijkmn
dijkmo
dijkno
dijlmn
dijlmo
dijlno
dijmno
diklmn
diklmo
diklno
dikmno
dilmno
djklmn
djklmo
djklno
djkmno
djlmno
dklmno
efghij
efghik
efghil
efghim
efghin
efghio
efghjk
efghjl
efghjm
efghjn
efghjo
efghkl
efghkm
efghkn
efghko
efghlm
efghln
efghlo
efghmn
efghmo
efghno
efgijk
efgijl
efgijm
efgijn
efgijo
efgikl
efgikm
efgikn
efgiko
efgilm
efgiln
efgilo
efgimn
efgimo
efgino
efgjkl
efgjkm
efgjkn
efgjko
efgjlm
efgjln
efgjlo
efgjmn
efgjmo
efgjno
efgklm
efgkln
efgklo
efgkmn
efgkmo
efgkno
efglmn
efglmo
efglno
efgmno
efhijk
efhijl
efhijm
efhijn
efhijo
efhikl
efhikm
efhikn
efhiko
efhilm
efhiln
efhilo
efhimn
efhimo
efhino
efhjkl
efhjkm
efhjkn
efhjko
efhjlm
efhjln
efhjlo
efhjmn
efhjmo
efhjno
efhklm
efhkln
efhklo
efhkmn
efhkmo
efhkno
efhlmn
efhlmo
efhlno
efhmno
efijkl
efijkm
efijkn
efijko
efijlm
efijln
efijlo
efijmn
efijmo
efijno
efiklm
efikln
efiklo
efikmn
efikmo
efikno
efilmn
efilmo
efilno
efimno
efjklm
efjkln
efjklo
efjkmn
efjkmo
efjkno
efjlmn
efjlmo
efjlno
efjmno
efklmn
efklmo
efklno
efkmno
eflmno
eghijk
eghijl
eghijm
eghijn
eghijo
eghikl
eghikm
eghikn
eghiko
eghilm
eghiln
eghilo
eghimn
eghimo
eghino
eghjkl
eghjkm
eghjkn
eghjko
eghjlm
eghjln
eghjlo
eghjmn
eghjmo
eghjno
eghklm
eghkln
eghklo
eghkmn
eghkmo
eghkno
eghlmn
eghlmo
eghlno
eghmno
egijkl
egijkm
egijkn
egijko
egijlm
egijln
egijlo
egijmn
egijmo
egijno
egiklm
egikln
egiklo
egikmn
egikmo
egikno
egilmn
egilmo
egilno
egimno
egjklm
egjkln
egjklo
egjkmn
egjkmo
egjkno
egjlmn
egjlmo
egjlno
egjmno
egklmn
egklmo
egklno
egkmno
eglmno
ehijkl
ehijkm
ehijkn
ehijko
ehijlm
ehijln
ehijlo
ehijmn
ehijmo
ehijno
ehiklm
ehikln
ehiklo
ehikmn
ehikmo
ehikno
ehilmn
ehilmo
ehilno
ehimno
ehjklm
ehjkln
ehjklo
ehjkmn
ehjkmo
ehjkno
ehjlmn
ehjlmo
ehjlno
ehjmno
ehklmn
ehklmo
ehklno
ehkmno
ehlmno
eijklm
eijkln
eijklo
eijkmn
eijkmo
eijkno
eijlmn
eijlmo
eijlno
eijmno
eiklmn
eiklmo
eiklno
eikmno
eilmno
ejklmn
ejklmo
ejklno
ejkmno
ejlmno
eklmno
fghijk
fghijl
fghijm
fghijn
fghijo
fghikl
fghikm
fghikn
fghiko
fghilm
fghiln
fghilo
fghimn
fghimo
fghino
fghjkl
fghjkm
fghjkn
fghjko
fghjlm
fghjln
fghjlo
fghjmn
fghjmo
fghjno
fghklm
fghkln
fghklo
fghkmn
fghkmo
fghkno
fghlmn
fghlmo
fghlno
fghmno
fgijkl
fgijkm
fgijkn
fgijko
fgijlm
fgijln
fgijlo
fgijmn
fgijmo
fgijno
fgiklm
fgikln
fgiklo
fgikmn
fgikmo
fgikno
fgilmn
fgilmo
fgilno
fgimno
fgjklm
fgjkln
fgjklo
fgjkmn
fgjkmo
fgjkno
fgjlmn
fgjlmo
fgjlno
fgjmno
fgklmn
fgklmo
fgklno
fgkmno
fglmno
fhijkl
fhijkm
fhijkn
fhijko
fhijlm
fhijln
fhijlo
fhijmn
fhijmo
fhijno
fhiklm
fhikln
fhiklo
fhikmn
fhikmo
fhikno
fhilmn
fhilmo
fhilno
fhimno
fhjklm
fhjkln
fhjklo
fhjkmn
fhjkmo
fhjkno
fhjlmn
fhjlmo
fhjlno
fhjmno
fhklmn
fhklmo
fhklno
fhkmno
fhlmno
fijklm
fijkln
fijklo
fijkmn
fijkmo
fijkno
fijlmn
fijlmo
fijlno
fijmno
fiklmn
fiklmo
fiklno
fikmno
filmno
fjklmn
fjklmo
fjklno
fjkmno
fjlmno
fklmno
ghijkl
ghijkm
ghijkn
ghijko
ghijlm
ghijln
ghijlo
ghijmn
ghijmo
ghijno
ghiklm
ghikln
ghiklo
ghikmn
ghikmo
ghikno
ghilmn
ghilmo
ghilno
ghimno
ghjklm
ghjkln
ghjklo
ghjkmn
ghjkmo
ghjkno
ghjlmn
ghjlmo
ghjlno
ghjmno
ghklmn
ghklmo
ghklno
ghkmno
ghlmno
gijklm
gijkln
gijklo
gijkmn
gijkmo
gijkno
gijlmn
gijlmo
gijlno
gijmno
giklmn
giklmo
giklno
gikmno
gilmno
gjklmn
gjklmo
gjklno
gjkmno
gjlmno
gklmno
hijklm
hijkln
hijklo
hijkmn
hijkmo
hijkno
hijlmn
hijlmo
hijlno
hijmno
hiklmn
hiklmo
hiklno
hikmno
hilmno
hjklmn
hjklmo
hjklno
hjkmno
hjlmno
hklmno
ijklmn
ijklmo
ijklno
ijkmno
ijlmno
iklmno
jklmno
