Added
WorldWidePlaza in EightAvenue
WorldWidePlaza in EightAvenue
WorldWidePlaza
Added
ChryslerBuilding
ChryslerBuilding in Lexington
WorldWidePlaza in EightAvenue
Added
ChryslerBuilding in Lexington
ChryslerBuilding, AXACenter
WorldWidePlaza in EightAvenue
Added
ChryslerBuilding in Lexington
PetronasTowers in Malaysia
PetronasTowers
Duplicated
ChryslerBuilding in Lexington
PetronasTowers in Malaysia
ChryslerBuilding
Added
EiffelTower in France
PetronasTowers in Malaysia
PetronasTowers
Duplicated
EiffelTower in France
PetronasTowers in Malaysia
WorldWidePlaza, AXACenter, PetronasTowers
Added
EiffelTower in France
ManhattanWestTower in WestStreet
Added
EiffelTower in France
ManhattanWestTower in WestStreet
PetronasTowers, EiffelTower, ManhattanWestTower, MetropolitanTower
Added
EiffelTower in France
ManhattanWestTower in WestStreet
EmpireStateBuilding
