Added
PisaTower in Italy
PisaTower in Italy
Added
PisaTower in Italy
ManhattanPlaza in Liberty
Added
PisaTower in Italy
TimesSquareTower in TimesSquare
Added
PisaTower in Italy
TimesSquareTower in TimesSquare
Added
PisaTower in Italy
ManhattanWestTower in WestStreet
Duplicated
PisaTower in Italy
ManhattanWestTower in WestStreet
Added
PisaTower in Italy
ManhattanWestTower in WestStreet
Added
PisaTower in Italy
ManhattanWestTower in WestStreet
Duplicated
PisaTower in Italy
ManhattanWestTower in WestStreet
Added
PisaTower in Italy
ManhattanWestTower in WestStreet
Added
PisaTower in Italy
ManhattanWestTower in WestStreet
Duplicated
PisaTower in Italy
ManhattanWestTower in WestStreet
Added
PisaTower in Italy
ManhattanWestTower in WestStreet
Duplicated
PisaTower in Italy
ManhattanWestTower in WestStreet
Duplicated
PisaTower in Italy
ManhattanWestTower in WestStreet
Added
PisaTower in Italy
ManhattanWestTower in WestStreet
Added
PisaTower in Italy
ManhattanWestTower in WestStreet
Added
PisaTower in Italy
ManhattanWestTower in WestStreet
Added
PisaTower in Italy
ManhattanWestTower in WestStreet
Duplicated
PisaTower in Italy
ManhattanWestTower in WestStreet
PisaTower, TimesSquareTower, ManhattanWestTower, CarnegieHallTower, EiffelTower, BloombergTower
EmpireStateBuilding, SpruceStreetBuilding
ManhattanPlaza, WorldWidePlaza
CentralParkPlace, ExchangePlace
