Tokyo SGP 15:38 1 4:05 490
Taipei SGP 12:53 0 22:24 1110
Taipei CDSL 17:17 1 0:49 740
Tokyo SZBA 4:17 0 19:19 1160
Taipei Jakarta 8:17 1 6:14 290
SZBA GZBY 1:05 2 23:41 230
SGP GZBY 15:26 1 14:19 540
SHFD Tokyo 20:50 1 21:56 310
BJ Taipei 10:35 1 3:53 340
HZXS SZBA 9:46 0 13:57 930
CDSL BJ 6:40 1 4:39 310
Jakarta SHFD 14:23 1 18:15 970
SGP Tokyo 4:39 0 18:05 1170
HZXS SZBA 9:46 0 13:57 930
GZBY Jakarta 6:24 1 5:10 1020
Jakarta SHFD 21:19 1 2:03 1050
Tokyo Jakarta 9:56 0 23:40 600
GZBY SHFD 15:34 1 3:58 200
Jakarta Taipei 15:13 1 6:34 270
SHFD SZBA 3:41 0 7:14 450
GZBY SGP 0:22 0 8:15 940
CDSL HZXS 5:57 0 11:00 800
GZBY SGP 0:22 0 8:15 940
Jakarta BJ 19:02 1 7:27 360
CDSL SGP 2:48 1 19:30 280
Tokyo SHFD 7:27 0 10:04 280
Jakarta Taipei 19:52 1 11:18 270
SGP Jakarta 13:13 2 18:07 240
BJ Tokyo 1:20 0 18:08 740
Jakarta Taipei 15:13 1 6:34 270
Jakarta Tokyo 2:25 0 6:27 1090
CDSL HZXS 14:02 0 18:41 360
Jakarta SGP 20:06 1 13:06 990
Jakarta SGP 7:50 1 6:13 340
HZXS SZBA 9:46 0 13:57 930
Taipei SZBA 9:48 0 21:26 980
SZBA Jakarta 20:09 1 18:56 310
Tokyo CDSL 0:42 1 22:25 360
Tokyo Taipei 17:42 0 19:14 220
SHFD GZBY 12:04 2 15:40 270
Tokyo BJ 15:05 0 17:13 310
SZBA Taipei 17:22 0 21:18 200
Taipei BJ 9:40 1 7:53 270
Tokyo Jakarta 9:56 0 23:40 600
HZXS SZBA 23:59 1 10:10 480
SHFD SGP 16:02 1 3:26 1020
Tokyo CDSL 18:48 1 0:40 1160
SZBA CDSL 15:22 0 20:49 640
GZBY Jakarta 7:08 0 18:38 810
SZBA SGP 15:41 1 15:22 670
Tokyo BJ 15:05 0 17:13 310
Taipei CDSL 13:07 1 2:57 210
GZBY HZXS 4:52 2 8:29 670
SGP SHFD 20:50 1 2:40 400
Taipei Jakarta 21:27 1 3:54 200
GZBY SGP 5:21 2 3:17 250
GZBY SGP 0:22 0 8:15 940
CDSL BJ 21:13 1 0:28 570
CDSL HZXS 14:02 0 18:41 360
SGP Taipei 19:15 1 1:29 370
Tokyo SHFD 14:10 1 13:05 970
BJ HZXS 4:57 0 12:24 430
SZBA Taipei 17:22 0 21:18 200
GZBY Tokyo 21:10 1 16:51 300
SGP GZBY 12:52 1 4:13 410
Taipei Jakarta 21:27 1 3:54 200
SZBA BJ 10:32 0 12:20 1160
SZBA CDSL 15:22 0 20:49 640
GZBY SGP 5:21 2 3:17 250
BJ SHFD 15:04 1 12:58 360
Taipei BJ 9:40 1 7:53 270
HZXS Tokyo 8:09 1 15:19 300
SGP BJ 13:11 0 23:51 1100
SZBA Taipei 17:22 0 21:18 200
Tokyo Taipei 9:37 0 16:32 590
HZXS Tokyo 15:34 0 21:40 1030
SZBA HZXS 7:19 1 1:39 540
Jakarta HZXS 4:52 0 8:32 270
BJ SZBA 14:00 2 3:06 260
BJ Jakarta 23:22 1 3:40 880
SHFD CDSL 13:35 0 17:07 720
SGP CDSL 13:22 1 8:56 350
CDSL GZBY 7:52 1 7:31 400
HZXS GZBY 11:54 1 0:17 390
SZBA Taipei 17:22 0 21:18 200
GZBY SZBA 12:41 1 22:00 350
CDSL SGP 15:57 1 1:04 540
SHFD CDSL 13:57 1 14:59 590
CDSL SHFD 1:17 1 3:01 1080
GZBY SZBA 11:22 0 23:38 400
Taipei SZBA 9:48 0 21:26 980
SHFD Taipei 3:44 0 13:57 1170
SZBA Tokyo 5:04 0 8:29 1050
GZBY SHFD 15:34 1 3:58 200
BJ CDSL 23:16 1 9:31 1170
Jakarta SZBA 20:31 1 14:29 1160
CDSL Jakarta 22:58 1 21:58 910
CDSL SHFD 3:25 1 6:40 400
Jakarta GZBY 15:59 1 14:54 900
GZBY SGP 0:22 0 8:15 940
SGP GZBY 22:46 1 8:39 1180
Taipei SHFD 7:24 0 12:47 520
GZBY SGP 5:21 2 3:17 250
SGP HZXS 20:18 1 16:09 700
SZBA BJ 10:32 0 12:20 1160
GZBY SGP 5:21 2 3:17 250
Jakarta Taipei 4:56 0 17:23 1090
Tokyo BJ 8:10 1 9:12 300
HZXS BJ 10:45 2 23:59 510
SGP GZBY 22:46 1 8:39 1180
HZXS SGP 22:14 1 15:23 520
Tokyo SZBA 11:02 1 7:42 250
Jakarta HZXS 4:52 0 8:32 270
Tokyo GZBY 16:49 1 9:54 270
BJ SHFD 15:04 1 12:58 360
SZBA SGP 3:26 0 9:27 840
HZXS Tokyo 8:09 1 15:19 300
SGP SHFD 20:50 1 2:40 400
SZBA HZXS 22:43 2 23:27 420
GZBY SHFD 15:34 1 3:58 200
BJ CDSL 13:04 2 19:06 210
SGP CDSL 13:22 1 8:56 350
Jakarta Taipei 6:45 1 12:59 860
Jakarta CDSL 19:16 1 7:02 630
SZBA HZXS 20:09 1 8:02 610
Tokyo CDSL 0:42 1 22:25 360
Tokyo Jakarta 19:39 1 4:21 1170
CDSL SGP 2:48 1 19:30 280
SZBA SGP 15:41 1 15:22 670
SHFD Tokyo 17:42 2 9:35 200
Tokyo SZBA 7:00 1 13:43 1120
GZBY CDSL 6:48 0 8:21 690
Jakarta CDSL 19:16 1 7:02 630
HZXS CDSL 18:44 1 11:55 580
HZXS Jakarta 9:21 1 17:04 840
Jakarta SGP 20:06 1 13:06 990
SZBA Tokyo 6:53 1 6:17 1100
Taipei CDSL 13:07 1 2:57 210
SHFD Taipei 4:15 2 23:29 230
SHFD Tokyo 20:50 1 21:56 310
CDSL SGP 23:25 1 5:45 790
Tokyo SZBA 4:17 0 19:19 1160
Taipei Tokyo 7:51 0 12:12 710
BJ SGP 15:10 1 12:15 1090
CDSL SGP 23:25 1 5:45 790
GZBY SZBA 18:26 1 20:10 470
Jakarta SZBA 13:55 0 16:46 660
Tokyo SGP 15:38 1 4:05 490
GZBY HZXS 21:24 1 11:43 400
GZBY SZBA 11:22 0 23:38 400
CDSL GZBY 17:50 1 0:40 840
SHFD HZXS 18:22 1 19:21 620
GZBY Jakarta 10:56 2 19:32 520
GZBY CDSL 6:48 0 8:21 690
BJ CDSL 12:26 1 1:10 640
Tokyo GZBY 19:45 1 0:31 1160
SHFD BJ 23:04 1 19:08 360
CDSL SZBA 16:11 2 17:02 1080
Jakarta SGP 20:06 1 13:06 990
SGP BJ 13:11 0 23:51 1100
Taipei HZXS 1:27 0 21:34 1190
SHFD BJ 23:04 1 19:08 360
SHFD SZBA 12:01 2 16:56 980
CDSL Taipei 23:11 1 5:05 900
BJ SHFD 7:43 0 18:00 470
SZBA GZBY 1:05 2 23:41 230
Jakarta CDSL 9:33 0 18:27 520
Taipei GZBY 12:21 2 2:25 870
HZXS Taipei 7:25 0 14:50 1040
HZXS Tokyo 15:34 0 21:40 1030
Tokyo SZBA 0:35 1 10:33 1120
BJ CDSL 13:04 2 19:06 210
Taipei HZXS 8:32 1 8:31 220
Tokyo Taipei 10:36 2 15:35 420
Taipei SZBA 9:48 0 21:26 980
BJ Tokyo 18:04 1 6:22 200
Taipei SZBA 9:48 0 21:26 980
SGP GZBY 10:30 2 12:46 1180
Tokyo SHFD 16:24 2 23:36 660
SHFD SGP 10:08 2 1:49 1160
HZXS CDSL 23:09 1 5:54 1060
SZBA SHFD 2:18 2 18:26 500
CDSL BJ 6:40 1 4:39 310
SZBA Tokyo 8:37 1 0:28 370
Jakarta Tokyo 21:25 2 6:30 370
SZBA SHFD 20:57 1 1:20 860
BJ SHFD 0:37 1 11:44 1180
SZBA Tokyo 8:37 1 0:28 370
CDSL Taipei 12:12 1 1:38 890
SHFD SZBA 3:41 0 7:14 450
SZBA SHFD 5:05 1 6:48 240
SHFD GZBY 15:36 1 0:25 770
Taipei SZBA 23:41 1 12:36 890
Tokyo Jakarta 19:39 1 4:21 1170
SGP HZXS 20:18 1 16:09 700
Jakarta SHFD 21:19 1 2:03 1050
SHFD SGP 16:02 1 3:26 1020
BJ Taipei 10:35 1 3:53 340
Taipei HZXS 8:32 1 8:31 220
HZXS GZBY 11:54 1 0:17 390
SHFD GZBY 1:50 0 16:04 450
Jakarta Taipei 15:13 1 6:34 270
SGP Taipei 19:15 1 1:29 370
GZBY HZXS 6:48 0 23:37 390
SHFD GZBY 1:50 0 16:04 450
Jakarta SHFD 15:03 0 21:09 710
BJ Tokyo 23:42 2 7:59 1180
SHFD BJ 23:04 1 19:08 360
CDSL Tokyo 15:45 1 0:20 730
Tokyo SHFD 7:27 0 10:04 280
Jakarta HZXS 4:52 0 8:32 270
BJ Taipei 10:35 1 3:53 340
HZXS Taipei 1:26 1 11:12 1020
Tokyo SHFD 7:27 0 10:04 280
GZBY Taipei 6:44 1 0:10 1080
GZBY SHFD 12:00 2 0:32 600
Taipei SZBA 10:54 1 6:55 370
BJ SGP 7:36 1 3:57 220
Jakarta CDSL 2:41 0 10:07 1060
HZXS GZBY 11:54 1 0:17 390
CDSL SZBA 23:26 1 11:59 390
HZXS SGP 20:10 2 7:37 220
Jakarta HZXS 4:52 0 8:32 270
GZBY Taipei 14:42 2 19:11 230
SHFD SGP 16:02 1 3:26 1020
SGP HZXS 8:00 2 15:57 220
SGP Tokyo 13:48 0 19:45 260
SGP SZBA 9:50 1 4:29 350
SHFD SZBA 23:07 2 9:25 310
SGP Taipei 19:15 1 1:29 370
BJ GZBY 20:04 1 2:00 430
SHFD SZBA 3:41 0 7:14 450
SHFD SZBA 12:01 2 16:56 980
Jakarta SZBA 13:55 0 16:46 660
GZBY CDSL 19:07 2 12:57 690
GZBY Tokyo 21:10 1 16:51 300
SGP SHFD 20:50 1 2:40 400
Jakarta HZXS 4:52 0 8:32 270
Taipei CDSL 17:17 1 0:49 740
SZBA HZXS 20:09 1 8:02 610
GZBY SGP 0:22 0 8:15 940
SGP Tokyo 14:57 1 15:35 710
SZBA SHFD 20:57 1 1:20 860
SZBA BJ 19:37 1 15:03 850
SHFD GZBY 12:04 2 15:40 270
Taipei SHFD 13:14 1 15:21 210
Tokyo Jakarta 10:18 1 11:28 200
Tokyo SHFD 7:27 0 10:04 280
SHFD SGP 14:05 1 2:53 1010
Jakarta CDSL 9:33 0 18:27 520
SHFD BJ 15:01 1 7:55 790
SGP Jakarta 1:31 0 12:35 400
SZBA Tokyo 5:04 0 8:29 1050
SHFD Taipei 22:42 1 0:03 570
GZBY SHFD 15:34 1 3:58 200
SHFD SGP 4:52 2 22:16 750
SZBA CDSL 13:42 1 1:23 290
Tokyo SZBA 11:02 1 7:42 250
SHFD Taipei 22:42 1 0:03 570
SZBA HZXS 20:09 1 8:02 610
HZXS Taipei 12:42 1 10:38 960
BJ Taipei 10:35 1 3:53 340
SGP CDSL 0:59 0 12:56 740
Tokyo GZBY 19:45 1 0:31 1160
Taipei HZXS 1:27 0 21:34 1190
Tokyo Jakarta 19:39 1 4:21 1170
CDSL Tokyo 18:23 2 0:16 440
SHFD SGP 11:39 1 4:48 270
SZBA BJ 10:32 0 12:20 1160
GZBY BJ 19:01 1 0:05 790
SHFD SZBA 3:41 0 7:14 450
BJ SHFD 15:04 1 12:58 360
Tokyo CDSL 10:09 1 20:07 1130
SHFD BJ 19:27 2 15:11 600
CDSL BJ 21:13 1 0:28 570
Jakarta GZBY 12:58 0 20:19 690
SHFD BJ 23:04 1 19:08 360
Taipei SZBA 22:09 2 14:02 900
Taipei CDSL 13:07 1 2:57 210
BJ CDSL 11:44 1 15:18 770
BJ CDSL 12:26 1 1:10 640
SGP SZBA 9:50 1 4:29 350
HZXS BJ 0:11 0 18:49 1130
SHFD Jakarta 10:37 1 19:15 700
HZXS Taipei 7:25 0 14:50 1040
BJ Taipei 21:06 1 22:50 760
SZBA SGP 15:41 1 15:22 670
CDSL SZBA 20:16 2 1:33 230
Taipei BJ 9:40 1 7:53 270
SGP CDSL 13:22 1 8:56 350
CDSL Taipei 18:53 1 1:48 1130
BJ Jakarta 23:22 1 3:40 880
BJ Taipei 10:35 1 3:53 340
SHFD BJ 15:01 1 7:55 790
SHFD BJ 13:22 1 9:42 370
SZBA GZBY 15:00 1 8:40 350
Taipei SHFD 13:14 1 15:21 210
SHFD SGP 5:04 0 21:24 810
GZBY Taipei 14:42 2 19:11 230
Jakarta CDSL 9:33 0 18:27 520
SHFD SGP 14:05 1 2:53 1010
