CDSL Taipei 5:02 1 6:52 720
Taipei SZBA 12:54 0 22:43 200
GZBY Tokyo 1:38 0 22:12 280
CDSL Taipei 17:11 1 13:13 660
CDSL BJ 20:41 1 14:14 480
Tokyo SGP 4:06 0 9:32 400
SGP SHFD 19:58 2 11:30 470
SHFD CDSL 10:50 0 22:43 420
SGP CDSL 5:28 0 12:17 470
CDSL Tokyo 17:34 0 19:16 480
Tokyo CDSL 16:59 0 18:52 760
SZBA Taipei 10:35 1 2:58 210
Jakarta BJ 11:11 0 20:11 750
GZBY Taipei 16:41 1 12:05 460
SHFD CDSL 10:50 0 22:43 420
Tokyo GZBY 4:26 1 2:13 220
SGP SHFD 19:58 2 11:30 470
BJ Taipei 18:32 1 6:58 1090
Taipei SGP 20:28 0 22:25 1080
Tokyo CDSL 16:59 0 18:52 760
GZBY Jakarta 22:02 1 20:14 330
SHFD CDSL 15:40 2 23:41 600
SHFD Tokyo 18:58 1 3:41 760
HZXS Taipei 18:24 1 15:48 1020
Taipei Jakarta 18:21 2 21:23 940
CDSL HZXS 6:53 2 11:08 200
GZBY SHFD 13:48 2 16:01 340
SHFD GZBY 16:53 2 3:27 550
SGP SZBA 4:59 0 7:18 1160
SHFD Tokyo 18:58 1 3:41 760
GZBY SGP 18:55 0 23:11 730
SZBA CDSL 3:37 1 0:36 1020
GZBY Jakarta 22:02 1 20:14 330
SGP CDSL 5:28 0 12:17 470
SGP GZBY 12:53 1 2:28 830
SZBA SHFD 15:58 1 7:59 770
SGP Tokyo 21:36 1 0:39 1080
CDSL SHFD 15:20 1 8:14 490
Tokyo SGP 11:31 0 22:23 530
Tokyo SGP 21:25 2 18:46 550
SZBA CDSL 17:18 1 14:45 770
CDSL GZBY 1:25 1 18:37 560
HZXS GZBY 9:45 2 13:19 510
HZXS BJ 11:40 1 0:48 290
SHFD BJ 18:25 1 21:47 920
SHFD Jakarta 10:35 1 10:57 590
SHFD HZXS 11:56 1 9:05 1090
Jakarta Tokyo 8:09 0 11:44 400
Tokyo GZBY 19:57 1 10:38 830
CDSL GZBY 1:25 1 18:37 560
CDSL SGP 19:49 1 18:54 810
SHFD HZXS 14:16 1 15:31 900
SHFD SZBA 22:57 1 10:27 940
Tokyo CDSL 10:28 2 0:56 370
Taipei Tokyo 1:38 0 15:59 600
GZBY BJ 11:33 0 17:00 1160
BJ Tokyo 4:05 1 20:01 540
Taipei SHFD 6:50 0 12:15 960
SGP HZXS 2:49 0 8:05 930
HZXS Jakarta 22:52 1 1:47 380
HZXS Jakarta 5:02 1 23:39 760
Taipei SHFD 23:27 2 1:27 930
SZBA CDSL 17:18 1 14:45 770
Tokyo CDSL 16:59 0 18:52 760
BJ SHFD 14:30 0 23:16 240
SGP CDSL 19:39 2 4:09 530
SGP SHFD 19:58 2 11:30 470
Taipei SZBA 12:54 0 22:43 200
CDSL Taipei 17:11 1 13:13 660
HZXS Taipei 4:05 2 2:55 250
Taipei SHFD 23:27 2 1:27 930
SHFD SGP 19:36 2 0:07 980
Tokyo Taipei 0:00 1 7:54 440
SHFD CDSL 9:02 1 2:05 1010
SGP CDSL 5:28 0 12:17 470
GZBY BJ 0:34 0 23:45 510
SGP Jakarta 4:33 1 9:39 1060
BJ Taipei 18:32 1 6:58 1090
Taipei SGP 20:28 0 22:25 1080
Jakarta HZXS 7:03 0 14:06 1010
SGP Taipei 5:55 0 11:59 810
CDSL Taipei 13:13 2 16:01 420
CDSL Taipei 15:18 0 22:37 1090
Tokyo Jakarta 14:33 0 21:07 1010
SHFD Jakarta 5:00 2 12:23 1130
SHFD Taipei 11:44 1 6:51 250
HZXS Taipei 2:21 0 16:21 280
SZBA SHFD 9:49 0 17:10 290
SHFD Tokyo 19:58 1 14:23 440
Tokyo Taipei 0:00 1 7:54 440
CDSL Jakarta 13:26 1 15:52 1130
HZXS Tokyo 4:02 1 4:06 410
GZBY SGP 20:57 2 22:10 220
SHFD BJ 1:35 0 17:31 980
GZBY Jakarta 21:18 1 8:30 1070
Jakarta SHFD 19:07 1 10:09 890
SGP SZBA 7:44 2 13:22 270
Tokyo BJ 8:16 2 12:20 320
CDSL SGP 0:31 1 1:12 420
SZBA SHFD 17:28 1 7:58 930
Taipei Jakarta 2:56 1 6:47 240
CDSL SHFD 15:20 1 8:14 490
SGP SZBA 7:44 2 13:22 270
SHFD Tokyo 19:58 1 14:23 440
Jakarta HZXS 9:53 1 18:39 420
BJ Tokyo 4:05 1 20:01 540
Jakarta Taipei 9:50 1 19:03 410
SGP SZBA 14:32 0 22:53 780
Taipei Jakarta 4:58 1 4:03 910
CDSL HZXS 6:53 2 11:08 200
GZBY HZXS 15:09 1 14:12 1070
Taipei Tokyo 1:38 0 15:59 600
BJ Tokyo 21:46 1 6:42 770
Jakarta SGP 21:28 1 17:30 850
SHFD CDSL 23:22 1 5:39 800
GZBY Tokyo 17:57 1 2:49 920
GZBY BJ 11:33 0 17:00 1160
HZXS Jakarta 21:13 1 3:20 810
Jakarta GZBY 22:22 2 5:56 360
Taipei SZBA 12:54 0 22:43 200
Jakarta Taipei 5:56 2 6:05 210
SZBA SHFD 9:49 0 17:10 290
CDSL Tokyo 17:34 0 19:16 480
Jakarta CDSL 17:34 1 17:22 1130
SZBA Taipei 10:35 1 2:58 210
Tokyo SHFD 9:47 1 7:49 670
SZBA Jakarta 18:31 1 19:48 400
SHFD SGP 20:22 1 11:15 750
Taipei Jakarta 2:56 1 6:47 240
SZBA GZBY 8:49 0 12:24 270
SHFD GZBY 16:53 2 3:27 550
SHFD SZBA 7:04 1 8:10 1040
SHFD SGP 5:07 1 3:19 1140
CDSL HZXS 6:53 2 11:08 200
SGP CDSL 5:28 0 12:17 470
SHFD Tokyo 18:58 1 3:41 760
SZBA GZBY 19:53 1 2:09 940
GZBY SZBA 10:00 0 12:48 820
HZXS SGP 4:43 1 10:07 980
Taipei CDSL 23:17 2 6:02 370
Jakarta SHFD 22:04 1 14:55 690
Tokyo GZBY 19:57 1 10:38 830
CDSL HZXS 6:53 2 11:08 200
SZBA BJ 18:58 1 9:25 260
SGP Jakarta 0:11 1 18:24 810
Jakarta HZXS 7:03 0 14:06 1010
BJ SHFD 14:30 0 23:16 240
Taipei Tokyo 1:38 0 15:59 600
Taipei BJ 8:36 0 12:25 230
SZBA GZBY 8:49 0 12:24 270
HZXS CDSL 4:41 0 11:46 310
Jakarta GZBY 13:53 1 0:29 1070
SGP Jakarta 4:33 1 9:39 1060
CDSL BJ 20:41 1 14:14 480
Tokyo BJ 14:16 0 17:22 920
CDSL Taipei 13:13 2 16:01 420
Tokyo SZBA 6:10 0 9:21 1030
Taipei Jakarta 4:58 1 4:03 910
Tokyo Jakarta 14:33 0 21:07 1010
SGP HZXS 22:38 1 3:54 370
HZXS SHFD 15:46 1 11:41 1070
SHFD SZBA 4:26 2 0:16 210
BJ Jakarta 12:37 1 13:29 370
Jakarta Taipei 9:50 1 19:03 410
BJ Tokyo 12:08 1 22:46 930
GZBY BJ 14:44 1 0:54 1120
Taipei BJ 21:34 2 23:18 660
Tokyo GZBY 5:01 0 18:40 1150
CDSL Tokyo 14:10 1 4:07 770
SGP CDSL 5:28 0 12:17 470
Taipei Jakarta 2:56 1 6:47 240
Tokyo SGP 23:47 1 23:39 470
SGP Taipei 5:55 0 11:59 810
Taipei Jakarta 4:58 1 4:03 910
Jakarta BJ 17:22 2 15:25 390
BJ SHFD 14:30 0 23:16 240
HZXS SZBA 2:05 0 15:35 1110
GZBY SGP 20:57 2 22:10 220
Tokyo CDSL 8:30 2 16:59 510
Taipei GZBY 0:50 0 20:56 530
SGP Jakarta 0:11 1 18:24 810
BJ Taipei 18:32 1 6:58 1090
SZBA GZBY 8:49 0 12:24 270
HZXS CDSL 13:31 1 13:53 200
HZXS Taipei 18:24 1 15:48 1020
HZXS SGP 4:43 1 10:07 980
BJ GZBY 15:18 1 9:53 430
HZXS Tokyo 4:02 1 4:06 410
SGP Jakarta 4:33 1 9:39 1060
SGP CDSL 5:28 0 12:17 470
SHFD Taipei 19:43 1 9:01 830
SZBA SGP 8:54 1 18:20 1190
SGP Tokyo 18:00 1 14:31 490
CDSL Taipei 15:18 0 22:37 1090
SGP HZXS 8:26 0 13:59 390
Tokyo Jakarta 14:33 0 21:07 1010
Jakarta SHFD 9:14 1 2:35 420
Tokyo CDSL 16:59 0 18:52 760
SZBA BJ 22:09 1 3:30 290
Tokyo Jakarta 14:33 0 21:07 1010
