Jakarta CDSL 1:23 0 5:33 690
Taipei HZXS 19:51 0 23:29 520
HZXS BJ 22:41 1 14:54 210
GZBY SZBA 23:03 1 3:05 1110
Jakarta Taipei 15:44 1 15:25 340
HZXS BJ 22:41 1 14:54 210
CDSL Tokyo 11:09 2 20:14 200
Tokyo SGP 21:19 2 18:51 260
SHFD SGP 4:18 2 18:57 570
GZBY CDSL 19:33 1 5:03 870
Tokyo GZBY 9:43 0 15:23 900
SHFD Tokyo 9:15 2 8:38 270
BJ Jakarta 19:09 1 17:39 680
BJ SHFD 8:33 1 3:25 520
Tokyo HZXS 15:21 1 12:08 820
SGP SZBA 20:54 1 7:29 750
SZBA Tokyo 8:29 1 5:49 450
CDSL Tokyo 4:35 1 14:36 200
SGP Tokyo 10:26 0 12:36 270
Taipei CDSL 23:46 1 2:52 290
BJ Tokyo 2:43 0 21:35 350
GZBY Taipei 14:57 1 1:53 930
Tokyo SGP 13:19 1 1:04 480
Jakarta HZXS 20:35 1 9:44 240
SGP Tokyo 10:26 0 12:36 270
Tokyo GZBY 23:46 1 4:01 740
Tokyo BJ 1:58 2 3:38 290
SGP Jakarta 23:12 1 4:04 870
Jakarta CDSL 1:23 0 5:33 690
GZBY SZBA 1:20 0 18:10 450
SHFD BJ 23:00 1 4:34 610
BJ HZXS 18:25 1 16:59 930
SHFD SZBA 9:33 2 3:39 1020
CDSL Jakarta 12:06 2 15:25 570
Tokyo Jakarta 6:59 0 9:05 900
CDSL SHFD 22:25 1 1:01 910
GZBY SHFD 17:32 0 22:35 580
SHFD SZBA 9:57 0 13:21 220
SZBA HZXS 5:47 0 8:48 910
Jakarta BJ 0:14 1 9:19 1030
SZBA Taipei 23:18 1 11:31 970
SGP Tokyo 7:13 1 16:27 400
Jakarta SHFD 21:10 1 13:16 420
HZXS BJ 4:52 0 21:35 860
Tokyo CDSL 16:07 1 12:01 1180
BJ SZBA 12:23 0 16:47 880
Jakarta GZBY 18:16 1 5:53 630
SHFD HZXS 17:23 1 9:24 850
HZXS GZBY 10:09 0 20:47 750
BJ SHFD 10:21 0 15:43 950
CDSL Taipei 0:14 1 8:29 1010
SGP CDSL 2:57 0 7:10 1120
BJ SGP 20:07 1 0:19 230
Tokyo SGP 13:19 1 1:04 480
HZXS BJ 3:52 1 7:39 930
GZBY Taipei 2:04 0 7:20 1090
CDSL Taipei 12:25 1 12:35 950
SGP CDSL 2:57 0 7:10 1120
Tokyo HZXS 21:09 2 1:50 260
CDSL BJ 23:11 1 6:25 1040
HZXS CDSL 21:04 1 8:14 500
HZXS Tokyo 13:28 1 4:18 280
CDSL SGP 4:04 0 15:59 650
GZBY HZXS 10:51 0 16:03 290
Tokyo SZBA 15:52 1 10:42 220
HZXS Jakarta 0:15 2 6:46 430
GZBY Jakarta 23:38 1 15:42 1060
SGP Jakarta 2:41 1 17:06 210
CDSL SHFD 15:40 0 21:46 470
GZBY SGP 7:53 1 0:59 340
GZBY SZBA 23:03 1 3:05 1110
Taipei SZBA 23:14 2 1:27 970
Jakarta SZBA 2:05 0 11:06 230
SHFD Taipei 3:34 1 1:34 810
BJ SZBA 18:43 2 14:53 290
Tokyo CDSL 4:31 2 23:59 1120
Taipei Jakarta 23:33 1 0:40 750
HZXS SHFD 23:44 1 6:47 260
SZBA SHFD 23:35 1 4:15 1120
SGP Jakarta 11:34 0 22:07 1070
BJ Tokyo 16:16 1 0:20 760
BJ Tokyo 2:43 0 21:35 350
SZBA HZXS 5:47 0 8:48 910
SGP CDSL 2:57 0 7:10 1120
HZXS SHFD 23:44 1 6:47 260
CDSL BJ 0:45 2 5:10 630
Tokyo Jakarta 6:59 0 9:05 900
SZBA GZBY 22:27 1 8:02 790
Jakarta SGP 11:59 1 6:59 920
Jakarta SZBA 2:05 0 11:06 230
SZBA Tokyo 21:27 1 14:22 310
Taipei HZXS 13:47 1 4:52 1110
SGP HZXS 11:45 1 18:29 240
BJ Taipei 13:53 1 5:25 830
CDSL Taipei 20:33 2 16:35 830
BJ SHFD 10:21 0 15:43 950
CDSL Tokyo 11:09 2 20:14 200
SGP SHFD 7:27 1 14:24 930
Tokyo Jakarta 6:59 0 9:05 900
CDSL GZBY 20:20 1 7:59 230
HZXS GZBY 9:43 2 9:02 790
Tokyo Taipei 3:20 1 16:58 1110
Taipei BJ 13:06 1 0:13 830
HZXS SGP 13:29 1 10:01 940
BJ Taipei 8:54 2 6:07 700
Tokyo SGP 21:19 2 18:51 260
SZBA SHFD 12:29 1 1:17 470
BJ Taipei 13:53 1 5:25 830
CDSL GZBY 9:59 1 1:21 260
CDSL BJ 8:40 2 15:22 320
Tokyo BJ 1:58 2 3:38 290
CDSL Taipei 15:32 2 2:56 1060
Jakarta CDSL 1:23 0 5:33 690
Jakarta CDSL 1:23 0 5:33 690
BJ HZXS 18:27 2 2:37 420
CDSL SGP 4:04 0 15:59 650
CDSL Tokyo 4:35 1 14:36 200
HZXS Jakarta 15:30 2 8:51 210
SHFD BJ 19:30 1 19:35 200
BJ HZXS 18:44 1 17:18 430
Jakarta SHFD 4:25 0 20:17 540
SZBA BJ 18:50 0 22:26 230
CDSL Taipei 7:45 0 21:38 800
Tokyo SGP 13:19 1 1:04 480
SZBA CDSL 1:30 1 10:02 690
Tokyo SZBA 15:52 1 10:42 220
GZBY SZBA 5:52 2 0:55 570
GZBY SZBA 8:23 0 21:43 370
HZXS Tokyo 4:17 0 17:00 280
SGP SZBA 20:54 1 7:29 750
Taipei BJ 13:06 1 0:13 830
SGP Tokyo 23:21 1 17:12 570
SHFD HZXS 17:23 1 9:24 850
CDSL SHFD 22:25 1 1:01 910
Taipei SHFD 19:36 0 22:20 1140
HZXS BJ 22:41 1 14:54 210
Jakarta SHFD 21:10 1 13:16 420
Tokyo BJ 12:50 0 19:10 560
CDSL SZBA 20:59 2 13:06 200
BJ SHFD 4:22 2 16:40 930
CDSL HZXS 20:47 1 3:59 580
Tokyo SHFD 20:01 1 3:38 300
Jakarta GZBY 18:16 1 5:53 630
SHFD BJ 23:00 1 4:34 610
SGP Taipei 3:20 0 6:16 1010
SHFD HZXS 17:23 1 9:24 850
HZXS Jakarta 23:30 1 21:27 530
HZXS SHFD 23:44 1 6:47 260
SGP BJ 12:49 1 5:50 460
Tokyo SZBA 18:47 0 21:21 1130
GZBY Tokyo 2:50 0 9:58 250
HZXS SHFD 23:44 1 6:47 260
Taipei GZBY 18:24 0 20:07 670
BJ Tokyo 16:16 1 0:20 760
HZXS SZBA 15:03 2 7:03 1130
BJ Taipei 4:47 1 2:39 510
Taipei Jakarta 6:50 0 16:15 280
CDSL SZBA 16:55 2 3:55 1090
GZBY HZXS 10:51 0 16:03 290
SHFD Taipei 6:41 2 23:35 340
SZBA GZBY 22:27 1 8:02 790
HZXS SZBA 21:03 1 7:02 250
SZBA BJ 18:50 0 22:26 230
SHFD Tokyo 10:06 1 3:29 880
SHFD Taipei 7:05 0 15:06 250
Taipei SGP 10:10 2 12:35 230
CDSL Taipei 7:45 0 21:38 800
CDSL SGP 4:04 0 15:59 650
BJ GZBY 15:27 1 2:13 210
HZXS Tokyo 7:42 1 4:43 1050
Jakarta SHFD 17:41 0 21:49 700
SZBA CDSL 16:17 2 16:53 350
CDSL SGP 4:04 0 15:59 650
SZBA SHFD 12:29 1 1:17 470
GZBY SGP 16:39 2 18:37 240
Tokyo BJ 12:50 0 19:10 560
SZBA BJ 18:05 1 11:38 760
CDSL SZBA 6:57 1 0:29 1120
Taipei CDSL 23:46 1 2:52 290
SZBA BJ 18:50 0 22:26 230
Jakarta SGP 2:46 1 14:18 650
SZBA SHFD 12:29 1 1:17 470
CDSL HZXS 20:47 1 3:59 580
Taipei CDSL 2:56 1 15:08 200
Tokyo CDSL 3:14 2 8:56 260
SHFD CDSL 20:23 1 6:20 940
SZBA Jakarta 10:37 2 10:58 1000
CDSL Jakarta 18:18 1 8:11 1030
Jakarta SHFD 21:10 1 13:16 420
CDSL Jakarta 18:18 1 8:11 1030
Tokyo BJ 12:50 0 19:10 560
Tokyo GZBY 23:32 1 13:07 210
BJ SZBA 18:43 2 14:53 290
SHFD CDSL 12:03 0 14:23 490
Taipei Jakarta 23:33 1 0:40 750
SGP Jakarta 2:00 0 18:40 230
SZBA HZXS 16:35 1 13:14 480
SHFD HZXS 17:23 1 9:24 850
BJ SZBA 8:47 0 15:44 1030
Tokyo SHFD 20:01 1 3:38 300
Tokyo SZBA 15:52 1 10:42 220
SZBA GZBY 22:27 1 8:02 790
SZBA Tokyo 19:02 1 13:57 690
BJ SZBA 8:47 0 15:44 1030
HZXS GZBY 11:35 0 23:02 320
SHFD Jakarta 0:55 2 19:03 340
BJ Tokyo 2:43 0 21:35 350
Jakarta Taipei 13:21 1 10:00 760
Tokyo Taipei 16:40 1 3:06 1060
HZXS GZBY 10:09 0 20:47 750
Taipei CDSL 23:46 1 2:52 290
GZBY Jakarta 23:38 1 15:42 1060
Jakarta SHFD 17:41 0 21:49 700
SGP SZBA 11:28 1 2:25 890
SGP SZBA 6:19 1 17:50 1060
SGP CDSL 15:48 1 21:05 250
SZBA SHFD 23:35 1 4:15 1120
Jakarta HZXS 20:35 1 9:44 240
SZBA GZBY 7:56 1 1:49 290
BJ SGP 6:09 2 0:12 590
BJ GZBY 15:27 1 2:13 210
Tokyo Taipei 12:01 1 1:15 560
HZXS SZBA 4:55 0 11:08 880
HZXS Jakarta 23:30 1 21:27 530
Tokyo Taipei 21:00 2 3:08 230
Jakarta SGP 11:59 1 6:59 920
SZBA CDSL 0:04 0 18:12 490
SGP SHFD 11:53 0 16:53 1010
Taipei Tokyo 4:19 0 14:47 740
Tokyo CDSL 16:07 1 12:01 1180
GZBY SHFD 17:32 0 22:35 580
HZXS SHFD 9:49 0 23:56 1110
BJ Tokyo 2:43 0 21:35 350
CDSL Taipei 12:25 1 12:35 950
SGP Jakarta 2:41 1 17:06 210
CDSL BJ 23:11 1 6:25 1040
Jakarta Tokyo 9:43 1 3:30 330
SHFD HZXS 13:29 1 12:59 370
SZBA GZBY 22:27 1 8:02 790
BJ Taipei 5:56 1 12:31 300
SHFD CDSL 12:03 0 14:23 490
Jakarta CDSL 10:33 0 22:49 750
Tokyo BJ 1:58 2 3:38 290
SZBA GZBY 5:05 0 12:37 780
GZBY HZXS 6:41 0 10:23 990
SHFD Jakarta 8:55 1 7:46 840
SHFD SGP 21:09 1 5:12 610
CDSL Tokyo 4:35 1 14:36 200
Tokyo SZBA 15:52 1 10:42 220
Taipei Jakarta 23:33 1 0:40 750
SGP HZXS 2:13 0 17:59 300
Jakarta SGP 17:39 2 14:25 270
CDSL Jakarta 3:35 0 11:01 550
BJ Jakarta 7:42 1 0:32 550
Taipei HZXS 0:49 1 17:14 1100
HZXS SHFD 23:44 1 6:47 260
SGP Jakarta 0:17 1 15:35 540
BJ HZXS 18:27 2 2:37 420
Taipei GZBY 10:36 0 12:40 820
