Added to storage 1
Added to storage 1
Added to storage 2
Added to storage 1
Added to storage 3
Added to storage 2
Added to storage 4
Added to storage 2
Added to storage 5
Added to storage 3
Added to storage 6
Added to storage 7
Added to storage 6
Added to storage 8
Added to storage 8
Added to storage 9
Added to storage 10
Added to storage 11
Added to storage 12
Added to storage 13
AH 176 KB
AQ 1869 KB
Remaining storage size:
Storage 1: 78 KB
Storage 2: 46 KB
Storage 3: 436 KB
Storage 4: 527 KB
Storage 5: 362 KB
Storage 6: 44 KB
Storage 7: 293 KB
Storage 8: 61 KB
Storage 9: 883 KB
Storage 10: 131 KB
Storage 11: 506 KB
Storage 12: 721 KB
Storage 13: 967 KB
Storage 14: 2000 KB
Storage 15: 2000 KB
Storage 16: 2000 KB
Storage 17: 2000 KB
Storage 18: 2000 KB
Storage 19: 2000 KB
Storage 20: 2000 KB
