Added to storage 1
Added to storage 2
Added to storage 3
Added to storage 4
Added to storage 5
Added to storage 6
Added to storage 7
Added to storage 2
Added to storage 8
Added to storage 9
Added to storage 10
Added to storage 11
Added to storage 12
Added to storage 13
Added to storage 14
BB 250 KB
GG 1000 KB
Remaining storage size:
Storage 1: 150 KB
Storage 2: 277 KB
Storage 3: 201 KB
Storage 4: 101 KB
Storage 5: 101 KB
Storage 6: 92 KB
Storage 7: 0 KB
Storage 8: 84 KB
Storage 9: 133 KB
Storage 10: 352 KB
Storage 11: 544 KB
Storage 12: 25 KB
Storage 13: 322 KB
Storage 14: 232 KB
Storage 15: 1000 KB
