Added to storage 1
Added to storage 2
Added to storage 3
Added to storage 4
Failed to be added
Added to storage 1
Added to storage 5
Failed to be added
Failed to be added
Failed to be added
Failed to be added
Failed to be added
Failed to be added
Failed to be added
Failed to be added
Failed to be added
Failed to be added
Failed to be added
Failed to be added
Failed to be added
Failed to be added
Failed to be added
Added to storage 1
Failed to be added
Failed to be added
AW 2680 KB
AC 13940 KB
Remaining storage size:
Storage 1: 1363 KB
Storage 2: 3963 KB
Storage 3: 1060 KB
Storage 4: 1231 KB
Storage 5: 1853 KB
