Added to storage 1
Added to storage 1
Added to storage 1
Added to storage 2
Added to storage 3
Added to storage 4
Added to storage 5
Added to storage 6
Added to storage 7
Added to storage 8
Failed to be added
Added to storage 2
Added to storage 3
Added to storage 4
Added to storage 5
Added to storage 1
Failed to be added
Failed to be added
P 8 KB
H 88 KB
Remaining storage size:
Storage 1: 8 KB
Storage 2: 4 KB
Storage 3: 4 KB
Storage 4: 4 KB
Storage 5: 4 KB
Storage 6: 12 KB
Storage 7: 22 KB
Storage 8: 32 KB
