2 8 18 13 14 21 15 17 7 10 5 19 6 1 4 11 12 20 9 3 16 
5 11 18 26 35 45 56 68 81 4 22 40 59 78 9 33 58 84 21 51 82 25 61 3 44 85 37 79 38 87 48 10 66 32 2 69 46 23 6 77 70 62 55 54 60 67 76 1 20 43 75 19 63 16 72 36 14 89 80 74 88 13 34 71 30 7 73 65 91 29 83 50 52 8 47 42 90 57 17 15 53 28 86 64 39 31 41 27 24 12 49 
62 48 35 23 12 2 69 60 53 46 41 37 33 31 30 32 36 40 45 52 59 68 1 11 22 43 63 4 20 50 74 21 57 10 49 8 54 16 67 38 15 75 64 51 42 39 47 61 73 14 34 5 44 18 6 76 7 24 58 25 13 19 56 27 29 3 17 72 66 55 70 9 28 71 65 26 
40 39 41 2 5 9 14 20 27 35 8 21 33 12 29 11 32 19 7 38 34 31 37 6 18 36 23 16 17 26 13 10 25 24 4 30 28 22 1 15 3 
8 19 9 2 25 4 13 1 22 3 15 12 20 17 6 11 16 23 18 10 24 14 5 7 21 
3 6 9 12 15 18 21 24 27 30 33 36 39 42 45 48 51 54 1 5 10 14 19 23 28 32 37 41 46 50 55 4 11 17 25 31 38 44 52 2 13 22 34 43 53 8 26 40 56 20 47 16 49 35 7 29 
24 21 19 18 20 23 27 4 9 15 2 12 3 17 13 11 16 1 14 10 26 25 8 7 6 5 22 
4 9 15 22 30 39 49 60 72 85 16 33 51 69 3 27 52 76 18 46 77 24 58 7 45 84 42 86 48 11 63 31 83 61 36 14 80 67 56 47 41 40 44 55 66 79 13 35 71 20 64 23 78 54 32 25 21 29 53 75 26 81 59 43 57 74 19 5 2 17 73 70 12 8 50 65 62 38 82 37 34 28 1 68 10 6 
29 24 21 20 23 28 35 8 18 2 17 7 34 31 32 4 13 33 22 19 30 12 10 16 11 26 27 25 1 9 5 3 6 15 14 
73 48 24 1 77 55 34 14 93 75 58 41 26 11 96 84 71 62 52 44 37 31 27 22 20 19 21 25 30 36 43 51 61 70 83 95 10 35 57 79 2 29 63 89 18 65 98 46 87 39 86 45 97 64 17 91 68 47 16 7 3 92 94 6 15 42 67 90 49 82 54 13 88 80 81 8 38 74 50 28 32 59 5 78 9 66 69 33 56 60 72 4 12 53 76 85 23 40 
47 43 41 42 46 52 7 16 27 40 10 29 3 28 9 39 26 19 14 13 18 25 38 8 35 20 5 2 11 24 49 33 31 37 12 51 6 36 44 21 30 23 17 15 34 45 1 48 22 4 32 50 
9 2 3 1 4 8 6 5 7 11 10 
49 13 63 28 79 45 12 66 34 3 58 29 85 57 31 5 65 40 17 78 56 37 18 83 68 50 35 21 8 81 72 62 54 48 44 42 41 43 47 53 61 71 80 7 20 33 64 1 23 55 4 32 77 30 2 52 22 6 73 60 51 59 70 84 19 67 16 82 74 75 11 36 24 25 46 38 9 10 76 14 39 69 15 26 27 
17 34 11 29 7 26 5 25 6 28 10 33 16 40 24 13 39 30 19 9 2 37 35 32 36 1 8 18 27 14 38 23 31 12 3 15 20 22 4 21 
18 36 54 72 16 35 55 74 20 40 60 6 27 48 69 17 41 63 11 34 59 9 33 61 12 39 66 21 47 2 30 62 19 50 7 43 1 37 71 32 73 42 5 49 15 58 29 8 56 31 14 68 53 45 28 25 24 26 44 52 67 13 57 22 3 70 10 51 46 4 38 23 65 64 
21 7 29 16 4 28 18 9 35 27 22 15 12 10 8 11 14 20 26 34 13 31 17 2 33 1 6 30 25 5 19 23 3 24 32 
6 12 18 24 30 36 5 13 20 27 34 4 14 22 31 2 11 23 33 8 19 32 9 25 1 17 37 21 7 29 26 16 28 3 35 15 10 
7 3 1 8 5 2 4 6 
69 68 70 2 5 9 14 20 27 35 44 54 65 13 29 45 61 16 37 58 18 43 4 36 67 38 7 48 23 64 49 31 19 8 66 62 63 6 17 30 47 3 34 1 46 28 22 21 26 42 60 50 33 39 53 24 12 40 11 32 15 56 41 10 52 25 51 59 55 57 
8 17 27 11 24 12 1 20 14 9 7 13 19 28 16 5 4 15 26 25 10 18 6 21 3 2 23 22 
13 26 39 52 65 78 91 4 18 32 46 60 74 88 2 17 33 48 63 79 94 9 25 42 58 75 92 8 27 44 62 81 98 16 36 55 73 95 14 35 56 77 99 21 43 67 87 11 37 61 85 10 38 66 90 20 49 76 5 34 69 100 30 68 1 40 72 12 51 89 29 80 22 64 15 59 19 71 28 86 50 7 84 54 41 23 3 97 6 31 53 83 47 24 45 82 93 96 57 70 
5 15 2 11 14 13 10 9 3 6 4 1 8 7 12 
11 23 36 50 65 81 12 31 52 73 8 34 60 87 29 61 5 41 76 26 67 20 64 22 71 35 85 53 21 82 56 37 14 84 70 58 49 46 45 48 57 69 83 13 33 66 9 44 4 54 19 86 68 51 43 55 74 3 28 78 38 17 10 16 32 77 40 27 42 80 62 72 18 15 63 79 59 30 24 39 25 75 6 47 2 1 7 
7 3 5 13 14 9 15 4 11 12 2 10 1 6 8 
11 23 36 50 15 32 51 20 42 14 40 17 46 27 8 45 33 24 16 10 9 13 22 31 44 7 37 12 48 38 34 39 1 21 2 43 49 19 4 6 35 47 30 26 18 28 41 5 29 25 3 
