17 34 51 2 20 38 56 8 27 46 65 19 40 60 14 36 58 13 37 61 18 43 1 26 52 11 41 3 30 59 24 54 22 53 23 57 29 66 39 10 50 32 9 62 44 28 15 6 4 64 5 12 25 42 55 33 7 49 63 31 16 35 45 48 21 47 
5 10 15 4 11 1 8 16 9 3 14 13 2 7 12 6 
5 3 4 1 2 
3 6 9 12 15 18 21 24 27 30 33 36 39 42 45 48 51 54 57 60 63 66 69 72 75 78 81 84 87 90 93 96 99 4 8 13 17 22 26 31 35 40 44 49 53 58 62 67 71 76 80 85 89 94 98 5 11 19 25 32 38 46 52 59 65 73 79 86 92 1 10 20 29 41 50 61 70 82 91 2 16 34 47 64 77 95 14 37 56 83 7 43 74 23 68 28 97 55 88 
10 3 9 2 1 8 5 4 7 6 
6 12 18 24 30 5 13 20 27 3 11 21 29 8 17 28 9 22 2 16 1 19 7 26 23 15 25 4 31 14 10 
14 28 42 56 70 9 24 39 54 69 10 26 43 59 75 17 34 51 68 12 31 49 67 13 33 53 74 20 41 63 8 35 58 5 30 57 6 36 62 16 45 73 27 61 19 50 11 47 7 48 18 60 25 72 44 22 1 55 38 29 21 15 23 37 52 71 40 3 2 32 66 46 65 64 4 
27 24 22 21 23 26 30 4 9 15 28 8 19 10 1 18 16 17 29 7 2 25 6 3 12 14 11 5 13 20 
32 64 27 60 24 58 23 59 26 63 31 69 38 7 46 16 56 33 5 48 21 1 45 22 4 52 36 15 2 54 42 30 18 11 6 67 65 62 66 3 10 17 29 41 53 13 39 61 35 8 47 34 20 19 28 44 68 49 40 50 12 9 43 55 14 57 37 25 51 
22 15 10 7 6 9 14 21 30 16 1 24 19 20 27 8 29 28 5 26 3 23 11 17 4 13 12 18 2 25 
22 44 19 42 18 43 21 47 26 5 32 12 40 25 8 38 27 11 1 35 28 16 10 6 3 2 4 9 15 24 34 46 29 45 33 23 20 31 41 36 37 14 30 7 13 39 17 
5 6 3 1 2 10 11 8 4 7 9 
58 20 79 42 6 67 32 94 61 28 92 62 31 2 70 41 14 84 57 35 11 85 64 44 23 5 83 69 52 39 26 16 7 93 87 80 76 74 73 75 78 86 91 4 15 25 38 51 68 1 24 48 77 18 49 90 36 81 34 89 47 17 72 54 37 22 13 12 21 33 53 71 27 63 40 8 95 96 19 55 10 88 9 50 43 56 30 60 66 3 59 29 46 65 45 82 
10 3 14 8 4 17 15 13 16 2 7 1 12 6 9 5 11 
2 4 6 8 10 12 14 16 18 20 22 24 26 28 30 32 34 36 38 40 42 44 46 48 50 52 54 56 58 60 62 64 66 68 70 72 74 76 78 80 82 3 7 11 15 19 23 27 31 35 39 43 47 51 55 59 63 67 71 75 79 1 9 17 25 33 41 49 57 65 73 81 13 29 45 61 77 21 53 5 69 37 
13 26 10 24 9 25 12 29 17 5 23 16 7 2 27 21 20 22 1 6 15 4 28 3 14 18 19 8 11 
26 52 78 15 42 69 7 35 63 2 31 60 89 30 61 3 34 66 9 41 74 18 51 85 32 68 14 50 87 38 76 24 65 17 57 11 54 8 53 10 56 16 64 23 75 37 86 49 21 79 45 19 80 48 28 4 73 58 40 27 13 5 88 84 1 12 25 39 55 72 22 59 6 67 43 29 20 36 62 83 81 33 71 82 44 47 77 70 46 
24 5 32 16 2 35 25 17 11 8 7 10 15 23 34 1 22 42 28 13 3 43 4 18 31 12 40 39 9 30 26 33 19 21 6 36 44 37 41 27 20 38 29 14 
4 9 15 22 30 39 49 60 72 7 24 41 58 77 20 44 67 14 43 71 26 57 13 52 11 54 19 65 35 5 62 38 21 1 69 59 51 48 50 56 68 79 18 37 73 27 64 31 3 63 46 42 47 70 10 36 12 75 66 78 25 74 53 76 29 23 40 33 6 17 32 55 34 16 61 28 2 8 45 
5 4 2 6 1 3 
7 16 27 3 20 1 24 12 4 35 34 2 11 23 6 29 22 25 32 14 5 8 18 10 17 37 19 21 15 26 33 13 28 30 9 31 36 
17 12 11 16 25 14 8 10 22 15 19 4 5 23 3 7 13 24 1 6 18 9 21 20 2 
36 72 18 55 2 40 78 26 65 14 54 5 46 87 39 82 34 79 32 77 33 81 38 86 45 4 53 13 64 25 80 47 10 66 30 1 60 28 3 63 41 15 76 58 37 19 90 73 61 50 42 27 22 20 17 21 24 35 49 59 71 89 23 57 85 43 75 44 6 68 51 29 16 48 67 88 56 11 9 52 84 83 31 62 12 69 8 7 74 70 
36 17 54 37 20 4 44 29 15 3 47 35 26 18 10 5 53 50 48 46 49 52 2 9 16 25 34 51 14 32 6 28 7 38 22 11 55 45 8 21 33 13 42 41 12 31 30 1 19 43 23 40 39 27 24 
12 26 8 28 16 6 1 33 2 9 19 32 21 14 13 20 31 23 22 30 18 25 10 17 15 7 5 27 34 29 24 4 3 11 
52 21 74 44 15 70 42 16 73 48 24 83 60 37 17 80 61 41 26 8 77 63 50 36 28 18 9 3 81 76 72 71 75 79 2 7 14 27 35 49 62 4 25 46 67 22 53 6 43 5 51 20 66 47 32 19 11 10 13 31 45 65 33 68 55 39 40 58 12 64 59 1 57 78 54 23 34 82 30 29 38 69 56 
48 2 51 6 56 12 63 20 72 30 83 42 3 59 21 77 39 4 64 28 88 55 24 86 57 27 92 67 38 14 82 61 37 17 91 74 54 41 26 13 1 85 78 71 68 65 62 66 70 76 84 94 11 25 40 53 89 19 45 81 29 60 18 69 32 93 50 35 22 10 9 16 34 49 90 44 8 80 79 7 43 15 5 36 23 46 33 87 75 52 47 31 73 58 
6 13 21 30 40 51 63 1 17 34 52 70 16 39 62 12 42 69 26 58 19 55 20 60 29 74 47 24 2 57 43 31 18 10 8 9 15 28 41 56 75 35 65 32 71 49 36 23 22 33 48 68 38 4 67 72 11 53 37 44 61 46 59 27 64 66 54 73 14 50 3 5 45 7 25 
7 16 27 40 10 29 3 28 9 39 26 19 14 13 18 25 38 8 35 20 5 2 11 24 44 33 31 37 12 46 6 36 41 21 30 23 17 15 34 42 1 43 22 4 32 45 
38 22 7 47 33 20 9 52 42 32 25 17 12 6 3 1 54 2 5 11 16 24 31 41 51 19 36 53 28 49 30 13 45 37 29 27 35 44 10 39 18 14 21 43 26 40 15 46 50 23 48 8 4 34 
22 44 3 26 49 9 33 57 18 43 6 32 59 23 51 15 45 11 40 8 39 10 42 14 50 21 58 31 5 48 27 2 52 30 16 62 53 37 29 24 19 17 20 28 36 47 61 13 54 12 60 46 41 56 7 63 1 35 55 25 34 4 38 
41 6 48 14 57 24 68 36 5 52 22 70 42 15 64 38 13 66 44 21 76 56 35 19 2 62 49 33 25 11 3 72 65 60 58 55 59 63 71 1 10 23 32 47 74 20 43 4 31 73 37 12 54 40 29 27 28 39 53 9 50 26 17 30 61 34 45 75 7 67 46 51 69 16 18 8 
22 44 66 10 33 56 1 25 49 73 19 45 70 17 43 71 20 48 76 27 55 6 36 65 18 52 5 38 72 29 62 21 58 14 54 13 57 16 61 28 69 37 4 51 26 77 47 30 3 63 41 31 11 2 74 67 64 68 78 9 24 40 60 32 59 39 23 15 35 53 42 46 8 34 75 7 50 12 
44 88 42 87 43 90 47 4 52 10 59 18 68 28 79 40 6 60 23 77 45 12 69 35 7 66 36 11 73 49 22 86 65 46 25 5 78 62 50 32 21 14 2 84 81 76 75 80 83 1 13 20 31 48 61 85 26 53 74 30 64 27 70 38 15 71 56 51 41 55 67 9 37 8 63 57 72 17 58 54 16 89 29 34 82 33 24 3 39 19 
18 10 5 3 6 12 21 7 25 22 24 4 20 17 27 15 19 11 23 28 2 14 26 13 1 9 8 16 
4 9 15 22 30 39 49 60 72 85 7 25 43 62 81 11 35 59 86 21 52 82 24 58 1 42 80 33 76 32 79 41 93 57 23 87 56 31 8 78 66 51 44 36 29 34 40 50 65 77 6 37 70 13 63 14 73 46 17 2 90 91 10 27 64 5 67 38 19 20 48 75 47 18 28 69 45 53 83 71 3 12 88 61 26 54 92 16 68 74 84 89 55 
15 30 45 60 3 19 35 51 67 11 28 46 63 8 26 44 64 10 31 50 70 18 39 59 9 33 55 5 29 54 6 34 58 14 41 69 24 56 16 47 4 40 1 38 2 43 13 53 23 68 48 22 72 61 42 32 25 21 27 37 57 71 36 7 65 66 20 17 62 52 12 49 
6 14 24 1 17 34 21 10 3 33 35 7 16 29 18 9 8 15 28 22 23 32 27 4 31 19 30 12 5 25 26 20 2 13 11 
26 10 37 22 8 38 25 14 3 35 28 19 13 7 4 1 42 2 6 12 18 27 34 11 29 5 31 20 15 9 17 30 41 39 16 33 40 21 24 36 32 23 
4 8 12 16 20 24 28 32 36 40 44 48 52 56 60 64 68 72 3 9 14 19 25 30 35 41 46 51 57 62 67 73 6 13 21 27 34 42 49 55 63 70 5 15 23 33 43 53 61 71 10 22 37 47 59 1 17 31 50 66 11 38 58 7 39 69 29 2 54 45 65 26 18 
61 57 54 52 51 53 56 60 65 5 11 18 26 35 45 64 14 29 44 6 25 47 13 38 8 37 12 46 24 4 49 34 27 20 17 19 23 33 48 3 32 1 41 28 16 21 36 58 30 9 10 40 7 15 50 55 39 63 43 59 62 2 22 31 42 
1 5 6 4 7 8 2 3 
62 56 51 47 44 42 41 43 46 50 55 61 68 7 15 24 34 53 2 17 32 59 12 33 66 23 58 21 63 28 6 48 27 13 3 60 52 49 57 1 11 26 45 18 54 30 19 14 20 35 67 36 25 31 65 38 40 16 29 10 5 64 8 22 39 9 4 37 
29 15 2 33 21 10 43 35 26 19 13 8 5 3 1 4 7 12 18 25 34 42 22 37 17 39 28 20 14 16 27 38 24 11 30 41 6 36 31 32 9 23 40 
41 40 43 4 10 18 28 42 16 34 15 39 27 20 13 12 19 26 38 21 3 35 33 2 17 5 37 8 30 29 7 6 25 1 14 31 24 23 11 9 36 32 22 
6 14 24 5 21 9 30 25 22 26 1 12 29 19 18 28 11 7 13 2 4 27 15 23 16 20 8 3 17 10 31 
8 16 24 32 40 48 56 64 72 80 88 96 7 17 26 35 44 53 62 71 81 90 2 12 22 33 43 54 65 75 85 95 10 21 34 46 58 69 82 93 9 23 37 50 63 77 91 6 25 39 55 70 86 4 20 41 59 76 94 15 36 57 78 1 27 47 68 92 19 49 74 5 31 66 97 30 67 11 45 84 29 79 28 83 42 3 61 51 18 14 38 60 89 87 52 13 73 
1 7 18 17 6 3 10 9 2 13 5 4 15 14 16 12 11 8 19 
11 22 33 44 55 5 17 29 41 53 4 18 31 45 58 10 25 39 54 8 24 40 57 13 30 48 3 23 43 1 21 46 6 28 51 15 38 7 35 61 34 2 37 14 50 27 12 56 47 36 32 42 52 9 26 19 20 60 49 59 16 
72 57 43 30 18 7 84 75 66 59 52 47 42 39 37 36 38 41 46 51 58 65 74 83 6 17 29 53 71 3 22 49 78 14 45 81 24 67 15 62 16 69 27 87 56 26 8 79 63 50 40 35 48 61 77 5 25 70 13 73 31 11 2 1 10 28 68 23 9 4 21 64 44 55 12 86 54 76 60 34 82 80 19 85 33 32 20 
52 39 27 16 6 62 54 46 40 34 30 26 24 23 25 29 33 38 45 53 61 5 15 35 51 3 20 49 8 37 1 36 7 48 19 4 58 47 42 41 44 57 2 18 59 21 10 64 65 13 43 17 14 32 12 28 9 50 60 31 56 55 63 22 11 
36 25 16 9 4 1 48 3 8 15 24 35 2 22 42 21 47 34 27 19 18 26 33 46 28 7 43 41 6 23 10 45 13 38 37 12 11 32 5 20 39 31 30 17 14 44 40 29 
7 15 24 34 45 57 70 2 19 37 55 75 14 39 63 6 35 65 13 48 81 38 76 33 78 43 8 58 27 82 59 36 18 1 69 61 53 51 52 60 68 80 17 32 66 16 49 12 64 31 21 5 3 9 23 42 73 40 11 77 79 25 50 28 22 41 72 67 20 74 30 44 26 4 10 56 47 29 46 62 71 54 
11 22 3 15 27 9 23 6 20 5 21 8 26 14 2 25 17 12 7 4 10 16 24 1 29 30 19 13 18 28 
13 26 39 52 2 16 30 44 58 9 24 40 55 7 23 41 57 11 29 47 1 20 38 60 17 36 59 18 42 63 25 49 10 35 3 31 56 27 54 28 62 34 8 48 22 6 51 43 32 19 15 21 37 50 5 46 33 45 4 12 14 53 61 
16 9 4 1 24 3 8 15 2 18 13 14 21 11 10 20 19 7 23 22 17 5 12 6 
30 2 6 12 20 1 16 4 24 19 18 23 3 15 9 8 14 29 28 13 11 27 17 26 25 22 21 10 7 5 
3 1 2 
3 1 9 5 2 7 11 4 10 8 12 6 
58 54 51 49 48 50 53 57 62 5 11 18 26 35 45 3 17 32 52 13 33 61 24 55 23 60 31 12 47 37 25 16 10 9 15 22 36 46 19 42 27 6 1 2 14 38 8 59 7 34 28 39 21 41 44 4 40 20 30 43 29 56 
25 1 27 4 31 9 37 16 45 26 8 40 22 7 42 29 15 3 43 34 24 19 14 12 11 13 18 23 33 41 2 28 46 21 49 39 36 38 48 20 6 10 35 44 32 47 5 17 30 
3 4 2 5 1 
7 15 24 3 16 29 13 31 20 10 4 30 28 2 9 19 5 23 21 25 8 27 6 22 11 14 26 12 18 17 1 
37 30 25 22 21 24 29 36 45 10 26 44 17 1 28 13 6 3 4 9 19 39 16 5 42 2 15 38 32 34 11 43 14 7 23 31 33 40 20 8 18 35 41 27 12 
26 52 78 22 49 76 21 50 79 25 55 2 32 62 10 41 72 23 57 7 40 74 29 64 16 54 9 46 4 43 1 42 3 45 8 53 15 63 28 73 39 13 66 35 11 67 38 19 80 61 47 31 18 6 81 75 71 77 5 17 30 44 60 14 48 82 56 33 20 12 27 51 70 68 24 59 69 34 37 65 58 36 
33 32 34 2 5 9 14 20 27 6 17 29 13 30 19 10 3 31 1 8 18 28 23 22 26 16 21 11 24 7 12 4 15 25 
9 19 30 11 25 8 27 15 4 29 23 21 22 28 3 14 1 20 17 24 5 26 31 10 12 6 32 2 7 16 18 13 
11 23 36 4 20 38 10 31 7 32 13 41 25 12 46 39 33 29 30 37 45 9 24 2 26 15 5 3 14 22 1 40 42 16 43 6 28 44 8 17 21 34 35 27 18 19 
17 14 13 16 21 6 18 9 7 10 20 12 19 8 1 3 11 2 5 4 15 
27 54 81 23 51 79 22 52 82 26 57 2 33 64 10 42 74 21 58 6 40 75 28 63 14 50 5 44 84 38 78 36 77 37 83 43 4 49 13 62 25 73 46 15 68 39 12 70 48 24 7 69 56 35 29 17 9 3 1 8 16 20 34 55 67 18 53 80 59 30 76 71 72 19 47 31 11 45 32 61 66 60 41 65 85 
10 6 7 13 5 8 16 17 12 3 15 1 2 4 9 11 14 
3 8 15 24 35 12 29 11 34 23 17 13 14 20 30 5 28 19 16 22 36 21 10 27 6 7 33 38 32 25 9 26 31 4 1 2 18 37 
53 25 79 52 27 2 59 35 12 71 49 30 10 73 56 39 22 8 76 64 51 42 33 24 18 14 9 6 5 7 13 17 23 32 41 50 63 75 16 38 60 80 34 62 15 54 4 57 26 70 47 31 11 78 74 77 3 29 46 69 43 1 66 61 67 20 48 37 40 65 45 68 55 21 58 36 81 19 44 72 28 
9 8 2 1 4 3 7 6 5 
18 36 14 33 12 32 13 35 17 40 23 6 30 19 4 31 22 10 3 38 29 27 26 28 37 2 9 21 5 24 15 11 20 1 39 16 34 25 8 7 
40 39 41 2 5 9 14 20 27 35 8 21 33 12 29 11 32 19 7 38 34 31 37 6 18 36 23 16 17 26 13 10 25 24 4 30 28 22 1 15 3 
18 36 15 34 14 35 17 39 22 5 28 12 1 26 13 4 32 25 20 11 9 8 10 19 24 31 3 27 6 37 33 2 23 21 38 16 7 30 29 
48 25 3 53 32 12 64 45 28 11 67 52 38 24 14 2 63 56 47 41 36 33 30 29 31 35 40 46 55 62 1 13 23 50 69 17 44 4 27 68 34 6 54 21 9 70 61 60 66 8 20 51 16 59 43 42 58 15 65 57 10 71 18 7 49 39 22 19 5 37 26 
5 14 13 4 2 9 11 12 1 10 8 15 6 7 3 
16 7 2 1 6 15 28 22 21 27 14 11 18 8 10 26 9 12 5 13 23 25 19 17 4 20 3 24 
15 30 45 60 75 90 8 24 40 56 72 88 7 25 42 59 77 94 14 33 51 69 87 10 29 49 68 89 12 34 54 76 97 21 44 66 91 17 39 64 86 18 43 70 96 26 53 81 11 41 73 4 36 67 3 37 74 9 48 83 23 62 5 50 92 35 82 31 80 32 85 47 2 61 22 93 58 28 13 84 71 63 57 65 79 6 27 78 38 19 20 55 52 16 1 46 95 
10 9 12 4 1 2 7 11 5 6 3 8 
5 6 1 3 4 2 
21 22 3 10 20 14 12 16 4 19 1 11 13 6 15 23 8 9 18 7 17 2 5 
4 9 15 2 12 3 17 13 11 16 1 14 10 20 19 8 7 6 5 18 
2 4 6 8 10 12 14 16 18 20 22 24 26 28 30 32 34 36 38 40 42 44 46 48 1 5 9 13 17 21 25 29 33 37 41 45 49 7 15 23 31 39 47 11 27 43 19 3 35 
4 9 15 22 30 39 49 60 3 19 35 52 69 23 44 66 25 51 11 42 6 41 10 50 24 65 46 28 12 64 57 53 47 48 56 63 8 27 45 13 38 17 62 43 36 37 58 5 32 14 68 1 20 55 34 59 26 29 2 18 21 31 54 61 16 33 40 67 7 
86 72 59 47 36 26 17 9 2 96 91 87 83 81 80 82 85 90 95 1 8 16 25 35 46 58 71 94 14 33 53 74 6 32 60 93 28 61 3 41 77 29 69 24 73 37 92 51 19 79 54 31 11 89 68 63 56 55 62 67 88 10 30 52 4 42 99 48 21 100 76 70 78 7 27 64 23 5 84 98 22 57 43 44 75 45 50 20 38 15 65 18 97 13 39 40 66 34 12 49 
32 64 13 46 79 29 63 15 50 2 38 74 27 66 20 58 14 54 10 52 9 53 12 57 19 65 26 73 37 1 49 21 71 40 7 67 36 8 70 44 24 83 68 47 33 18 4 78 72 61 59 56 60 69 77 3 17 31 45 81 28 55 23 75 39 22 6 5 16 35 62 41 30 42 80 76 34 48 82 51 25 11 43 
2 4 1 5 3 
88 85 83 82 84 87 91 4 9 15 22 30 39 49 60 72 1 18 35 53 71 8 32 56 80 25 54 89 34 67 20 59 14 58 19 66 33 86 52 28 3 68 47 37 23 12 7 6 11 21 36 46 65 2 42 74 38 77 51 29 13 90 5 24 44 69 31 76 63 62 75 27 73 61 78 41 17 45 16 48 43 10 70 64 40 79 50 26 55 81 57 
7 14 21 28 35 42 6 15 23 31 39 4 13 24 33 43 10 20 32 1 12 26 38 9 25 40 16 30 5 27 3 29 11 37 22 18 17 19 36 8 34 41 2 
13 27 5 22 3 24 9 33 21 14 7 2 1 6 12 20 32 16 35 28 25 29 37 19 15 18 36 34 17 26 30 4 31 10 23 11 8 
49 31 14 65 50 35 21 8 63 53 42 33 25 18 12 7 4 2 1 3 6 11 17 24 32 41 52 62 19 37 55 13 39 61 30 60 38 10 54 40 26 16 9 15 23 36 51 20 48 34 27 28 45 64 56 57 5 66 43 44 29 46 67 22 47 58 59 
13 27 42 58 16 35 55 18 41 6 33 2 32 5 40 17 54 37 21 7 53 47 43 38 39 46 52 4 20 36 8 30 11 51 34 28 29 48 1 24 9 57 59 14 45 26 49 19 22 60 12 15 23 44 50 10 25 31 56 3 
45 90 35 81 27 74 21 69 17 66 15 65 16 68 20 73 26 80 34 89 44 100 56 12 75 33 94 53 13 79 42 5 71 39 4 76 46 11 87 58 32 7 86 61 43 24 3 92 77 60 51 41 36 29 25 23 28 31 40 50 59 72 91 2 30 62 93 18 64 1 55 6 70 37 98 84 67 57 63 83 97 22 85 47 10 9 38 82 49 52 96 95 48 88 14 8 19 99 54 78 
46 42 39 37 36 38 41 45 50 5 11 18 26 35 4 17 31 6 23 49 22 3 30 16 8 47 40 34 44 7 15 29 13 48 32 33 9 24 19 21 2 10 28 14 43 1 20 25 12 27 
43 18 62 38 15 61 40 20 68 49 30 12 65 50 34 22 8 66 55 46 37 31 26 23 19 17 21 25 29 36 45 54 64 7 28 51 2 27 57 13 56 24 1 48 35 14 10 11 33 47 67 41 5 63 3 16 58 52 60 44 4 6 9 42 32 39 53 59 
83 71 60 50 41 33 26 20 15 11 8 6 5 7 10 14 19 25 32 40 49 59 70 82 95 23 43 62 80 9 38 65 90 31 64 94 45 79 30 74 28 76 37 88 55 21 85 58 39 16 92 81 73 69 72 78 91 13 36 57 1 46 87 51 18 86 67 63 68 93 27 56 29 3 89 12 44 2 75 4 48 42 61 53 22 35 52 77 54 34 84 47 17 24 66 
22 45 69 23 50 6 36 67 29 63 28 66 35 5 49 21 72 51 31 13 71 58 48 42 39 38 41 47 57 70 12 30 59 14 46 11 56 27 15 3 68 1 8 20 44 9 53 32 24 26 52 7 60 54 64 25 17 34 10 19 4 43 65 33 2 37 62 55 16 18 61 40 
