2 1 
11 5 6 3 1 2 10 8 9 4 7 
26 52 78 7 34 61 88 18 46 74 5 35 64 93 25 56 86 20 51 83 17 50 84 21 55 90 28 63 1 38 73 13 53 92 33 72 15 59 3 44 89 37 80 30 76 27 75 29 79 36 87 43 2 58 14 71 41 6 67 39 8 70 48 22 97 81 62 47 32 23 16 12 19 31 45 60 77 96 42 82 24 91 65 49 40 57 85 11 9 54 95 10 66 69 4 94 68 
46 44 45 49 5 12 21 32 48 17 36 13 38 22 7 42 35 33 37 47 10 26 4 30 23 19 25 40 15 3 2 14 39 31 6 34 8 43 24 1 20 16 29 27 18 9 28 41 11 
22 13 5 29 23 17 12 9 7 6 8 11 16 21 28 4 24 3 27 20 19 26 2 30 31 15 25 10 14 1 18 
4 8 12 16 20 24 1 6 11 17 22 27 7 14 21 2 10 19 3 15 26 18 9 5 13 25 23 
12 26 42 18 39 21 5 35 27 20 17 22 29 38 9 32 13 3 43 2 11 31 15 8 16 34 24 28 4 1 25 33 23 10 6 14 7 30 40 19 37 36 41 
24 15 8 3 34 33 2 7 14 23 4 20 9 30 27 28 1 16 32 26 31 13 10 17 6 19 22 29 18 5 12 21 11 25 
43 29 16 4 50 39 30 21 13 7 1 54 51 48 47 49 53 57 6 12 20 28 38 56 17 33 55 23 44 22 52 32 15 5 45 41 42 3 14 31 9 36 27 34 46 24 18 26 11 35 37 40 10 2 8 19 25 
66 34 3 71 41 12 82 54 27 1 75 50 26 5 81 60 40 21 4 86 69 55 42 29 17 8 95 89 83 77 73 70 68 72 76 80 88 94 7 16 28 39 53 74 98 23 46 67 11 38 78 19 56 9 49 10 58 24 87 48 30 2 85 63 59 57 62 84 97 25 47 6 44 18 91 64 61 90 15 43 22 13 20 37 31 32 52 51 14 36 65 93 92 96 35 33 79 45 
7 14 21 28 8 16 24 4 13 23 5 17 27 11 25 10 26 15 3 22 19 18 20 2 12 1 6 9 
21 10 2 31 29 32 4 13 25 11 34 27 28 5 17 7 3 12 24 22 1 26 9 14 6 30 33 19 16 8 15 20 23 18 
9 3 6 10 5 11 8 4 2 7 1 
26 52 13 40 2 30 58 21 50 15 45 10 42 8 41 9 44 14 49 20 57 29 1 39 18 60 35 16 61 38 24 5 56 46 32 23 12 6 3 65 4 11 22 31 43 55 19 47 7 51 33 25 17 28 48 64 62 27 54 63 34 37 59 53 36 
2 5 9 14 20 27 35 44 54 15 29 43 7 26 47 17 40 13 42 22 53 37 24 11 3 51 50 1 10 23 36 6 33 18 52 48 4 21 39 30 28 38 19 25 46 8 49 45 16 31 12 34 32 41 
8 18 9 2 21 22 5 14 7 6 13 4 11 1 15 19 12 17 16 20 10 3 
26 53 16 46 12 45 15 52 25 65 41 21 2 50 35 23 11 5 64 62 63 4 10 22 34 49 7 32 58 30 1 43 29 18 13 14 24 38 56 28 60 48 44 54 8 40 31 33 51 27 36 59 57 20 42 47 55 6 3 9 17 39 61 19 37 
53 30 8 63 42 22 3 61 44 27 12 73 59 47 35 24 15 6 75 69 65 60 57 56 58 64 68 74 5 14 23 34 46 67 11 31 50 7 33 66 25 55 28 76 41 20 4 62 49 45 48 54 2 19 40 16 52 37 32 38 71 21 10 13 36 18 39 26 72 29 9 51 70 17 43 1 
51 6 58 14 67 24 78 36 91 50 11 69 30 88 52 16 76 41 7 71 38 5 73 43 15 83 56 29 3 79 55 33 13 90 72 57 40 26 17 1 89 82 75 68 65 64 66 74 81 87 96 12 25 39 54 85 18 37 63 10 46 94 42 95 48 21 84 53 34 27 22 23 32 49 80 20 70 44 19 9 35 62 31 8 47 93 2 61 92 28 60 77 45 4 59 86 
4 9 15 22 30 8 20 1 17 2 23 12 5 31 29 3 11 21 7 27 26 6 19 18 32 10 28 13 25 24 16 14 
11 23 1 16 32 15 35 22 10 3 30 27 26 29 2 9 21 7 31 24 25 4 17 12 14 34 5 20 8 28 33 13 18 6 19 
40 6 47 14 56 24 67 36 7 52 23 70 43 17 65 41 18 69 48 27 5 61 44 28 11 72 58 46 34 26 19 12 8 3 2 4 10 16 25 33 45 57 71 22 49 66 31 60 30 64 42 21 1 68 63 74 20 39 73 51 37 38 55 32 29 54 53 15 62 59 50 9 35 13 
10 20 30 40 6 17 28 39 7 19 32 44 13 26 41 11 25 42 14 31 3 22 38 16 36 15 37 21 2 29 12 4 35 33 27 34 1 9 43 24 8 18 5 23 
18 5 15 14 4 2 10 12 11 9 16 8 7 6 17 13 3 1 
57 23 81 48 16 76 45 15 78 50 22 87 61 35 10 79 56 34 13 86 67 49 32 18 3 82 69 59 47 40 33 28 25 21 20 24 27 31 39 46 58 68 80 2 17 44 70 91 30 64 4 43 84 38 85 52 7 72 51 14 5 88 77 83 1 12 42 71 26 73 54 36 29 53 66 19 6 8 55 9 37 75 11 41 60 65 89 90 74 62 63 
3 6 5 7 4 1 2 
11 22 33 7 19 31 6 20 34 10 25 2 17 35 14 30 13 32 16 1 24 9 37 27 21 15 12 18 26 36 8 4 5 29 23 28 3 
16 32 48 17 34 3 21 39 9 28 47 20 41 13 36 10 33 8 35 12 40 19 46 27 11 44 29 18 5 45 38 31 30 37 43 4 15 26 14 2 1 7 25 42 24 6 23 22 
16 33 51 70 19 41 64 17 44 72 29 60 22 56 21 59 28 71 43 15 67 47 30 11 2 62 54 50 49 53 61 1 10 27 46 6 35 3 38 14 68 55 45 48 63 8 31 69 37 25 24 36 66 34 23 39 5 58 9 57 12 7 52 32 26 4 40 13 65 18 42 20 
8 17 27 38 7 22 37 12 31 9 32 14 41 26 16 5 1 42 43 4 15 25 40 23 10 39 36 6 21 3 35 13 30 33 20 29 2 19 24 11 34 18 28 
30 60 1 32 63 5 37 69 12 45 78 22 56 2 38 73 19 55 4 42 80 28 68 18 59 11 52 7 49 3 48 6 51 10 58 17 67 27 79 41 8 64 29 84 54 25 85 62 35 14 77 61 40 24 13 86 76 72 70 66 71 75 83 9 23 39 57 15 43 87 44 20 81 53 50 74 16 36 26 21 34 89 33 31 88 47 46 82 65 
2 1 
1 4 9 16 25 7 22 11 31 27 26 30 10 21 14 12 17 29 23 2 19 28 24 18 15 5 13 6 3 8 20 
35 6 42 14 51 24 62 37 12 53 29 7 49 28 9 55 36 19 2 52 39 25 15 3 59 50 45 41 38 34 40 44 48 58 1 13 23 46 4 22 57 20 61 31 17 8 64 5 16 30 60 33 27 43 10 56 18 11 54 47 26 63 21 32 
74 68 63 59 56 54 53 55 58 62 67 73 80 7 15 24 34 45 65 3 19 36 57 5 27 49 6 32 70 22 60 20 64 28 78 42 18 79 50 38 26 16 12 11 14 25 37 48 77 30 66 29 76 47 40 35 41 52 4 43 13 8 10 39 2 75 21 71 1 51 9 23 33 69 17 61 31 46 44 72 
6 12 18 24 30 36 42 48 54 60 66 72 78 4 11 19 26 33 40 47 55 62 69 76 3 13 21 29 38 46 56 64 73 1 10 22 32 43 52 63 74 5 16 28 41 53 67 79 14 27 44 58 71 8 25 45 61 80 20 39 65 7 34 57 2 35 68 17 51 15 59 31 77 70 50 75 23 9 49 37 
10 20 30 40 50 60 70 2 13 24 35 46 57 68 1 14 26 38 51 63 75 9 23 37 52 65 78 16 31 45 61 76 15 32 48 66 5 22 42 59 3 21 43 64 7 29 54 74 25 49 73 27 55 6 36 69 19 58 17 56 18 67 34 4 53 39 12 8 77 11 33 47 28 72 44 62 41 71 
9 18 27 36 45 6 16 26 37 47 10 21 32 43 7 20 33 46 12 25 40 5 23 39 8 28 44 15 35 11 31 4 34 14 42 24 13 1 41 38 48 3 22 17 19 2 29 30 
51 23 75 48 22 77 53 29 6 63 41 20 2 62 44 28 12 76 64 50 38 30 18 11 5 79 73 71 70 72 78 4 10 17 27 37 49 61 8 31 47 69 26 56 15 52 16 58 34 7 60 45 39 35 36 43 59 3 33 74 54 32 25 46 68 42 24 57 14 19 67 13 40 66 1 55 21 65 9 
5 10 15 20 25 30 35 40 45 50 55 60 65 70 75 80 85 1 7 13 19 26 32 38 44 51 57 63 69 76 82 88 6 14 22 29 37 46 53 61 68 77 84 3 12 23 33 42 52 62 72 81 2 16 27 39 49 64 74 87 11 28 43 58 73 89 18 36 56 78 8 31 54 79 17 47 71 21 59 4 48 9 67 41 34 66 86 24 83 
21 7 31 20 12 5 1 35 36 4 11 19 30 14 32 23 16 15 22 29 13 6 8 24 9 17 34 10 18 25 28 2 3 33 26 27 
31 62 13 45 77 29 63 16 50 4 39 74 30 67 23 60 19 57 17 56 18 59 22 66 28 73 38 3 49 15 69 37 7 58 34 6 64 41 14 78 54 42 25 9 79 70 55 51 47 46 48 53 68 76 8 24 40 75 21 61 20 72 36 27 12 26 35 71 32 5 10 44 33 65 80 1 43 52 2 11 
4 9 15 22 30 39 49 7 21 36 52 17 37 3 28 53 27 2 35 16 51 41 29 20 14 13 19 26 40 50 23 46 31 10 5 6 18 42 12 1 11 38 32 43 25 45 48 8 44 24 34 47 33 54 
19 16 17 22 5 15 9 7 11 23 14 20 6 8 1 10 18 3 4 13 2 12 21 24 
8 18 13 11 14 2 12 10 1 16 5 7 15 6 4 17 9 3 
31 62 93 26 58 90 24 57 91 27 61 96 33 68 5 41 77 15 52 89 32 71 11 50 92 36 76 19 64 8 51 98 44 87 39 84 37 83 38 86 43 97 49 7 63 18 75 35 2 60 22 85 55 21 94 66 34 12 81 67 46 25 13 3 82 78 73 72 74 80 1 10 23 45 65 9 42 88 40 6 59 48 30 47 56 4 53 20 28 70 54 95 14 16 69 79 17 29 
17 35 54 15 38 2 27 53 23 52 26 1 37 14 56 40 24 11 4 55 49 48 51 3 10 22 39 5 29 58 33 18 7 57 59 12 28 45 30 16 13 25 44 34 36 50 43 8 47 31 46 20 9 41 42 32 6 21 19 
1 
73 69 66 64 63 65 68 72 77 5 11 18 26 35 45 56 76 15 31 48 71 19 40 62 21 47 7 38 2 37 6 46 20 61 42 24 8 60 53 49 43 44 52 59 4 23 41 9 34 13 58 39 32 33 54 1 28 10 70 74 16 51 30 55 22 25 75 14 17 27 50 57 12 29 36 67 3 
12 26 15 6 1 27 2 8 18 5 24 23 4 17 13 19 9 11 3 20 28 21 25 14 10 22 16 7 
