SGP HZXS 21:21 1 0:42 1180
Jakarta Taipei 4:06 1 5:09 1180
Tokyo GZBY 8:25 1 8:36 230
BJ SHFD 1:17 1 10:48 850
SGP Taipei 19:48 1 12:02 490
Tokyo GZBY 19:10 1 6:47 900
HZXS Jakarta 0:50 2 19:58 490
HZXS SGP 3:31 0 9:35 510
SGP BJ 9:03 0 11:39 1030
SZBA SGP 17:39 1 14:41 330
GZBY BJ 18:26 2 19:26 310
GZBY BJ 23:40 1 1:56 360
BJ HZXS 15:36 2 17:09 230
CDSL BJ 9:26 0 15:52 960
HZXS Tokyo 6:42 0 10:06 280
SGP CDSL 21:33 1 3:42 650
Taipei HZXS 4:39 0 6:18 890
SZBA CDSL 12:30 2 2:20 270
Taipei BJ 18:26 1 3:24 280
SGP Tokyo 16:55 2 8:28 300
CDSL Taipei 8:11 1 12:11 210
GZBY Tokyo 0:34 0 17:42 860
SZBA BJ 2:25 2 19:14 210
Jakarta SGP 10:46 1 0:41 580
SZBA SHFD 18:44 1 1:02 1140
CDSL SZBA 20:35 0 23:16 660
SGP SZBA 16:49 1 12:12 770
SGP Tokyo 16:55 2 8:28 300
BJ SHFD 8:27 1 19:10 1100
BJ Jakarta 21:05 1 16:56 660
Jakarta Taipei 11:53 1 7:23 490
Tokyo BJ 18:35 1 4:01 270
SHFD Taipei 18:46 1 1:35 1130
CDSL Taipei 10:50 0 18:55 610
HZXS Taipei 23:00 1 19:45 1100
BJ Jakarta 5:28 2 11:03 1170
CDSL SGP 7:01 2 1:53 230
GZBY Jakarta 5:50 0 14:15 1060
HZXS Jakarta 0:50 2 19:58 490
SGP SZBA 20:04 1 16:02 200
SGP Jakarta 14:48 1 0:23 580
CDSL SHFD 5:30 0 16:39 630
Jakarta BJ 12:07 1 8:59 220
GZBY BJ 23:40 1 1:56 360
CDSL SHFD 5:30 0 16:39 630
SHFD Jakarta 15:32 1 1:46 440
SHFD Taipei 18:46 1 1:35 1130
SZBA HZXS 8:21 0 11:06 380
CDSL SZBA 17:45 1 1:02 550
BJ SHFD 18:26 2 20:23 570
BJ Taipei 12:15 2 6:14 660
CDSL Jakarta 12:35 0 19:11 710
SZBA GZBY 6:14 1 15:00 270
BJ SZBA 7:36 0 15:10 290
GZBY Tokyo 16:28 1 11:52 770
BJ Taipei 0:52 2 16:49 200
BJ SGP 19:26 1 12:33 410
BJ SGP 4:44 2 19:34 930
Jakarta GZBY 7:05 1 2:27 980
SHFD BJ 23:49 1 17:31 630
SHFD Tokyo 20:57 1 16:01 390
Taipei HZXS 8:38 0 15:16 720
CDSL GZBY 21:51 1 18:15 350
SGP SHFD 4:37 1 9:10 750
GZBY HZXS 18:32 0 20:52 780
Taipei SGP 10:04 1 9:57 220
SGP SZBA 16:49 1 12:12 770
Taipei SZBA 6:54 1 14:07 220
SZBA CDSL 12:30 2 2:20 270
Tokyo SZBA 14:35 0 20:41 360
Jakarta Tokyo 21:01 1 17:48 370
Tokyo Jakarta 20:57 2 16:33 230
Tokyo Taipei 10:33 0 13:17 720
CDSL HZXS 10:23 1 5:11 300
CDSL BJ 17:08 1 4:32 1180
CDSL SHFD 13:00 1 11:13 630
SGP CDSL 2:47 1 0:48 230
BJ GZBY 17:51 1 2:29 410
SZBA CDSL 16:33 0 23:02 710
GZBY SGP 6:10 0 14:56 310
BJ SZBA 7:36 0 15:10 290
SGP SZBA 16:49 1 12:12 770
Tokyo Taipei 16:32 2 20:56 740
CDSL SZBA 5:49 2 11:41 490
Jakarta HZXS 16:54 1 13:28 330
Tokyo SHFD 2:18 1 2:54 360
SHFD CDSL 23:18 1 11:30 290
Jakarta SHFD 19:22 1 0:54 670
SGP Taipei 18:12 0 20:11 1140
SGP Jakarta 15:20 2 19:42 210
Jakarta Taipei 16:04 1 12:56 550
SZBA CDSL 16:33 0 23:02 710
GZBY BJ 23:40 1 1:56 360
SHFD GZBY 11:05 0 14:06 1050
BJ Tokyo 0:11 2 6:12 420
Tokyo Taipei 10:33 0 13:17 720
Taipei SGP 4:34 0 21:31 900
SHFD SGP 0:39 0 21:12 340
SHFD HZXS 22:24 2 15:37 220
BJ HZXS 8:03 1 0:18 340
HZXS GZBY 22:55 1 8:41 1180
SGP SHFD 14:58 1 7:57 210
Taipei SGP 23:48 1 14:26 1120
SGP CDSL 19:42 2 10:31 1060
Tokyo Taipei 10:33 0 13:17 720
SZBA Jakarta 14:48 0 17:01 1180
HZXS GZBY 22:55 1 8:41 1180
SZBA SHFD 3:53 0 5:26 420
BJ SGP 19:26 1 12:33 410
HZXS SHFD 6:22 0 14:40 940
SGP BJ 9:03 0 11:39 1030
BJ SGP 19:26 1 12:33 410
BJ Jakarta 21:17 1 3:10 1000
BJ CDSL 2:47 1 9:24 960
Jakarta SHFD 20:30 1 20:59 210
BJ Taipei 16:23 1 0:16 500
BJ Tokyo 3:48 2 17:41 610
BJ GZBY 17:51 1 2:29 410
Taipei SZBA 12:07 2 23:52 560
SGP SHFD 14:58 1 7:57 210
SZBA CDSL 12:30 2 2:20 270
SGP Tokyo 10:24 1 4:33 600
HZXS SGP 3:31 0 9:35 510
HZXS Jakarta 15:21 2 19:15 1040
Taipei CDSL 15:11 2 6:09 470
Tokyo CDSL 22:27 1 4:43 880
GZBY SHFD 10:06 2 15:26 250
CDSL SZBA 6:56 2 12:20 920
BJ HZXS 1:21 1 17:36 680
HZXS SZBA 9:53 1 9:39 260
BJ SZBA 7:36 0 15:10 290
Taipei HZXS 4:39 0 6:18 890
Jakarta HZXS 6:52 0 22:57 750
BJ CDSL 19:09 0 22:10 330
HZXS Tokyo 4:08 1 9:22 250
SZBA BJ 2:25 2 19:14 210
CDSL Jakarta 12:35 0 19:11 710
SZBA CDSL 12:10 2 13:43 1180
SGP SHFD 10:14 1 7:31 350
SZBA CDSL 16:33 0 23:02 710
BJ CDSL 22:51 1 22:06 320
BJ Jakarta 21:17 1 3:10 1000
SHFD GZBY 7:03 1 3:38 930
Jakarta GZBY 7:05 1 2:27 980
SGP HZXS 21:21 1 0:42 1180
CDSL GZBY 20:30 1 4:02 600
SHFD Taipei 18:46 1 1:35 1130
HZXS BJ 3:59 0 9:41 430
GZBY SHFD 10:06 2 15:26 250
BJ Tokyo 0:11 2 6:12 420
SHFD HZXS 6:16 0 15:29 870
Jakarta Taipei 11:53 1 7:23 490
BJ CDSL 16:30 1 4:16 790
GZBY Tokyo 14:58 2 5:32 560
Tokyo CDSL 22:27 1 4:43 880
CDSL BJ 12:30 1 7:49 200
SHFD GZBY 11:05 0 14:06 1050
Tokyo GZBY 8:25 1 8:36 230
Jakarta CDSL 21:40 1 0:52 1190
HZXS SZBA 9:53 1 9:39 260
BJ SHFD 10:48 0 17:30 440
BJ Taipei 16:23 1 0:16 500
HZXS Taipei 12:56 2 18:30 700
HZXS CDSL 12:00 0 20:00 370
SHFD SGP 0:39 0 21:12 340
Tokyo HZXS 19:09 1 4:23 830
HZXS SZBA 11:36 1 5:10 270
Taipei GZBY 0:06 1 0:01 710
SZBA CDSL 16:33 0 23:02 710
HZXS Tokyo 20:14 1 15:41 850
HZXS GZBY 12:41 2 17:29 200
Taipei SZBA 6:54 1 14:07 220
SGP BJ 16:02 1 8:19 750
Jakarta Taipei 11:53 1 7:23 490
SZBA GZBY 6:14 1 15:00 270
HZXS Taipei 12:56 2 18:30 700
CDSL GZBY 20:30 1 4:02 600
CDSL SZBA 20:35 0 23:16 660
GZBY BJ 23:40 1 1:56 360
CDSL HZXS 10:23 1 5:11 300
CDSL SGP 6:54 0 21:08 1170
CDSL GZBY 10:33 1 14:26 530
SHFD SGP 16:48 2 9:09 380
Tokyo SHFD 11:58 1 18:42 1160
SHFD Jakarta 23:00 1 22:22 390
Taipei Tokyo 22:27 1 5:32 310
SGP GZBY 10:03 0 17:52 250
CDSL Jakarta 12:35 0 19:11 710
Taipei SHFD 2:24 0 20:07 870
HZXS SHFD 15:50 1 13:01 250
CDSL Jakarta 12:35 0 19:11 710
SGP BJ 15:49 2 13:04 700
CDSL SHFD 13:00 1 11:13 630
GZBY BJ 7:14 1 2:59 430
GZBY CDSL 19:47 2 23:41 410
HZXS SGP 23:40 1 11:26 350
Jakarta GZBY 7:05 1 2:27 980
SGP BJ 9:03 0 11:39 1030
SGP SZBA 16:49 1 12:12 770
GZBY BJ 23:40 1 1:56 360
Tokyo BJ 9:07 1 16:16 730
SHFD Taipei 21:08 2 19:24 280
Taipei SZBA 6:54 1 14:07 220
GZBY Taipei 20:04 1 4:42 800
Jakarta SZBA 13:27 1 6:26 990
Tokyo Jakarta 15:06 2 12:19 520
GZBY CDSL 7:51 1 21:51 360
CDSL HZXS 10:23 1 5:11 300
SHFD SZBA 4:43 1 8:09 980
SZBA SGP 17:39 1 14:41 330
HZXS BJ 3:59 0 9:41 430
GZBY CDSL 19:47 2 23:41 410
Tokyo Jakarta 22:27 1 10:36 1190
Taipei Jakarta 23:35 1 10:07 1110
BJ CDSL 19:09 0 22:10 330
SHFD BJ 23:49 1 17:31 630
HZXS SHFD 15:50 1 13:01 250
HZXS Tokyo 20:14 1 15:41 850
Jakarta HZXS 6:52 0 22:57 750
BJ GZBY 17:51 1 2:29 410
Jakarta Tokyo 21:54 2 14:45 210
Jakarta BJ 12:07 1 8:59 220
Taipei Tokyo 22:27 1 5:32 310
SHFD SGP 21:37 1 11:26 820
BJ SGP 19:26 1 12:33 410
HZXS SHFD 13:53 0 15:43 1070
Taipei SZBA 6:54 1 14:07 220
SZBA SHFD 11:19 0 18:49 1070
SGP Jakarta 14:48 1 0:23 580
SHFD GZBY 11:05 0 14:06 1050
Jakarta BJ 16:13 1 8:50 700
SHFD Jakarta 7:49 0 14:38 480
Taipei Jakarta 18:04 0 22:29 390
BJ CDSL 22:51 1 22:06 320
BJ HZXS 8:03 1 0:18 340
SHFD GZBY 10:44 2 8:46 750
Jakarta Taipei 2:32 1 20:30 650
GZBY SGP 6:10 0 14:56 310
BJ SGP 6:13 1 4:35 380
HZXS SGP 12:07 1 1:11 450
CDSL BJ 9:26 0 15:52 960
Tokyo Taipei 21:22 2 21:08 290
HZXS SGP 23:40 1 11:26 350
Taipei BJ 9:58 1 1:36 360
HZXS SHFD 18:33 0 20:12 250
Tokyo HZXS 3:30 0 13:20 640
Taipei BJ 4:43 1 4:08 270
SGP Tokyo 22:27 1 13:07 920
Taipei SGP 10:04 1 9:57 220
CDSL Tokyo 8:32 2 8:48 620
HZXS CDSL 12:00 0 20:00 370
Taipei SGP 10:04 1 9:57 220
SHFD HZXS 6:16 0 15:29 870
HZXS GZBY 16:20 2 6:49 830
GZBY SGP 20:35 1 8:51 980
HZXS GZBY 12:41 2 17:29 200
SHFD SZBA 5:06 0 19:29 420
Jakarta CDSL 21:40 1 0:52 1190
BJ SHFD 10:48 0 17:30 440
SGP Taipei 18:12 0 20:11 1140
Jakarta BJ 16:13 1 8:50 700
Jakarta Tokyo 21:01 1 17:48 370
SGP HZXS 12:14 1 3:39 250
SZBA Jakarta 22:22 1 14:19 220
HZXS Tokyo 4:08 1 9:22 250
SZBA BJ 2:25 2 19:14 210
Jakarta SZBA 6:44 1 4:02 1150
Tokyo Jakarta 22:27 1 10:36 1190
HZXS GZBY 22:55 1 8:41 1180
Tokyo BJ 18:35 1 4:01 270
Jakarta SZBA 13:27 1 6:26 990
CDSL Jakarta 22:13 1 14:35 1120
HZXS CDSL 22:53 1 0:17 1110
SZBA HZXS 12:22 2 10:17 230
Taipei GZBY 1:35 0 22:13 450
CDSL Tokyo 10:45 1 2:19 830
SZBA Jakarta 22:02 2 11:36 840
SHFD GZBY 11:05 0 14:06 1050
CDSL SHFD 5:30 0 16:39 630
SHFD CDSL 3:30 1 12:18 1100
SHFD SZBA 19:42 1 18:43 1000
SHFD SZBA 11:23 2 11:52 880
Tokyo SGP 22:05 2 1:48 910
SHFD SZBA 5:06 0 19:29 420
SGP CDSL 21:33 1 3:42 650
Taipei SHFD 7:08 0 14:27 710
HZXS Jakarta 0:50 2 19:58 490
Taipei GZBY 4:27 1 4:59 230
SGP Taipei 4:34 0 21:19 1120
Jakarta Taipei 11:53 1 7:23 490
HZXS BJ 3:59 0 9:41 430
Tokyo GZBY 19:10 1 6:47 900
SGP Jakarta 14:48 1 0:23 580
CDSL SZBA 20:35 0 23:16 660
CDSL Taipei 10:50 0 18:55 610
Jakarta Tokyo 21:06 1 10:30 590
HZXS SGP 19:56 1 7:45 850
Jakarta Taipei 17:16 1 18:55 500
HZXS Taipei 23:00 1 19:45 1100
SGP Tokyo 22:27 1 13:07 920
SGP HZXS 12:14 1 3:39 250
