HZXS SGP 5:24 0 22:05 230
GZBY Taipei 21:22 1 6:45 250
Tokyo BJ 15:58 2 5:32 1170
HZXS CDSL 23:18 1 9:02 820
SHFD Taipei 22:13 1 0:38 820
Tokyo HZXS 8:19 1 5:21 820
GZBY SZBA 4:53 0 16:50 310
HZXS Tokyo 15:23 1 1:44 660
HZXS Tokyo 15:23 1 1:44 660
CDSL SGP 21:39 2 17:29 1000
BJ HZXS 5:41 0 14:24 570
SGP BJ 5:59 1 8:27 930
SGP CDSL 17:30 1 0:17 390
SHFD Taipei 22:13 1 0:38 820
HZXS BJ 23:37 1 11:32 300
HZXS Taipei 0:14 0 16:30 290
Taipei CDSL 4:01 0 6:35 960
GZBY Tokyo 12:32 2 5:09 790
SGP Jakarta 9:41 0 17:13 660
SHFD Taipei 8:51 2 12:43 1060
SGP BJ 18:53 1 12:57 790
Jakarta Taipei 18:00 1 2:55 1140
BJ SGP 17:24 1 18:25 880
SZBA GZBY 2:37 2 3:15 810
Jakarta SHFD 20:29 1 12:27 530
Jakarta Taipei 18:00 1 2:55 1140
SHFD CDSL 5:35 1 3:56 310
SGP Tokyo 6:31 1 5:00 330
SZBA SGP 20:28 1 1:34 710
Taipei Jakarta 20:32 1 0:33 350
CDSL Taipei 11:16 1 5:55 200
Tokyo HZXS 8:19 1 5:21 820
Tokyo Jakarta 21:01 1 19:35 1030
Jakarta SZBA 3:38 1 20:56 810
CDSL Tokyo 6:26 0 12:39 1090
CDSL GZBY 20:07 2 18:18 240
SZBA BJ 5:46 2 4:36 1140
Tokyo SHFD 8:46 1 6:35 840
CDSL HZXS 6:59 1 11:27 740
SHFD HZXS 2:31 0 4:56 260
Jakarta SHFD 5:46 1 12:05 1050
SZBA GZBY 8:16 2 14:51 1110
SGP Taipei 6:50 1 14:14 550
BJ SGP 6:33 2 22:41 860
GZBY BJ 15:35 1 15:28 840
Jakarta HZXS 16:12 1 1:52 270
Tokyo HZXS 5:26 2 7:48 300
GZBY Taipei 9:48 1 4:10 230
BJ Tokyo 22:38 1 22:03 860
Taipei HZXS 23:31 1 20:38 890
Taipei Tokyo 7:54 1 4:52 810
Tokyo SGP 0:34 2 16:55 320
CDSL HZXS 4:04 1 18:47 1160
GZBY Tokyo 12:32 2 5:09 790
Tokyo CDSL 15:36 1 0:14 230
CDSL Jakarta 8:17 2 0:08 220
Jakarta SZBA 0:24 0 20:26 1020
SHFD BJ 18:05 1 8:34 490
HZXS GZBY 7:27 1 4:31 430
HZXS Jakarta 22:56 1 15:11 390
GZBY SGP 15:40 2 2:43 870
Tokyo Taipei 12:08 2 1:08 810
GZBY CDSL 11:16 2 20:14 970
SZBA Taipei 5:03 1 2:34 550
Taipei HZXS 23:31 1 20:38 890
GZBY SGP 10:44 0 23:47 370
HZXS SZBA 21:59 1 4:38 270
Taipei SHFD 5:23 0 12:51 280
Taipei CDSL 4:01 0 6:35 960
SZBA CDSL 18:49 1 8:15 280
SGP BJ 5:59 1 8:27 930
Jakarta CDSL 23:37 1 20:48 1120
HZXS GZBY 7:27 1 4:31 430
CDSL BJ 23:56 1 9:00 440
SZBA Tokyo 13:01 1 6:13 1040
SGP Jakarta 9:41 0 17:13 660
Jakarta SZBA 12:08 1 3:16 380
GZBY Tokyo 12:32 2 5:09 790
HZXS Taipei 0:14 0 16:30 290
BJ HZXS 5:41 0 14:24 570
SGP Tokyo 5:09 1 0:21 680
Tokyo SHFD 16:55 1 10:18 970
SGP CDSL 17:30 1 0:17 390
CDSL Taipei 0:21 0 19:57 1110
Jakarta Tokyo 17:31 2 13:22 980
SGP Jakarta 9:41 0 17:13 660
Jakarta HZXS 8:36 0 15:03 910
SGP Jakarta 9:41 0 17:13 660
GZBY Tokyo 17:46 0 23:10 1000
GZBY Jakarta 5:11 0 7:15 1180
GZBY SGP 16:36 1 3:05 830
Taipei GZBY 10:47 1 17:01 730
Jakarta SZBA 20:43 1 23:15 210
Jakarta SZBA 0:24 0 20:26 1020
HZXS Taipei 0:14 0 16:30 290
SHFD HZXS 12:35 0 23:28 630
BJ SHFD 3:56 1 17:08 360
SGP CDSL 17:30 1 0:17 390
HZXS SHFD 8:00 0 10:36 730
Jakarta SHFD 13:19 1 14:20 900
SHFD GZBY 13:50 1 14:32 850
BJ Jakarta 1:06 0 4:18 630
GZBY SZBA 4:53 0 16:50 310
GZBY CDSL 11:16 2 20:14 970
Taipei Tokyo 9:45 1 8:32 760
Taipei SHFD 22:30 1 5:09 1000
Tokyo SGP 20:14 1 16:27 890
Tokyo SGP 20:14 1 16:27 890
BJ SZBA 15:58 0 18:47 1070
SHFD Tokyo 23:36 2 13:53 710
SHFD Jakarta 15:10 1 5:54 860
HZXS SGP 20:34 1 1:21 390
SGP Tokyo 2:57 2 16:14 1020
SHFD SZBA 20:08 1 2:56 830
Taipei Tokyo 19:50 1 18:56 1010
Taipei SZBA 2:02 2 21:36 680
HZXS BJ 18:11 1 2:27 520
SGP SZBA 18:28 1 6:42 520
Jakarta HZXS 8:36 0 15:03 910
HZXS CDSL 23:18 1 9:02 820
Taipei Jakarta 20:32 1 0:33 350
Tokyo CDSL 15:36 1 0:14 230
SZBA BJ 17:29 1 6:55 320
SZBA Taipei 19:04 1 10:48 860
Jakarta HZXS 5:52 0 15:08 720
HZXS Jakarta 22:56 1 15:11 390
HZXS SGP 5:24 0 22:05 230
CDSL HZXS 6:59 1 11:27 740
BJ SHFD 13:33 2 3:58 480
Tokyo BJ 16:46 0 18:39 230
SZBA BJ 17:29 1 6:55 320
CDSL HZXS 12:06 2 14:24 870
Tokyo CDSL 15:36 1 0:14 230
BJ Taipei 10:47 0 16:55 340
CDSL BJ 6:21 2 0:05 220
Tokyo GZBY 10:42 2 12:58 1060
SGP BJ 5:59 1 8:27 930
CDSL Taipei 7:02 0 18:15 920
Jakarta CDSL 23:37 1 20:48 1120
SGP Taipei 22:00 1 0:22 410
Taipei SHFD 21:05 1 21:13 640
BJ SHFD 23:12 1 9:48 990
Taipei CDSL 4:01 0 6:35 960
Jakarta GZBY 16:58 2 8:21 390
SGP HZXS 7:52 1 3:52 480
GZBY Tokyo 12:32 2 5:09 790
SZBA Jakarta 1:06 2 4:28 820
HZXS SZBA 15:27 1 4:18 900
BJ SHFD 12:13 1 11:25 990
SGP HZXS 7:52 1 3:52 480
HZXS Taipei 21:41 1 19:05 630
GZBY SZBA 4:53 0 16:50 310
Tokyo SHFD 17:38 1 6:09 540
GZBY SGP 10:44 0 23:47 370
HZXS SGP 20:34 1 1:21 390
GZBY Jakarta 18:31 1 3:21 1040
GZBY CDSL 11:16 2 20:14 970
SGP CDSL 17:30 1 0:17 390
BJ SHFD 23:12 1 9:48 990
HZXS Taipei 13:24 2 19:31 890
GZBY BJ 14:31 1 13:35 910
CDSL SZBA 23:02 1 6:58 500
HZXS Tokyo 15:23 1 1:44 660
SHFD SZBA 12:13 1 19:53 1190
Taipei Tokyo 9:45 1 8:32 760
CDSL GZBY 13:45 0 22:00 490
Jakarta BJ 22:45 2 17:38 510
GZBY CDSL 3:44 1 7:41 540
SZBA SHFD 14:45 1 2:54 210
SHFD CDSL 5:35 1 3:56 310
Taipei SZBA 12:08 1 8:09 930
HZXS Taipei 0:14 0 16:30 290
SHFD Jakarta 15:10 1 5:54 860
SHFD Taipei 22:13 1 0:38 820
CDSL SGP 8:08 2 1:37 470
SZBA CDSL 18:49 1 8:15 280
Jakarta SHFD 20:29 1 12:27 530
Tokyo Taipei 4:25 0 14:31 430
BJ SZBA 17:38 1 13:26 320
Taipei GZBY 10:47 1 17:01 730
SHFD Taipei 22:13 1 0:38 820
GZBY SZBA 4:53 0 16:50 310
Jakarta HZXS 16:12 1 1:52 270
Jakarta CDSL 17:57 2 15:35 1190
Tokyo HZXS 8:19 1 5:21 820
BJ SHFD 23:12 1 9:48 990
GZBY SGP 10:44 0 23:47 370
SGP Taipei 22:00 1 0:22 410
HZXS Taipei 0:14 0 16:30 290
HZXS Jakarta 3:43 1 4:07 1160
Jakarta SHFD 9:34 2 6:32 830
HZXS GZBY 22:16 2 0:58 1170
SHFD SGP 14:59 2 16:14 240
SHFD CDSL 5:35 1 3:56 310
SGP BJ 18:53 1 12:57 790
BJ Tokyo 7:11 1 7:30 250
SZBA GZBY 5:23 1 1:27 1080
SZBA BJ 17:29 1 6:55 320
Jakarta HZXS 8:36 0 15:03 910
Tokyo HZXS 23:39 2 7:28 1160
Tokyo SHFD 22:47 1 2:01 820
