BJ Tokyo 18:23 1 7:47 1050
SGP BJ 2:50 0 9:57 260
BJ SZBA 10:58 1 6:42 290
SZBA SHFD 23:20 1 0:22 920
GZBY SHFD 7:18 0 13:53 940
Taipei GZBY 5:40 1 19:41 400
BJ Taipei 14:49 1 0:02 330
CDSL GZBY 14:54 1 8:27 370
Taipei Jakarta 22:38 1 0:14 470
GZBY HZXS 7:08 0 9:52 430
Taipei GZBY 18:00 1 8:12 910
BJ HZXS 4:35 1 3:06 500
SGP BJ 2:50 0 9:57 260
GZBY SGP 14:31 2 0:12 310
GZBY CDSL 9:56 1 0:29 410
HZXS GZBY 3:57 0 16:36 520
GZBY Tokyo 19:35 1 23:52 270
SZBA CDSL 16:09 2 2:34 240
Taipei Jakarta 17:47 2 9:21 250
SHFD Jakarta 5:07 1 1:45 390
Jakarta GZBY 6:39 0 21:42 370
SZBA SHFD 14:46 0 18:00 250
CDSL SGP 4:59 0 10:33 720
BJ SGP 5:47 2 9:26 310
GZBY HZXS 14:49 0 17:21 740
Taipei SGP 18:07 2 12:28 300
GZBY Taipei 0:36 0 18:31 890
Tokyo Jakarta 22:52 1 16:56 240
BJ Taipei 14:49 1 0:02 330
Taipei SZBA 10:55 0 13:45 580
Tokyo SHFD 4:52 1 0:21 430
CDSL GZBY 14:54 1 8:27 370
Taipei CDSL 20:39 1 4:04 550
Taipei HZXS 4:03 2 17:47 710
SZBA SHFD 11:40 0 17:05 290
BJ CDSL 21:37 1 4:51 1040
CDSL Taipei 22:46 1 1:02 470
Tokyo Taipei 1:31 0 14:00 800
CDSL Tokyo 6:26 0 9:11 830
HZXS SHFD 6:34 2 15:47 960
SZBA SHFD 23:20 1 0:22 920
GZBY SZBA 12:10 0 16:05 600
BJ SZBA 21:23 1 0:04 380
CDSL SGP 14:59 1 5:12 530
SHFD Tokyo 2:46 1 20:02 940
BJ GZBY 15:08 1 7:51 230
GZBY SHFD 23:26 1 6:43 300
HZXS Taipei 21:29 1 6:22 310
Taipei SHFD 5:26 0 9:41 310
SGP BJ 2:50 0 9:57 260
GZBY SHFD 7:18 0 13:53 940
GZBY Taipei 9:05 2 15:52 720
Jakarta HZXS 22:53 1 8:47 220
GZBY SHFD 7:18 0 13:53 940
GZBY SHFD 7:18 0 13:53 940
GZBY SHFD 7:18 0 13:53 940
SHFD BJ 11:04 1 7:40 620
Tokyo CDSL 8:51 0 21:23 1190
Jakarta GZBY 4:05 1 17:42 240
BJ SHFD 16:21 1 2:53 650
GZBY BJ 23:13 1 12:24 450
CDSL BJ 7:35 0 10:23 450
Jakarta CDSL 14:41 0 18:15 670
SHFD GZBY 18:18 1 19:43 210
Taipei GZBY 5:40 1 19:41 400
SGP Jakarta 23:30 1 0:09 1070
Jakarta SGP 20:29 1 2:26 710
CDSL HZXS 3:04 0 12:54 1090
SZBA CDSL 8:16 0 17:50 470
BJ Taipei 10:58 1 0:08 720
Tokyo Jakarta 22:52 1 16:56 240
SGP CDSL 7:59 1 4:51 1050
SHFD SGP 11:38 0 18:10 800
CDSL BJ 21:43 1 1:28 300
SHFD HZXS 9:10 1 23:40 360
BJ GZBY 22:50 1 2:30 340
SZBA SHFD 22:59 1 5:56 1070
SHFD Jakarta 8:03 0 11:05 690
Jakarta SGP 14:25 1 1:35 910
SZBA CDSL 16:09 2 2:34 240
SGP Tokyo 23:25 1 1:35 810
SGP Taipei 10:39 2 22:15 790
CDSL GZBY 12:28 0 20:13 780
BJ GZBY 15:08 1 7:51 230
BJ Taipei 14:49 1 0:02 330
CDSL HZXS 3:04 0 12:54 1090
SZBA BJ 4:14 0 21:31 820
Taipei HZXS 13:13 1 13:34 320
Taipei SHFD 19:19 1 21:48 580
Jakarta Tokyo 23:16 1 0:50 1030
HZXS Tokyo 23:12 1 22:54 520
SHFD Tokyo 14:43 1 8:39 1150
CDSL Tokyo 17:45 1 1:38 780
HZXS CDSL 17:53 0 20:53 1180
SZBA GZBY 4:53 0 16:06 700
Jakarta SZBA 23:48 1 5:31 1140
Tokyo BJ 16:50 1 4:30 230
Taipei CDSL 12:50 0 23:30 470
GZBY HZXS 14:49 0 17:21 740
HZXS BJ 19:11 1 3:52 650
CDSL Taipei 22:46 1 1:02 470
Tokyo SZBA 5:23 0 14:04 280
SZBA Taipei 13:25 2 13:34 490
BJ HZXS 18:10 1 1:23 590
SGP Taipei 1:41 1 18:44 330
Taipei GZBY 18:00 1 8:12 910
HZXS SGP 13:29 2 8:55 880
BJ GZBY 22:50 1 2:30 340
HZXS SZBA 10:27 1 1:56 740
HZXS SGP 15:38 1 8:34 470
SGP CDSL 7:59 1 4:51 1050
Jakarta BJ 1:42 0 3:27 830
Tokyo CDSL 8:51 0 21:23 1190
CDSL Taipei 22:46 1 1:02 470
HZXS SGP 1:40 0 6:27 450
Jakarta GZBY 6:39 0 21:42 370
BJ Tokyo 18:23 1 7:47 1050
Taipei SGP 18:07 2 12:28 300
GZBY SGP 15:59 1 4:03 410
Jakarta SZBA 23:48 1 5:31 1140
Jakarta Tokyo 22:12 1 23:50 1010
BJ Jakarta 14:49 0 23:16 830
GZBY Jakarta 13:26 0 18:13 710
SZBA HZXS 8:22 1 0:51 880
SZBA SHFD 23:20 1 0:22 920
HZXS SGP 15:38 1 8:34 470
BJ HZXS 18:10 1 1:23 590
SGP SHFD 19:14 0 23:00 900
HZXS SHFD 6:34 2 15:47 960
BJ SZBA 11:54 1 1:22 650
SZBA CDSL 21:09 1 3:30 310
BJ Jakarta 16:26 1 6:50 350
SZBA CDSL 21:09 1 3:30 310
SGP Tokyo 6:45 0 11:24 490
GZBY HZXS 19:16 2 16:09 240
BJ HZXS 4:35 1 3:06 500
Tokyo CDSL 8:51 0 21:23 1190
HZXS SZBA 20:37 1 13:00 820
Tokyo GZBY 13:47 1 1:27 1010
SGP BJ 2:50 0 9:57 260
Taipei Tokyo 20:56 1 1:24 500
Tokyo SGP 2:05 0 15:08 280
Tokyo GZBY 22:13 2 12:07 210
Tokyo Taipei 10:16 1 20:55 210
SZBA HZXS 17:07 0 21:02 350
Tokyo SZBA 5:23 0 14:04 280
CDSL BJ 21:43 1 1:28 300
SGP Jakarta 23:30 1 0:09 1070
BJ HZXS 18:10 1 1:23 590
SHFD CDSL 13:47 0 20:36 250
SGP Jakarta 12:37 2 3:43 340
GZBY Taipei 0:36 0 18:31 890
Taipei GZBY 18:00 1 8:12 910
Jakarta BJ 1:42 0 3:27 830
Taipei Jakarta 22:38 1 0:14 470
Jakarta Taipei 20:39 0 23:59 650
GZBY Tokyo 0:11 1 21:27 220
BJ SHFD 23:01 2 13:43 890
GZBY CDSL 0:40 0 3:54 720
BJ Tokyo 18:23 1 7:47 1050
BJ Jakarta 14:49 0 23:16 830
SGP Jakarta 23:30 1 0:09 1070
SHFD SGP 11:38 0 18:10 800
SHFD Tokyo 2:46 1 20:02 940
Taipei Jakarta 22:38 1 0:14 470
SZBA SHFD 14:46 0 18:00 250
BJ SGP 9:17 2 19:29 440
Taipei SGP 14:15 2 4:43 950
CDSL BJ 7:35 0 10:23 450
CDSL SZBA 7:58 1 13:51 260
Jakarta Tokyo 4:33 0 9:14 710
CDSL HZXS 3:04 0 12:54 1090
SHFD SGP 5:32 2 19:24 570
SHFD HZXS 9:10 1 23:40 360
CDSL Tokyo 22:58 2 22:16 1000
HZXS Jakarta 7:41 0 12:01 230
SGP Tokyo 10:07 1 16:17 810
CDSL BJ 21:43 1 1:28 300
SHFD CDSL 13:47 0 20:36 250
SGP SHFD 13:03 0 21:32 430
BJ Tokyo 18:23 1 7:47 1050
Taipei HZXS 11:05 2 1:36 690
Taipei SGP 19:53 1 17:27 1000
CDSL HZXS 22:42 1 17:31 360
Taipei CDSL 20:39 1 4:04 550
Tokyo SHFD 0:21 0 2:55 390
Tokyo CDSL 4:39 2 8:31 580
SGP Taipei 1:41 1 18:44 330
SHFD HZXS 23:32 2 7:47 1090
SHFD GZBY 19:13 1 9:39 1160
CDSL BJ 7:35 0 10:23 450
GZBY BJ 17:35 0 19:44 600
Tokyo SHFD 0:21 0 2:55 390
Jakarta SZBA 9:35 0 22:20 1150
Tokyo CDSL 4:39 2 8:31 580
SZBA GZBY 4:53 0 16:06 700
HZXS BJ 23:21 2 0:22 200
SGP BJ 2:50 0 9:57 260
SGP CDSL 13:30 1 13:47 870
GZBY HZXS 7:08 0 9:52 430
Jakarta Tokyo 23:16 1 0:50 1030
SHFD SZBA 2:36 2 18:02 260
SZBA BJ 15:41 2 1:23 550
HZXS Jakarta 15:22 2 4:30 650
Taipei CDSL 15:52 2 10:12 210
GZBY HZXS 7:08 0 9:52 430
BJ SGP 5:47 2 9:26 310
Jakarta SZBA 8:50 2 9:06 290
GZBY Jakarta 19:13 2 19:15 290
SHFD CDSL 2:06 0 11:32 710
GZBY Jakarta 20:09 1 3:50 1180
Taipei GZBY 18:00 1 8:12 910
BJ Taipei 14:49 1 0:02 330
SZBA Taipei 2:37 2 21:45 520
BJ Jakarta 14:49 0 23:16 830
HZXS CDSL 15:21 1 15:07 230
Jakarta GZBY 12:55 1 11:10 420
SGP HZXS 9:22 1 4:50 980
SZBA SGP 21:56 1 3:15 880
Taipei Tokyo 1:43 1 15:29 650
SHFD GZBY 8:09 2 15:08 1160
SZBA SGP 0:50 1 15:12 440
SGP SHFD 14:53 0 20:58 960
CDSL Jakarta 13:46 2 11:22 890
SZBA CDSL 3:21 1 3:30 880
Tokyo GZBY 3:41 0 5:42 1080
SGP SZBA 13:20 1 5:34 910
Jakarta SHFD 6:47 0 15:17 500
Tokyo SGP 2:05 0 15:08 280
Taipei GZBY 5:40 1 19:41 400
CDSL GZBY 12:28 0 20:13 780
CDSL SHFD 15:33 1 9:10 350
Taipei HZXS 4:03 2 17:47 710
BJ HZXS 18:10 1 1:23 590
Tokyo BJ 16:50 1 4:30 230
HZXS SZBA 13:56 2 9:34 890
CDSL SGP 3:58 0 20:31 640
GZBY SHFD 23:26 1 6:43 300
BJ CDSL 21:37 1 4:51 1040
Tokyo SHFD 0:21 0 2:55 390
SHFD SZBA 9:20 0 12:38 1050
Jakarta Tokyo 23:16 1 0:50 1030
GZBY BJ 5:27 0 15:33 660
SGP SZBA 14:09 2 18:08 420
Taipei BJ 14:17 1 23:59 430
GZBY Jakarta 13:26 0 18:13 710
CDSL Tokyo 17:58 1 5:53 200
GZBY Jakarta 10:28 0 16:50 980
Taipei HZXS 8:03 1 8:57 680
Tokyo Taipei 13:54 2 8:20 240
BJ SHFD 16:21 1 2:53 650
HZXS Taipei 22:16 1 18:50 250
CDSL Jakarta 5:22 0 7:18 610
HZXS Taipei 21:29 1 6:22 310
SZBA SHFD 23:20 1 0:22 920
CDSL SHFD 4:17 0 19:05 610
Tokyo CDSL 9:11 1 23:05 250
SZBA Taipei 10:22 0 18:42 730
Taipei SZBA 17:27 1 11:21 820
Tokyo CDSL 8:51 0 21:23 1190
CDSL Tokyo 6:26 0 9:11 830
SGP SHFD 0:12 2 11:15 200
SZBA CDSL 21:09 1 3:30 310
SZBA HZXS 6:26 0 13:37 550
Jakarta SHFD 3:46 1 0:41 300
SZBA HZXS 5:04 0 20:07 340
Tokyo SHFD 0:21 0 2:55 390
HZXS BJ 23:21 2 0:22 200
GZBY SGP 14:38 1 3:15 740
GZBY SHFD 7:18 0 13:53 940
BJ Tokyo 18:23 1 7:47 1050
SHFD SGP 11:38 0 18:10 800
Tokyo SHFD 0:21 0 2:55 390
Jakarta Tokyo 19:00 1 13:02 630
Taipei GZBY 18:00 1 8:12 910
CDSL Tokyo 17:45 1 1:38 780
Jakarta BJ 1:42 0 3:27 830
Taipei GZBY 5:40 1 19:41 400
CDSL Taipei 3:21 0 13:28 210
CDSL GZBY 12:28 0 20:13 780
GZBY Taipei 0:36 0 18:31 890
HZXS GZBY 17:50 2 18:43 820
Taipei GZBY 18:00 1 8:12 910
BJ Tokyo 18:23 1 7:47 1050
GZBY CDSL 19:24 1 7:54 200
GZBY CDSL 0:40 0 3:54 720
Jakarta SGP 14:25 1 1:35 910
SZBA HZXS 5:04 0 20:07 340
SGP SZBA 13:20 1 5:34 910
Jakarta GZBY 3:19 2 3:52 310
BJ HZXS 18:10 1 1:23 590
SZBA GZBY 4:53 0 16:06 700
SGP BJ 2:50 0 9:57 260
Taipei CDSL 15:52 2 10:12 210
SZBA Taipei 14:25 2 14:34 880
Tokyo HZXS 9:36 0 12:00 540
CDSL Tokyo 6:26 0 9:11 830
SZBA CDSL 16:09 2 2:34 240
Taipei SGP 9:58 1 10:12 1070
GZBY SHFD 7:18 0 13:53 940
Jakarta HZXS 14:51 1 14:28 870
