SGP Taipei 22:46 1 15:41 1120
Tokyo SZBA 6:35 0 14:07 510
SZBA Jakarta 11:21 0 21:16 950
Tokyo GZBY 3:12 2 6:53 1020
SGP HZXS 0:09 2 18:15 790
Tokyo SGP 11:16 0 13:46 360
SZBA GZBY 22:31 1 23:30 1120
SZBA SGP 15:09 1 2:25 850
CDSL HZXS 6:37 0 19:40 440
Taipei SZBA 21:26 1 8:58 1170
Jakarta BJ 23:23 1 17:10 1100
Taipei Jakarta 14:37 1 11:37 210
CDSL SHFD 19:34 1 3:31 980
GZBY Taipei 2:06 1 12:05 450
CDSL HZXS 23:28 1 16:44 350
Tokyo Jakarta 4:59 0 8:17 340
HZXS GZBY 16:11 2 2:35 240
GZBY BJ 7:59 1 1:07 720
GZBY HZXS 2:42 0 12:19 200
HZXS GZBY 12:38 0 14:27 1050
SZBA CDSL 3:16 0 16:04 570
BJ SHFD 6:15 1 2:40 760
SZBA BJ 3:59 0 5:45 910
Jakarta CDSL 16:06 1 20:14 470
SZBA SGP 22:10 1 20:37 1080
SHFD GZBY 23:52 2 18:03 760
Taipei SZBA 17:05 1 23:46 1060
HZXS SZBA 20:09 1 8:40 1160
CDSL HZXS 6:37 0 19:40 440
BJ CDSL 22:18 1 9:42 210
Taipei HZXS 16:26 1 5:47 270
SZBA CDSL 20:31 1 21:00 200
SGP Taipei 22:46 1 15:41 1120
SHFD BJ 11:30 0 17:53 1130
Jakarta CDSL 23:02 1 9:27 750
Jakarta BJ 5:56 1 0:14 890
Taipei SHFD 10:43 0 12:22 360
Jakarta GZBY 9:21 1 1:20 1070
HZXS Taipei 3:06 0 10:02 330
SZBA SGP 19:46 1 15:23 300
Tokyo BJ 3:21 2 23:08 410
Tokyo SGP 19:38 1 6:47 270
Tokyo SZBA 6:35 0 14:07 510
CDSL Tokyo 23:23 2 18:59 210
Tokyo SZBA 13:54 1 19:19 330
Taipei SZBA 15:07 0 17:21 970
SHFD Tokyo 19:41 1 6:59 610
SZBA Jakarta 9:05 0 18:34 390
GZBY Jakarta 23:37 1 8:10 260
SHFD BJ 11:30 0 17:53 1130
SZBA HZXS 12:11 1 2:01 490
SZBA BJ 3:00 2 17:14 400
BJ CDSL 22:18 1 9:42 210
SGP SZBA 17:40 1 3:28 980
GZBY BJ 7:59 1 1:07 720
CDSL HZXS 6:37 0 19:40 440
Taipei SHFD 10:43 0 12:22 360
SHFD BJ 11:30 0 17:53 1130
CDSL Jakarta 11:00 1 3:26 970
SZBA Taipei 18:24 1 0:58 820
CDSL SZBA 11:14 0 15:05 210
Jakarta BJ 23:23 1 17:10 1100
Jakarta HZXS 22:53 1 13:39 320
Tokyo Jakarta 4:59 0 8:17 340
GZBY Taipei 8:59 1 13:51 820
Tokyo SGP 11:16 0 13:46 360
CDSL HZXS 6:37 0 19:40 440
Jakarta HZXS 22:53 1 13:39 320
Tokyo GZBY 17:30 0 20:56 870
Tokyo SHFD 15:58 1 1:58 780
Taipei Tokyo 19:15 1 13:10 730
Tokyo SGP 19:38 1 6:47 270
SZBA Jakarta 18:01 0 23:45 250
SZBA Jakarta 18:01 0 23:45 250
Tokyo SZBA 6:35 0 14:07 510
Taipei GZBY 8:35 0 19:51 800
GZBY SGP 3:10 1 1:53 990
BJ SHFD 22:42 1 2:14 1060
BJ CDSL 12:37 0 15:57 750
CDSL BJ 23:45 1 0:57 960
SGP CDSL 18:04 0 20:18 290
SGP Tokyo 23:23 1 13:06 990
SHFD HZXS 21:10 1 0:07 210
Jakarta SZBA 9:58 2 1:00 450
SZBA SGP 15:09 1 2:25 850
Tokyo HZXS 12:49 0 19:57 430
GZBY Taipei 2:06 1 12:05 450
SHFD SGP 4:08 1 12:34 670
BJ CDSL 22:18 1 9:42 210
Jakarta Taipei 19:31 0 23:15 300
HZXS Tokyo 13:36 1 6:32 510
GZBY Jakarta 21:50 1 2:52 310
Taipei CDSL 15:17 1 14:54 1110
SHFD Taipei 23:33 1 17:52 830
Jakarta SHFD 17:32 1 2:21 800
Taipei HZXS 5:56 2 12:28 380
SGP Tokyo 16:00 1 6:54 660
BJ Taipei 16:39 1 10:06 680
GZBY SHFD 23:04 1 9:10 1180
Tokyo Jakarta 4:59 0 8:17 340
HZXS Jakarta 21:52 2 17:31 960
Taipei BJ 7:55 1 15:36 460
Taipei HZXS 16:26 1 5:47 270
SHFD Tokyo 12:00 1 0:12 750
SZBA SGP 19:46 1 15:23 300
Tokyo Jakarta 4:59 0 8:17 340
SHFD Taipei 13:28 2 17:51 960
GZBY BJ 7:59 1 1:07 720
CDSL Taipei 17:05 1 7:51 900
SZBA SHFD 5:42 0 12:10 770
GZBY BJ 7:59 1 1:07 720
SZBA Jakarta 18:01 0 23:45 250
HZXS SHFD 0:34 2 15:34 440
CDSL SGP 17:40 1 1:08 890
Jakarta GZBY 14:23 1 2:59 430
HZXS Taipei 21:38 1 3:09 480
BJ GZBY 5:50 0 8:45 680
BJ GZBY 5:50 0 8:45 680
CDSL GZBY 17:18 1 20:01 320
SHFD Tokyo 19:41 1 6:59 610
Jakarta CDSL 16:06 1 20:14 470
SHFD BJ 11:30 0 17:53 1130
CDSL HZXS 6:37 0 19:40 440
BJ SZBA 21:04 1 2:50 1080
GZBY Jakarta 21:50 1 2:52 310
BJ CDSL 22:18 1 9:42 210
SGP GZBY 10:09 0 18:14 540
SHFD SGP 19:24 1 2:49 880
SZBA Tokyo 11:21 0 20:04 300
Jakarta Tokyo 6:28 0 14:40 510
GZBY Taipei 20:00 1 16:01 560
BJ SHFD 22:28 2 9:09 1110
Tokyo HZXS 12:49 0 19:57 430
SGP CDSL 19:48 2 15:34 200
Jakarta HZXS 22:53 1 13:39 320
HZXS GZBY 12:38 0 14:27 1050
Jakarta SGP 22:07 1 13:28 930
BJ Tokyo 16:05 2 11:39 310
SGP HZXS 15:20 1 23:43 490
HZXS Jakarta 21:52 2 17:31 960
HZXS BJ 4:57 0 9:16 650
GZBY Taipei 5:48 2 11:43 660
CDSL SHFD 11:47 0 17:31 210
Tokyo HZXS 12:49 0 19:57 430
CDSL HZXS 23:28 1 16:44 350
Jakarta BJ 6:37 2 13:02 360
Tokyo SHFD 15:58 1 1:58 780
CDSL GZBY 6:54 0 8:53 440
SHFD SGP 9:20 1 9:16 650
Tokyo BJ 14:27 1 14:41 1110
Taipei Jakarta 14:37 1 11:37 210
CDSL SHFD 11:47 0 17:31 210
Jakarta SHFD 2:02 2 12:52 300
BJ HZXS 4:34 0 14:55 300
SZBA CDSL 20:31 1 21:00 200
HZXS BJ 7:42 2 12:49 310
Jakarta GZBY 14:23 1 2:59 430
Jakarta BJ 15:21 1 9:55 710
CDSL GZBY 6:54 0 8:53 440
HZXS SGP 16:46 1 10:11 390
SZBA CDSL 20:31 1 21:00 200
HZXS Jakarta 22:56 1 21:59 1100
Taipei BJ 13:30 0 17:11 900
HZXS Tokyo 20:37 1 5:39 790
SZBA GZBY 2:04 0 19:21 260
SHFD BJ 11:30 0 17:53 1130
Jakarta SZBA 9:58 2 1:00 450
BJ GZBY 17:15 0 23:05 780
Taipei HZXS 16:26 1 5:47 270
Jakarta Tokyo 6:28 0 14:40 510
BJ Jakarta 2:28 1 4:59 210
HZXS SZBA 20:09 1 8:40 1160
GZBY SHFD 4:02 0 22:51 290
SHFD Jakarta 22:34 2 20:08 1130
SHFD Taipei 17:37 2 17:03 900
Taipei CDSL 0:10 1 9:01 320
GZBY SZBA 3:05 0 8:48 820
Tokyo SHFD 15:58 1 1:58 780
SHFD HZXS 21:10 1 0:07 210
CDSL SGP 17:40 1 1:08 890
BJ Tokyo 9:45 1 0:57 850
Tokyo BJ 5:44 0 21:25 550
BJ CDSL 22:18 1 9:42 210
GZBY CDSL 12:48 2 0:15 240
CDSL Taipei 2:58 2 23:27 390
HZXS BJ 4:57 0 9:16 650
BJ Taipei 16:39 1 10:06 680
GZBY SGP 0:01 1 17:35 250
HZXS Taipei 21:38 1 3:09 480
SZBA BJ 3:00 2 17:14 400
SGP GZBY 10:09 0 18:14 540
HZXS Tokyo 9:39 0 18:21 760
Taipei GZBY 18:23 1 17:22 900
BJ GZBY 5:50 0 8:45 680
SZBA SGP 15:09 1 2:25 850
Jakarta SZBA 9:58 2 1:00 450
CDSL SZBA 11:14 0 15:05 210
SZBA SGP 19:46 1 15:23 300
SGP SHFD 12:12 0 17:03 1120
Jakarta BJ 6:37 2 13:02 360
SGP HZXS 5:12 0 7:55 210
Taipei SGP 8:24 0 15:40 570
HZXS SZBA 20:09 1 8:40 1160
BJ SHFD 22:28 2 9:09 1110
Tokyo BJ 3:59 1 21:39 230
SHFD SZBA 20:37 1 5:36 660
HZXS BJ 4:57 0 9:16 650
SZBA CDSL 19:04 1 15:48 380
HZXS SHFD 12:49 1 5:48 900
SHFD SZBA 7:40 2 12:19 1020
Taipei CDSL 15:17 1 14:54 1110
Tokyo GZBY 17:30 0 20:56 870
SZBA SHFD 12:25 0 14:31 270
SZBA HZXS 12:11 1 2:01 490
Tokyo Taipei 8:52 1 13:08 750
SGP SHFD 17:09 2 12:04 360
SGP SHFD 12:12 0 17:03 1120
SHFD Jakarta 0:23 1 1:28 680
Jakarta GZBY 9:21 1 1:20 1070
SGP Jakarta 18:28 1 9:48 520
GZBY CDSL 17:23 1 1:59 920
Tokyo HZXS 12:17 2 18:16 230
CDSL GZBY 6:54 0 8:53 440
Tokyo SGP 11:16 0 13:46 360
SZBA BJ 3:59 0 5:45 910
SGP BJ 11:59 1 14:40 920
Tokyo HZXS 6:40 2 16:57 1130
GZBY SHFD 23:04 1 9:10 1180
Tokyo Taipei 4:44 1 18:20 310
