45 22 68 47 26 6 55 36 18 2 54 39 25 12 67 58 48 38 31 24 19 15 13 11 14 17 23 30 37 46 57 66 16 40 59 8 42 65 34 1 44 20 63 52 43 35 41 51 62 10 53 27 5 4 21 50 29 32 61 60 28 56 7 3 9 64 33 49 
2 4 6 8 10 12 14 16 18 20 22 24 26 28 30 32 34 36 38 40 42 44 46 1 5 9 13 17 21 25 29 33 37 41 45 3 11 19 27 35 43 7 23 39 15 47 31 
25 50 75 20 46 72 18 45 73 21 49 78 27 56 5 35 65 15 48 1 33 66 19 55 9 43 2 38 76 34 71 32 74 37 80 42 8 54 17 64 36 7 59 29 6 61 40 16 79 62 51 31 24 14 12 11 13 23 30 47 60 77 39 67 28 70 58 53 57 69 26 4 10 52 63 44 68 3 22 41 
25 22 23 28 5 15 2 20 16 17 26 8 30 29 7 24 27 11 12 4 14 1 13 18 19 10 21 3 6 9 
32 64 14 47 80 31 66 18 53 6 42 78 34 71 26 65 22 61 20 60 21 63 25 70 33 77 41 5 52 17 72 39 8 58 35 4 59 38 12 75 51 36 15 1 69 55 46 40 29 27 24 28 37 45 54 68 82 13 49 79 23 74 43 7 73 57 56 67 3 30 9 81 10 48 44 2 16 50 19 76 62 11 
16 33 51 1 22 44 67 24 50 9 39 2 35 69 38 8 49 23 66 47 28 12 64 56 46 41 37 40 45 55 63 11 27 57 14 48 17 61 36 26 20 21 31 54 6 43 18 7 10 29 60 34 32 59 25 30 68 3 53 5 42 4 13 15 65 19 52 58 62 
45 21 67 44 23 2 51 31 12 63 47 30 15 1 57 43 34 24 14 7 69 64 60 58 56 59 62 68 6 13 22 33 42 61 16 35 53 18 41 10 46 20 65 39 28 19 11 17 27 38 55 29 3 50 49 66 26 5 8 37 36 4 32 52 48 54 40 9 25 
22 21 25 6 15 5 24 23 4 14 10 12 1 20 11 16 13 9 18 17 2 19 8 7 3 
3 7 12 18 25 5 16 28 14 1 21 13 9 8 11 20 29 22 17 23 4 2 19 26 6 27 15 10 24 
8 16 24 32 40 48 56 64 72 4 13 22 31 41 50 59 68 1 11 21 33 43 53 63 74 9 20 34 45 57 69 5 18 30 46 60 73 12 27 42 58 75 15 35 51 67 10 29 52 71 19 39 65 14 38 66 23 49 3 37 76 36 2 47 17 62 54 28 26 44 61 7 6 55 25 70 
46 30 15 1 50 37 25 14 5 58 51 43 38 33 29 27 26 28 32 36 42 49 57 4 13 24 48 3 20 52 10 41 9 47 19 2 54 39 31 23 35 53 62 18 60 40 21 22 55 11 6 8 45 56 17 61 34 44 7 12 59 16 
9 18 10 2 13 6 1 15 12 11 14 17 5 3 4 16 7 8 
15 31 48 7 27 49 12 37 3 32 1 34 8 43 21 59 44 28 17 6 57 54 53 56 5 16 26 42 10 35 9 41 25 19 14 20 30 47 22 55 50 52 18 46 40 2 38 45 29 51 4 13 36 58 33 11 24 23 39 
7 15 24 34 45 5 20 36 52 19 40 10 33 8 37 14 47 29 16 2 46 41 38 39 44 1 13 28 3 27 12 51 49 4 18 32 22 17 25 48 42 9 50 26 35 11 43 30 21 31 6 23 
2 4 3 1 5 
3 1 5 2 4 
1 4 9 16 25 36 10 27 5 29 14 42 35 32 33 39 8 22 3 30 23 24 37 13 41 40 12 34 38 18 19 7 21 2 20 26 28 17 31 6 11 15 
4 9 15 22 1 12 24 8 25 14 5 28 26 27 3 13 23 18 17 21 11 16 6 19 2 7 29 10 20 
31 62 18 50 7 40 73 32 66 25 60 21 57 19 56 20 59 24 65 30 72 39 6 49 17 68 38 10 58 35 9 63 42 16 1 54 43 27 12 2 69 55 51 47 46 48 53 67 75 11 26 41 74 23 61 22 71 37 29 15 28 36 70 33 8 13 45 34 64 3 4 44 52 5 14 
4 1 3 7 6 2 8 5 
20 40 11 32 4 26 48 22 45 19 44 21 47 25 3 31 10 39 23 6 37 24 9 46 35 28 16 13 8 7 12 15 27 34 43 17 41 29 5 2 18 38 33 42 36 30 1 49 14 
33 31 30 32 35 3 7 12 18 25 4 15 27 11 28 17 8 1 29 34 6 16 26 21 20 24 14 19 9 22 5 10 2 13 23 
13 2 12 3 1 11 8 7 15 9 4 14 5 10 6 
9 18 27 36 45 54 63 72 8 19 29 39 49 59 69 6 17 30 41 52 64 2 14 26 40 53 66 5 21 34 48 62 4 22 37 55 70 13 32 50 68 15 35 57 3 25 47 73 24 51 7 33 61 20 56 12 46 16 60 31 1 58 42 28 23 38 44 71 65 67 43 10 11 
6 12 18 24 30 36 42 48 54 60 66 72 78 84 90 2 9 16 23 31 38 45 52 59 67 74 81 88 1 10 19 27 35 44 53 62 70 79 87 3 13 22 33 43 55 64 75 85 94 14 26 39 50 63 76 89 7 21 37 51 68 82 4 20 40 57 73 92 17 41 61 83 11 34 65 91 28 56 86 29 69 8 49 5 58 25 80 71 47 77 15 93 46 32 
14 4 19 10 2 20 13 8 5 1 24 3 7 12 18 9 22 21 6 17 11 16 15 23 
26 52 78 17 44 71 11 39 67 8 37 66 9 40 70 14 46 77 22 55 87 33 68 16 51 86 35 74 24 61 13 54 5 48 2 45 1 47 4 53 12 60 23 73 34 85 58 27 81 56 28 84 64 41 21 6 76 63 50 42 36 32 38 49 62 75 3 20 59 7 43 15 79 65 57 72 10 31 29 69 19 30 80 83 25 18 82 
16 32 17 2 20 6 25 12 1 23 13 5 29 24 19 15 14 18 22 28 4 11 3 27 26 31 10 21 9 30 8 7 
1 
72 63 55 48 42 37 33 30 28 27 29 32 36 41 47 54 62 71 81 10 21 43 60 78 14 39 66 7 35 69 16 56 8 51 9 58 19 75 46 18 1 67 52 40 31 26 38 50 65 80 17 59 6 61 22 4 77 76 3 20 57 15 2 79 13 53 34 45 5 74 44 64 49 25 70 68 11 73 24 23 12 
4 12 6 5 11 3 8 18 2 1 17 16 9 13 10 7 15 14 19 
17 34 6 24 42 15 35 9 29 4 26 2 25 3 28 8 33 14 41 23 11 40 30 18 7 44 38 36 32 37 43 5 16 27 12 39 22 31 10 45 13 19 21 1 20 
20 4 25 10 32 18 6 30 19 9 36 28 22 15 12 8 7 11 14 21 27 35 16 33 23 5 3 17 31 26 34 29 24 2 1 13 
5 10 15 20 25 30 35 40 4 11 17 23 29 36 1 8 16 24 32 39 7 18 27 37 6 19 31 2 14 33 9 26 3 28 13 41 38 12 22 34 21 
1 3 6 10 15 21 28 36 45 55 11 25 40 56 18 38 59 27 51 23 52 30 5 43 26 12 57 48 44 42 47 54 9 24 46 17 50 33 22 20 32 49 16 4 2 14 41 39 13 8 37 19 35 34 31 29 7 58 53 
2 9 11 8 5 3 6 10 1 7 4 12 
32 22 13 5 40 34 28 24 20 18 17 19 23 27 33 39 4 12 30 2 16 42 25 8 41 36 35 38 7 21 9 3 10 29 26 6 14 31 15 1 37 11 
21 20 24 6 15 7 2 3 10 22 18 4 17 1 19 12 5 16 9 23 8 14 11 13 
11 6 3 2 5 10 17 14 15 7 4 13 8 1 9 16 12 
26 18 13 11 14 20 29 4 23 7 35 32 34 6 22 9 3 10 25 16 19 36 33 17 24 15 5 1 8 2 21 30 12 28 27 31 
72 56 41 27 14 2 79 68 59 50 43 36 31 26 23 21 20 22 25 30 35 42 49 58 67 78 1 13 37 55 75 6 33 62 86 29 65 8 51 87 46 88 53 11 71 40 10 80 63 47 34 24 19 32 45 61 77 9 54 85 57 15 83 74 73 82 12 52 7 81 76 5 48 28 39 84 70 38 60 44 18 66 64 3 69 17 16 4 
2 4 1 5 3 
6 12 18 24 30 3 10 17 25 32 7 15 23 33 9 20 29 8 21 1 14 28 13 31 19 5 2 27 4 16 11 26 22 
5 1 4 2 3 
20 40 60 80 6 27 48 69 90 17 39 62 84 12 35 58 82 11 36 61 86 16 43 68 94 26 53 79 14 44 72 5 34 66 2 32 65 3 37 71 9 46 78 22 56 93 41 77 24 64 13 54 4 50 92 49 1 52 10 63 23 76 38 7 70 31 8 75 51 29 18 88 83 74 73 81 87 15 28 47 89 42 19 67 59 91 33 25 45 30 21 57 55 85 
12 6 8 7 5 10 9 1 11 4 3 2 
1 3 6 10 15 21 28 36 45 12 25 39 9 29 47 24 2 31 14 43 34 26 20 19 23 33 42 13 38 18 8 7 17 37 22 16 35 27 40 32 11 5 44 41 30 4 46 
1 
22 44 66 5 28 51 74 14 38 62 3 29 54 79 21 48 75 18 46 73 19 49 78 25 56 2 34 65 13 47 82 33 68 20 58 10 50 6 42 1 41 4 45 9 57 17 67 32 81 55 26 77 59 31 11 71 60 39 30 23 15 12 16 27 37 53 70 8 61 7 69 52 43 64 83 72 76 36 63 24 35 80 40 
25 2 6 12 20 8 22 16 14 17 24 11 7 10 23 21 9 15 18 1 19 4 13 5 3 
41 17 59 36 14 58 38 19 65 47 29 12 63 49 34 23 10 2 56 50 43 37 32 30 28 31 35 42 48 55 1 9 22 45 64 18 51 8 44 13 57 27 16 6 4 5 15 26 54 24 3 61 7 33 11 20 46 52 39 21 25 40 60 62 53 
21 42 12 34 5 28 51 24 48 22 47 23 50 27 4 33 11 41 20 6 38 19 8 44 32 18 13 3 49 45 43 46 2 10 17 31 1 26 7 36 30 35 40 25 16 39 9 14 37 15 29 
17 16 21 8 2 1 7 20 4 14 19 18 13 12 5 9 6 3 11 10 15 
51 14 66 30 83 48 15 70 37 5 62 32 2 61 34 7 69 43 19 82 59 39 18 86 68 50 33 20 4 79 71 57 49 42 36 29 27 26 28 35 41 47 56 67 78 3 17 45 72 1 25 65 10 54 6 55 12 75 44 16 87 80 76 77 85 13 40 74 31 8 73 64 88 24 84 63 11 53 58 23 52 81 22 38 9 60 21 46 
11 23 36 50 15 32 51 20 42 14 40 17 46 27 8 45 33 24 16 10 9 13 22 31 44 7 37 12 48 38 34 39 1 21 2 43 49 19 4 6 35 47 30 26 18 28 41 5 29 25 3 
87 1 3 6 10 15 21 28 36 45 55 66 78 8 25 42 60 79 17 40 64 4 34 63 11 46 77 32 71 29 72 35 82 50 18 73 49 24 2 70 58 51 43 39 41 48 57 69 86 23 56 5 44 7 61 30 14 85 84 13 27 59 12 65 38 33 52 75 31 19 22 67 47 62 20 53 26 81 68 37 76 9 54 83 80 16 74 
7 14 21 28 35 42 49 56 63 70 77 84 1 9 17 25 33 41 50 58 66 74 82 90 10 19 29 38 47 57 67 76 86 5 16 27 39 51 61 72 83 4 18 31 44 55 69 81 6 22 36 52 65 80 8 24 43 60 78 3 26 46 68 88 20 45 71 2 32 59 87 30 62 11 40 79 34 75 37 89 54 23 13 12 15 53 85 48 64 73 
11 6 9 1 4 3 5 8 7 2 10 
78 75 73 72 74 77 81 4 9 15 22 30 39 49 60 76 13 29 46 64 10 33 55 5 34 61 18 50 8 45 11 52 21 66 40 17 69 53 37 26 19 12 7 16 25 36 51 68 24 56 14 59 38 20 1 80 6 35 58 28 70 63 67 27 57 47 62 32 31 54 65 43 3 71 79 48 41 44 42 23 2 
28 56 84 25 54 83 26 57 87 31 62 6 38 70 15 48 81 30 65 12 47 85 35 72 21 61 13 52 7 46 3 44 2 45 5 51 11 60 20 71 34 82 53 19 75 42 17 76 50 27 4 69 55 36 22 9 80 77 73 68 74 79 8 18 33 49 78 29 63 24 67 43 39 37 41 66 23 10 14 58 40 1 59 32 64 16 86 
1 2 
17 1 23 12 5 35 34 4 11 22 3 25 16 14 19 29 13 7 9 26 18 24 8 20 10 32 27 15 30 2 21 33 31 6 28 
22 44 66 88 14 37 60 83 10 34 58 82 11 36 62 87 17 43 70 96 27 54 81 15 45 73 5 35 67 1 31 64 95 32 68 4 40 75 13 50 86 26 65 8 49 90 33 77 23 69 18 59 12 57 16 63 21 76 30 89 48 7 74 41 3 78 47 24 93 79 55 46 38 28 25 29 42 53 72 92 20 80 19 91 71 61 85 9 94 2 52 84 39 51 6 56 
10 21 33 8 24 2 20 3 26 12 37 29 22 17 16 19 28 36 11 32 15 7 6 14 31 18 13 30 23 34 27 9 5 38 35 25 4 1 
22 45 18 44 21 51 31 12 48 34 23 11 5 1 49 50 4 10 20 33 47 24 42 27 9 46 40 41 6 17 37 25 14 15 29 3 39 7 32 35 16 28 30 36 2 8 26 38 43 13 19 
12 25 39 54 16 34 53 20 43 11 38 10 42 19 52 33 18 4 48 40 32 30 31 37 47 3 17 41 8 44 22 7 2 5 14 28 1 45 35 49 15 55 9 29 36 23 46 6 26 27 51 24 50 13 21 
8 17 11 6 4 5 10 16 13 14 3 7 2 9 12 15 1 
29 3 35 12 47 27 10 51 38 25 17 9 5 2 4 8 16 24 37 50 18 40 11 42 22 1 49 45 46 54 15 33 7 43 34 36 52 21 56 55 20 48 53 28 30 14 32 6 31 39 41 26 44 13 19 23 
12 9 13 2 18 4 17 5 3 16 11 10 1 14 6 19 7 15 8 
25 51 28 6 37 18 2 39 26 15 8 1 48 47 50 7 14 24 38 9 30 4 34 20 11 3 5 16 29 44 31 19 17 27 43 35 36 49 42 12 46 32 45 22 13 40 41 33 10 23 21 
