25 50 75 100 26 52 78 4 31 58 85 12 40 68 96 24 55 84 14 44 74 6 37 69 1 34 66 99 35 70 5 41 77 13 49 88 23 63 3 45 86 27 67 11 56 97 46 91 38 87 33 83 36 90 43 95 54 10 65 22 89 53 17 80 51 19 93 64 42 20 7 82 73 62 60 59 61 72 81 2 18 39 92 28 79 32 16 9 15 30 76 48 57 8 21 98 29 47 71 94 
59 37 16 77 57 39 21 4 69 53 40 26 13 2 73 64 55 48 43 36 33 31 30 32 35 42 47 54 63 72 1 12 25 50 70 8 28 62 7 41 76 24 74 29 81 52 19 3 66 51 44 34 38 49 65 80 18 67 17 79 61 58 68 6 23 10 5 14 56 45 75 60 15 27 78 46 20 9 22 71 11 
2 5 9 14 20 7 17 8 22 18 16 21 6 19 15 4 3 13 12 11 10 1 
80 74 69 65 62 60 59 61 64 68 73 79 86 7 15 24 34 45 57 82 12 29 47 75 13 36 63 10 39 77 25 56 19 54 21 70 32 3 51 30 8 76 50 41 33 27 26 31 40 49 72 6 37 78 22 83 44 18 9 4 11 23 52 2 55 42 38 53 1 66 58 85 48 71 28 46 43 20 17 81 5 84 67 16 14 35 
30 3 36 12 48 27 9 51 37 23 14 5 57 54 53 56 4 13 22 35 50 18 41 15 44 26 10 58 49 52 6 20 38 11 43 33 32 42 8 40 31 45 17 2 21 1 24 19 55 39 34 16 46 25 7 28 47 29 
25 50 75 10 36 62 88 24 52 79 16 44 72 11 40 69 8 39 70 12 43 76 18 51 84 28 61 5 42 80 26 63 9 49 89 37 81 31 73 27 68 23 71 30 78 35 87 48 7 60 29 86 55 20 85 57 33 6 77 58 45 22 15 4 2 1 3 14 21 41 56 74 32 64 19 67 54 47 53 66 17 83 90 46 59 38 65 82 13 34 
68 55 43 32 22 13 5 79 73 67 63 60 58 57 59 62 66 72 78 4 12 21 31 42 54 80 16 34 51 2 26 49 7 36 74 28 70 30 81 44 18 75 47 33 19 10 6 3 9 17 29 46 71 27 64 38 14 76 65 77 20 41 11 56 53 8 40 35 45 23 25 1 48 69 50 61 37 24 52 39 15 
13 26 39 14 28 3 18 33 9 25 4 21 38 19 37 20 2 24 8 32 17 7 35 29 22 15 12 16 27 34 6 31 23 30 5 10 11 36 1 
44 23 3 49 30 12 60 43 28 14 65 53 40 31 20 11 5 63 58 55 52 51 54 57 62 4 10 19 29 39 59 15 33 50 18 42 16 46 25 6 47 36 32 27 35 45 2 24 1 41 37 48 8 38 34 7 61 17 22 56 21 13 64 26 9 
78 73 69 66 64 63 65 68 72 77 83 6 13 21 30 40 51 67 4 20 37 55 1 24 46 79 25 52 9 41 82 36 2 43 12 57 31 8 60 44 28 17 10 3 81 7 16 27 42 59 15 47 5 50 29 11 74 71 80 26 49 19 61 54 58 18 48 38 53 23 22 45 56 34 76 62 70 39 32 35 33 14 75 
5 3 10 13 2 7 4 12 8 1 9 11 6 
19 12 6 1 23 20 17 16 18 22 26 5 11 25 10 4 2 3 9 24 7 15 13 14 21 8 
42 37 34 33 36 41 48 8 18 30 3 21 46 23 7 40 28 24 22 27 39 6 25 9 44 35 43 5 20 13 12 19 4 2 17 15 38 47 45 32 10 31 29 26 11 1 16 14 
16 4 25 19 15 17 22 30 11 1 24 23 29 10 5 6 14 9 20 13 2 12 27 21 7 8 3 18 28 26 
22 15 11 10 14 21 31 16 3 28 27 2 13 4 30 7 24 23 6 5 20 1 12 25 19 18 9 8 29 26 17 
15 31 1 20 40 14 38 17 44 26 9 43 32 23 16 11 10 13 22 30 42 8 35 12 46 36 33 37 2 21 3 41 47 19 5 7 34 45 29 25 18 27 39 6 28 24 4 
8 6 9 2 1 7 11 3 12 5 4 10 
89 88 90 2 5 9 14 20 27 35 44 54 65 77 4 22 39 57 75 11 34 59 83 26 55 85 33 68 18 58 12 53 15 63 28 78 47 19 79 56 38 21 3 81 73 71 72 80 1 17 37 52 86 36 69 32 84 51 41 25 23 29 43 62 8 60 31 13 16 45 70 48 42 61 7 87 40 10 50 64 46 24 30 76 67 49 66 82 6 74 
7 16 27 9 25 13 3 30 28 31 5 17 1 22 20 24 8 29 32 12 10 19 21 15 11 14 4 6 26 18 23 2 
5 11 18 26 6 17 30 15 2 22 13 8 4 7 12 21 1 24 20 25 9 29 14 10 28 27 19 3 16 23 
7 14 21 5 13 22 8 17 3 15 2 16 6 20 12 10 9 11 19 4 18 23 1 
33 2 38 10 49 24 1 46 27 11 60 48 37 29 22 19 18 21 28 36 47 59 9 34 57 17 54 25 65 50 35 23 16 26 40 53 6 43 12 63 58 62 8 42 14 5 15 45 31 39 64 61 32 44 30 7 3 13 4 41 55 20 52 51 56 
7 15 5 17 11 8 6 10 16 4 2 9 19 3 12 14 1 18 13 
85 70 56 43 31 20 10 1 93 86 79 74 69 66 64 63 65 68 73 78 84 92 100 9 19 30 42 55 80 99 18 38 59 94 21 46 82 15 48 91 29 72 22 61 17 71 28 90 47 14 88 52 34 12 2 87 76 67 75 83 98 11 33 51 3 36 89 39 7 62 50 44 45 57 97 26 81 40 27 32 53 6 60 58 5 49 54 16 23 96 25 77 24 35 37 13 41 95 4 8 
1 3 6 10 15 21 28 9 20 4 19 8 27 23 18 22 26 7 24 14 16 30 25 5 11 12 29 2 13 17 
17 35 54 8 30 53 12 39 66 29 61 27 63 34 6 47 23 3 50 36 20 10 1 60 58 59 65 9 19 33 49 13 40 5 43 22 4 56 52 57 11 26 48 28 15 7 18 38 14 62 16 42 37 51 45 24 32 44 64 46 31 2 41 21 25 55 
34 24 15 7 44 38 32 28 25 22 21 23 27 31 37 43 6 14 30 2 16 40 13 1 29 17 10 9 12 26 42 20 11 18 36 19 35 8 3 39 4 5 41 33 
49 7 57 16 67 27 79 40 2 56 20 75 39 5 63 30 88 58 26 87 60 32 4 70 44 19 86 66 45 24 8 80 64 48 35 22 12 1 84 78 74 72 71 73 77 83 91 11 21 34 47 62 3 28 51 85 31 61 18 59 29 82 50 33 13 90 81 89 10 25 46 6 43 23 14 15 38 65 52 53 76 68 36 37 17 41 69 9 42 54 55 
6 13 5 16 12 11 15 4 1 2 9 14 7 8 3 10 
1 3 6 10 15 8 2 14 16 7 4 9 11 13 5 12 
6 14 24 3 19 4 26 17 12 11 16 25 2 23 15 13 22 1 30 32 18 10 31 5 33 29 8 7 20 9 28 27 21 
14 28 9 24 6 22 5 23 8 27 13 33 20 11 1 26 18 15 10 7 12 17 25 32 19 3 2 16 31 21 30 29 4 
65 57 50 44 39 35 32 30 29 31 34 38 43 49 56 64 73 9 19 36 54 71 14 37 62 11 41 70 23 63 21 67 27 5 53 25 10 72 59 51 47 48 58 69 8 24 61 17 68 40 20 16 22 45 3 42 18 26 55 13 12 52 33 2 6 7 28 4 1 15 60 66 46 
9 11 6 12 1 3 8 13 7 2 5 4 10 
39 30 23 18 15 14 17 22 29 38 49 12 34 4 31 7 42 27 19 11 13 24 36 1 28 6 47 46 5 26 3 45 8 33 21 37 20 40 35 16 2 48 32 9 41 25 43 10 44 
12 25 39 54 9 28 47 6 30 53 18 45 14 44 17 52 29 5 49 33 19 4 59 55 50 51 58 3 16 32 48 20 42 23 2 46 40 41 60 13 36 21 8 10 26 57 38 61 31 34 11 24 27 35 56 1 22 37 43 7 15 
5 7 2 6 8 4 1 3 
22 18 16 17 21 27 7 19 6 26 23 24 3 12 8 9 15 13 1 2 25 4 14 20 5 10 11 
17 34 15 33 16 36 20 4 25 10 32 22 9 1 27 19 12 7 5 3 6 11 18 26 35 23 8 31 2 21 13 24 28 30 14 29 
11 22 33 44 55 66 77 88 6 18 30 42 54 67 79 91 10 24 37 50 63 76 90 12 26 40 56 70 84 5 21 38 53 71 86 9 28 46 62 81 4 25 45 64 83 13 32 52 74 2 27 49 73 3 31 58 82 16 43 72 8 39 69 14 47 80 20 60 1 48 89 36 87 41 93 59 19 78 57 29 15 92 85 7 23 51 75 65 68 35 17 34 61 
79 78 80 2 5 9 14 20 27 35 44 54 65 77 17 33 50 68 12 36 58 6 34 62 18 49 7 45 4 48 16 61 32 8 63 42 26 13 75 71 69 70 74 11 25 41 60 22 52 21 59 40 29 23 24 37 53 1 51 31 28 39 64 38 19 47 3 10 57 67 56 43 15 46 55 76 72 73 30 66 
27 54 81 25 53 82 28 57 3 33 63 10 41 72 20 52 4 37 70 21 58 9 45 80 36 74 30 68 24 66 23 67 29 73 35 79 44 8 56 19 76 46 14 69 43 16 78 55 38 15 2 65 59 48 40 34 32 39 47 51 64 1 13 49 83 26 5 60 22 17 18 50 77 61 42 75 62 7 12 6 71 11 31 
14 28 42 56 70 84 9 24 39 54 69 85 11 27 44 60 76 3 20 37 55 73 1 19 38 58 77 6 26 47 66 87 18 41 63 83 17 43 65 89 25 50 75 12 36 67 5 33 62 4 34 68 10 46 79 23 59 8 49 86 40 81 35 82 48 7 57 22 78 52 29 2 72 61 51 45 53 71 88 21 74 31 30 64 16 80 15 13 32 
50 38 27 17 8 62 55 48 43 39 35 33 32 34 37 42 47 54 61 7 16 26 46 2 18 40 3 23 57 21 59 29 11 56 41 25 20 19 24 36 53 10 45 13 4 60 5 15 52 44 51 14 12 49 1 6 22 9 30 58 31 28 
8 16 24 32 40 48 56 64 5 14 23 33 42 51 60 2 12 22 34 44 54 65 9 20 31 45 57 1 15 28 41 55 3 18 35 49 63 13 30 50 67 21 39 61 17 38 62 25 47 7 37 4 36 6 46 19 59 52 29 27 43 58 11 10 53 26 66 
27 54 81 23 51 79 22 52 82 26 57 2 33 64 10 42 74 21 58 6 40 75 28 63 14 50 5 44 84 38 78 36 77 37 83 43 4 49 13 62 25 73 46 15 68 39 12 70 48 24 7 69 56 35 29 17 9 3 1 8 16 20 34 55 67 18 53 80 59 30 76 71 72 19 47 31 11 45 32 61 66 60 41 65 85 
3 2 8 7 5 1 4 6 
1 7 18 17 6 3 10 9 2 13 5 4 15 14 16 12 11 8 19 
8 17 27 38 50 10 25 42 5 26 47 16 41 14 44 21 54 35 20 6 51 43 37 36 40 49 4 19 34 11 39 23 12 7 13 28 48 29 18 24 46 31 33 9 22 3 53 45 1 15 32 2 52 30 
1 3 6 10 15 21 28 36 45 55 66 78 2 20 38 56 74 7 31 54 80 19 49 79 25 60 5 46 85 41 84 44 4 59 24 77 52 27 89 70 57 40 32 23 18 22 30 39 53 69 88 34 67 13 64 26 82 63 48 42 43 58 73 11 62 16 87 83 8 35 76 65 68 90 61 71 14 12 51 81 86 9 33 29 37 47 75 17 50 72 
22 12 3 27 19 13 7 2 31 29 28 30 1 6 11 18 26 14 25 17 10 9 16 24 20 21 5 15 32 4 23 8 
9 18 27 36 45 54 1 11 21 31 41 51 61 10 22 33 44 56 5 17 30 43 57 7 23 37 50 3 19 35 52 6 25 42 60 16 39 59 20 46 4 29 55 24 49 15 53 28 2 40 26 12 62 58 8 14 38 32 34 13 47 48 
18 6 27 19 12 8 5 7 11 17 26 9 25 16 13 14 22 1 28 29 4 2 20 21 15 23 3 10 24 30 31 
2 5 9 14 20 27 35 44 54 10 24 39 55 17 37 58 26 50 22 51 29 4 42 25 11 56 47 43 41 46 53 8 23 45 16 49 32 21 19 31 48 15 3 1 13 40 38 12 7 36 18 34 33 30 28 6 57 52 
13 7 5 9 17 8 4 12 1 2 16 19 15 10 3 11 14 22 20 21 6 18 
15 31 48 10 30 52 19 43 13 41 16 47 25 4 42 27 12 2 51 45 40 44 50 1 11 26 46 17 38 22 6 54 49 55 8 28 3 35 33 37 14 53 56 21 18 32 34 24 20 23 7 9 39 29 36 5 
3 1 2 4 
86 1 3 6 10 15 21 28 36 45 55 66 78 9 26 43 61 80 19 42 67 8 38 68 16 50 83 39 76 35 79 46 7 59 30 85 62 41 23 5 75 70 64 63 69 74 4 22 40 60 17 51 13 56 32 14 82 77 84 20 37 71 34 18 2 12 33 65 52 53 81 54 58 31 47 27 72 29 11 25 48 49 73 44 24 57 
34 22 12 4 45 41 39 40 44 3 11 21 33 7 26 5 30 17 8 47 46 6 16 29 10 36 28 31 42 19 9 13 24 15 23 2 25 27 20 32 43 18 35 37 14 38 1 
15 9 6 7 12 20 10 3 4 14 2 5 18 19 13 23 17 21 22 1 8 11 16 
4 9 15 22 30 39 49 60 72 85 17 34 52 70 6 29 54 78 21 50 80 28 63 13 53 7 48 10 58 23 73 42 14 74 51 33 16 84 76 68 66 67 75 83 12 32 47 81 31 64 27 79 46 36 20 18 24 38 57 3 55 26 8 11 40 65 43 37 56 2 82 35 5 45 59 41 19 25 71 62 44 61 77 1 69 
34 22 11 1 38 29 21 15 9 5 2 45 44 46 4 8 14 20 28 37 7 24 39 17 36 23 6 40 32 31 35 3 19 43 33 41 13 42 12 30 25 16 26 27 18 10 
6 12 18 24 30 7 14 21 28 5 15 23 2 11 22 3 16 27 10 26 13 1 20 17 9 19 29 25 8 4 
30 61 31 2 38 12 51 28 9 54 39 23 13 3 58 53 50 52 57 1 11 22 37 59 19 44 16 47 27 10 62 49 48 60 8 26 46 25 7 63 4 17 35 18 6 20 40 32 36 15 24 56 33 42 55 34 43 14 41 45 29 5 21 
7 15 24 34 45 57 10 26 42 60 19 40 2 28 53 21 51 23 58 35 12 54 38 25 13 5 1 61 4 11 22 37 52 20 48 30 8 55 49 56 14 33 6 46 44 3 32 27 36 16 18 59 39 50 41 47 29 17 43 31 9 
31 15 1 37 26 18 11 7 5 6 10 17 25 36 48 22 42 21 47 35 28 23 24 32 43 13 41 30 27 34 2 33 20 40 14 16 46 4 45 38 19 39 44 12 8 9 29 3 
42 84 38 81 36 80 37 83 41 88 47 6 54 14 63 24 74 39 4 57 21 75 45 12 68 35 10 69 44 17 78 56 30 11 77 60 43 25 9 86 71 62 53 49 40 33 32 34 48 52 61 70 85 8 23 55 79 18 58 3 46 5 64 22 2 73 66 65 72 1 20 59 26 13 7 19 51 29 50 16 28 27 15 67 82 76 31 87 
32 64 10 43 76 23 57 5 40 75 25 61 12 49 86 38 78 30 70 24 66 20 63 19 65 22 69 29 77 37 85 48 11 60 31 83 51 17 79 47 18 82 55 35 9 80 58 44 28 14 4 84 73 71 68 72 81 3 13 27 42 56 7 39 67 34 1 50 33 16 15 26 46 74 52 41 53 6 2 45 59 8 62 36 21 54 
8 9 3 1 4 5 7 2 6 
37 74 15 53 91 33 72 16 56 96 41 82 27 69 17 60 7 51 1 46 92 43 89 42 90 45 95 50 6 59 14 68 26 81 40 5 64 25 85 54 20 80 52 22 87 63 34 11 83 65 39 24 9 88 76 67 58 49 47 44 48 57 66 75 86 8 23 38 79 18 61 4 55 13 78 36 30 28 29 35 77 12 84 70 71 2 62 73 19 31 32 94 3 10 21 93 
34 30 28 29 33 39 7 16 27 8 24 11 38 26 22 23 35 5 19 9 2 3 13 32 21 36 15 17 4 12 14 18 31 37 10 20 25 1 6 
90 82 75 69 64 60 57 55 54 56 59 63 68 74 81 89 98 9 19 30 42 61 83 3 21 39 67 95 22 46 85 16 47 92 28 72 15 58 12 62 18 77 33 1 53 31 6 80 50 37 26 17 11 10 14 25 36 49 79 5 41 87 34 91 48 24 2 93 88 97 23 45 94 51 29 13 27 44 86 70 66 84 43 40 78 73 20 35 32 8 52 7 4 96 65 38 76 71 
29 2 32 6 37 12 44 20 53 31 10 46 25 7 45 27 13 52 39 24 15 3 50 42 36 33 28 26 30 35 41 49 1 14 23 54 17 48 19 5 51 43 47 4 18 56 40 8 22 34 16 9 11 38 55 21 
15 31 48 66 3 24 46 70 12 39 67 14 45 78 30 65 22 61 21 64 29 77 44 13 71 43 20 1 63 52 38 32 25 19 23 28 37 51 62 82 26 56 5 49 6 58 34 8 79 74 75 2 17 50 81 53 27 10 11 36 60 35 9 18 55 33 40 68 57 80 4 72 47 16 41 76 7 54 59 69 73 42 
9 19 30 42 55 1 17 35 53 5 27 50 7 34 62 24 57 22 59 29 68 44 20 67 49 37 23 13 8 4 6 12 21 36 48 66 32 60 33 3 54 45 41 46 58 14 43 18 10 11 28 61 47 52 16 2 38 31 65 40 15 64 56 25 26 51 63 39 
1 2 3 
5 10 15 20 4 11 17 2 9 18 6 14 3 16 8 1 21 7 13 19 12 
3 1 2 
5 10 15 20 25 30 35 40 45 50 55 3 9 16 22 28 34 41 47 53 2 11 18 26 33 42 49 57 8 19 29 38 48 1 13 24 37 51 6 21 36 52 12 31 46 14 39 4 32 7 44 27 23 43 56 17 54 
68 41 15 85 60 36 13 87 65 45 25 6 83 67 51 35 22 9 93 81 73 63 56 50 46 42 39 38 40 44 49 55 62 72 80 92 8 21 34 64 86 11 31 70 2 29 75 14 57 4 53 7 66 23 89 58 27 10 90 78 74 71 77 88 5 26 54 3 47 17 82 59 48 61 91 20 79 37 33 76 19 12 24 94 1 69 28 52 30 43 16 95 32 18 84 
