114
243
2715
243
2715
3065
2715
243
2715
243
3065
2715
2715
2715
2715
114
2715
2715
243
2715
243
3065
243
2715
3065
3065
2715
2715
3065
2715
243
2715
2715
243
3065
2715
3065
5645
2715
3065
243
3065
114
2715
3065
243
5645
114
2715
3065
243
5645
243
3065
2715
8490
2715
2715
2715
243
243
3065
2715
3065
3065
243
2715
3065
3065
243
243
243
3065
3065
243
243
2715
243
243
243
3065
243
243
243
3065
243
3065
2715
3065
2715
2715
114
2715
243
114
3065
3065
243
2715
243
