92
92
156
156
156
92
702
23
23
23
23
92
23
23
23
92
156
702
156
92
23
23
261
1656
23
92
23
23
23
23
92
23
92
261
92
92
92
156
92
553
23
1656
92
92
261
23
23
156
23
702
156
92
23
23
92
23
2166
23
156
702
92
156
23
23
702
23
156
2166
92
2166
92
92
23
2166
156
261
2166
261
156
23
23
92
702
156
92
156
156
23
23
2166
23
23
23
23
92
156
4281
2166
156
156
92
702
2166
1656
702
92
702
92
23
23
23
1656
156
92
2166
156
702
261
261
92
92
156
156
702
156
23
702
156
3482
92
23
23
92
156
156
92
702
92
156
702
702
23
92
702
1656
3680
92
23
23
23
702
23
23
92
92
23
23
23
92
92
23
23
2166
156
23
156
23
23
2166
156
92
2166
23
2166
92
702
92
23
156
261
92
156
156
702
156
92
23
156
92
23
2166
702
23
156
23
2166
156
2166
23
156
