Added
BloombergTower in LexingtonAvenue
BloombergTower in LexingtonAvenue
Added
CentralParkPlace in CentralPark
BloombergTower in LexingtonAvenue
Duplicated
CentralParkPlace in CentralPark
BloombergTower in LexingtonAvenue
Added
EiffelTower in France
BloombergTower in LexingtonAvenue
Added
EiffelTower in France
BloombergTower in LexingtonAvenue
Added
EiffelTower in France
BloombergTower in LexingtonAvenue
Duplicated
EiffelTower in France
BloombergTower in LexingtonAvenue
Added
EiffelTower in France
BloombergTower in LexingtonAvenue
Added
EiffelTower in France
BloombergTower in LexingtonAvenue
Duplicated
EiffelTower in France
BloombergTower in LexingtonAvenue
Added
EiffelTower in France
BloombergTower in LexingtonAvenue
Duplicated
EiffelTower in France
BloombergTower in LexingtonAvenue
Duplicated
EiffelTower in France
BloombergTower in LexingtonAvenue
Added
EiffelTower in France
SpruceStreetBuilding in SpruceStreet
Duplicated
EiffelTower in France
SpruceStreetBuilding in SpruceStreet
Added
EiffelTower in France
SpruceStreetBuilding in SpruceStreet
Added
EiffelTower in France
SpruceStreetBuilding in SpruceStreet
Duplicated
EiffelTower in France
SpruceStreetBuilding in SpruceStreet
Duplicated
EiffelTower in France
SpruceStreetBuilding in SpruceStreet
Duplicated
EiffelTower in France
SpruceStreetBuilding in SpruceStreet
Added
EiffelTower in France
SpruceStreetBuilding in SpruceStreet
Duplicated
EiffelTower in France
SpruceStreetBuilding in SpruceStreet
Duplicated
EiffelTower in France
SpruceStreetBuilding in SpruceStreet
Duplicated
EiffelTower in France
SpruceStreetBuilding in SpruceStreet
Added
EiffelTower in France
SpruceStreetBuilding in SpruceStreet
Duplicated
EiffelTower in France
SpruceStreetBuilding in SpruceStreet
Added
EiffelTower in France
SpruceStreetBuilding in SpruceStreet
Duplicated
EiffelTower in France
SpruceStreetBuilding in SpruceStreet
Added
EiffelTower in France
SpruceStreetBuilding in SpruceStreet
Duplicated
EiffelTower in France
SpruceStreetBuilding in SpruceStreet
Duplicated
Added
Duplicated
Duplicated
Duplicated
CentralParkPlace, AXACenter, ManhattanPlaza, CarnegieHallTower, MetropolitanTower, TimesSquareTower, WorldWidePlaza, WorldTradeCenter, LibertyPlaza, PetronasTowers, ExchangePlace, WallStreetBuilding
ManhattanPlaza, WorldWidePlaza, LibertyPlaza
PetronasTowers
CentralParkPlace, ExchangePlace

