Added
LibertyPlaza in Broadway
LibertyPlaza in Broadway
LibertyPlaza
Added
LibertyPlaza in Broadway
WorldWidePlaza in EightAvenue
LibertyPlaza, WorldWidePlaza
Added
LibertyPlaza in Broadway
TimesSquareTower in TimesSquare
TimesSquareTower
Added
ExchangePlace in ExchangePlace
TimesSquareTower in TimesSquare
LibertyPlaza, WorldWidePlaza, TimesSquareTower, ExchangePlace
Added
EiffelTower in France
TimesSquareTower in TimesSquare
TimesSquareTower, EiffelTower
Added
EiffelTower in France
TimesSquareTower in TimesSquare
AXACenter
Added
EiffelTower in France
BloombergTower in LexingtonAvenue
BloombergTower
